10 2 200
0 0 0 37979 13740
0 0 1 42066 13740
0 1 0 37871 27485
0 1 1 41953 27485
0 2 0 39275 41219
0 2 1 40146 41219
0 3 0 37836 54983
0 3 1 49046 54983
0 4 0 37421 68734
0 4 1 45658 68734
0 5 0 42412 82474
0 5 1 36613 82474
0 6 0 41641 96219
0 6 1 36404 96219
0 7 0 42874 109953
0 7 1 36198 109953
0 8 0 45980 123717
0 8 1 35820 123717
0 9 0 43805 137468
0 9 1 36888 137468
1 0 0 38151 13740
1 0 1 44606 13740
1 1 0 39359 27485
1 1 1 46148 27485
1 2 0 38076 41219
1 2 1 44001 41219
1 3 0 38984 54983
1 3 1 46139 54983
1 4 0 38237 68734
1 4 1 47269 68734
1 5 0 40692 82474
1 5 1 37369 82474
1 6 0 43294 96219
1 6 1 37463 96219
1 7 0 44970 109953
1 7 1 37690 109953
1 8 0 40551 123717
1 8 1 36982 123717
1 9 0 40983 137468
1 9 1 36958 137468
2 0 0 37764 13740
2 0 1 39992 13740
2 1 0 38567 27485
2 1 1 40193 27485
2 2 0 37486 41219
2 2 1 40571 41219
2 3 0 37615 54983
2 3 1 40762 54983
2 4 0 38128 68734
2 4 1 42743 68734
2 5 0 42712 82474
2 5 1 38585 82474
2 6 0 42408 96219
2 6 1 37295 96219
2 7 0 41538 109953
2 7 1 38153 109953
2 8 0 43747 123717
2 8 1 36990 123717
2 9 0 42422 137468
2 9 1 38017 137468
3 0 0 39026 13740
3 0 1 40910 13740
3 1 0 38074 27485
3 1 1 39806 27485
3 2 0 38954 41219
3 2 1 39855 41219
3 3 0 39017 54983
3 3 1 42232 54983
3 4 0 37552 68734
3 4 1 40921 68734
3 5 0 45221 82474
3 5 1 38505 82474
3 6 0 45274 96219
3 6 1 38335 96219
3 7 0 45729 109953
3 7 1 37823 109953
3 8 0 41097 123717
3 8 1 38545 123717
3 9 0 42459 137468
3 9 1 38353 137468
4 0 0 37673 13740
4 0 1 40630 13740
4 1 0 38252 27485
4 1 1 39798 27485
4 2 0 37758 41219
4 2 1 42723 41219
4 3 0 38333 54983
4 3 1 42187 54983
4 4 0 37615 68734
4 4 1 40831 68734
4 5 0 43999 82474
4 5 1 38363 82474
4 6 0 40822 96219
4 6 1 38790 96219
4 7 0 40546 109953
4 7 1 38603 109953
4 8 0 40919 123717
4 8 1 38458 123717
4 9 0 40857 137468
4 9 1 38055 137468
5 0 0 38057 13740
5 0 1 43799 13740
5 1 0 37990 27485
5 1 1 39645 27485
5 2 0 38387 41219
5 2 1 40751 41219
5 3 0 38909 54983
5 3 1 43596 54983
5 4 0 37847 68734
5 4 1 47275 68734
5 5 0 40696 82474
5 5 1 38512 82474
5 6 0 41866 96219
5 6 1 37539 96219
5 7 0 42346 109953
5 7 1 38292 109953
5 8 0 42964 123717
5 8 1 39387 123717
5 9 0 43255 137468
5 9 1 38602 137468
6 0 0 37467 13740
6 0 1 42646 13740
6 1 0 38085 27485
6 1 1 40036 27485
6 2 0 37623 41219
6 2 1 43431 41219
6 3 0 38227 54983
6 3 1 41734 54983
6 4 0 39050 68734
6 4 1 43379 68734
6 5 0 42495 82474
6 5 1 37917 82474
6 6 0 40377 96219
6 6 1 39218 96219
6 7 0 42788 109953
6 7 1 38622 109953
6 8 0 42367 123717
6 8 1 38622 123717
6 9 0 40477 137468
6 9 1 38054 137468
7 0 0 39071 13740
7 0 1 48725 13740
7 1 0 37473 27485
7 1 1 40201 27485
7 2 0 38300 41219
7 2 1 41288 41219
7 3 0 37939 54983
7 3 1 40925 54983
7 4 0 39282 68734
7 4 1 42344 68734
7 5 0 39914 82474
7 5 1 38609 82474
7 6 0 41233 96219
7 6 1 38110 96219
7 7 0 44970 109953
7 7 1 39119 109953
7 8 0 40473 123717
7 8 1 37995 123717
7 9 0 41701 137468
7 9 1 38175 137468
8 0 0 37900 13740
8 0 1 42843 13740
8 1 0 37560 27485
8 1 1 43140 27485
8 2 0 37916 41219
8 2 1 43893 41219
8 3 0 37279 54983
8 3 1 40307 54983
8 4 0 38190 68734
8 4 1 43499 68734
8 5 0 45890 82474
8 5 1 37858 82474
8 6 0 40339 96219
8 6 1 37353 96219
8 7 0 42490 109953
8 7 1 38474 109953
8 8 0 39781 123717
8 8 1 38731 123717
8 9 0 42213 137468
8 9 1 38659 137468
9 0 0 38717 13740
9 0 1 42482 13740
9 1 0 39163 27485
9 1 1 40770 27485
9 2 0 38626 41219
9 2 1 42279 41219
9 3 0 38076 54983
9 3 1 40333 54983
9 4 0 38838 68734
9 4 1 40956 68734
9 5 0 41922 82474
9 5 1 37395 82474
9 6 0 40224 96219
9 6 1 37553 96219
9 7 0 40004 109953
9 7 1 38632 109953
9 8 0 40234 123717
9 8 1 37985 123717
9 9 0 40594 137468
9 9 1 37394 137468
10 0 0 39135 13740
10 0 1 44822 13740
10 1 0 37881 27485
10 1 1 40875 27485
10 2 0 38490 41219
10 2 1 41919 41219
10 3 0 37738 54983
10 3 1 40143 54983
10 4 0 37481 68734
10 4 1 40330 68734
10 5 0 43219 82474
10 5 1 36878 82474
10 6 0 38865 96219
10 6 1 37404 96219
10 7 0 38879 109953
10 7 1 37547 109953
10 8 0 43850 123717
10 8 1 36635 123717
10 9 0 44629 137468
10 9 1 36760 137468
11 0 0 37157 13740
11 0 1 39597 13740
11 1 0 36466 27485
11 1 1 40245 27485
11 2 0 38314 41219
11 2 1 40182 41219
11 3 0 36809 54983
11 3 1 43536 54983
11 4 0 37837 68734
11 4 1 41464 68734
11 5 0 42163 82474
11 5 1 37899 82474
11 6 0 41786 96219
11 6 1 37280 96219
11 7 0 41766 109953
11 7 1 37624 109953
11 8 0 40154 123717
11 8 1 37781 123717
11 9 0 41501 137468
11 9 1 38396 137468
12 0 0 38472 13740
12 0 1 41113 13740
12 1 0 38915 27485
12 1 1 41971 27485
12 2 0 38075 41219
12 2 1 41801 41219
12 3 0 37079 54983
12 3 1 42649 54983
12 4 0 38272 68734
12 4 1 42828 68734
12 5 0 41934 82474
12 5 1 37256 82474
12 6 0 40633 96219
12 6 1 37552 96219
12 7 0 44991 109953
12 7 1 37087 109953
12 8 0 41333 123717
12 8 1 37606 123717
12 9 0 40576 137468
12 9 1 38583 137468
13 0 0 37838 13740
13 0 1 42689 13740
13 1 0 38536 27485
13 1 1 40648 27485
13 2 0 38324 41219
13 2 1 40971 41219
13 3 0 38215 54983
13 3 1 43364 54983
13 4 0 38356 68734
13 4 1 40808 68734
13 5 0 39761 82474
13 5 1 37468 82474
13 6 0 39936 96219
13 6 1 37327 96219
13 7 0 43781 109953
13 7 1 38228 109953
13 8 0 40988 123717
13 8 1 38335 123717
13 9 0 43386 137468
13 9 1 38191 137468
14 0 0 37534 13740
14 0 1 43770 13740
14 1 0 38071 27485
14 1 1 45814 27485
14 2 0 38726 41219
14 2 1 45750 41219
14 3 0 37467 54983
14 3 1 45372 54983
14 4 0 37744 68734
14 4 1 46142 68734
14 5 0 40702 82474
14 5 1 37474 82474
14 6 0 40903 96219
14 6 1 37177 96219
14 7 0 44088 109953
14 7 1 37742 109953
14 8 0 41020 123717
14 8 1 37833 123717
14 9 0 41565 137468
14 9 1 37412 137468
15 0 0 38295 13740
15 0 1 44013 13740
15 1 0 37854 27485
15 1 1 44796 27485
15 2 0 38782 41219
15 2 1 42078 41219
15 3 0 38316 54983
15 3 1 42066 54983
15 4 0 37799 68734
15 4 1 43609 68734
15 5 0 40454 82474
15 5 1 37834 82474
15 6 0 40627 96219
15 6 1 37525 96219
15 7 0 40062 109953
15 7 1 37298 109953
15 8 0 42194 123717
15 8 1 38281 123717
15 9 0 41011 137468
15 9 1 37744 137468
16 0 0 38872 13740
16 0 1 40644 13740
16 1 0 37806 27485
16 1 1 40356 27485
16 2 0 37353 41219
16 2 1 42141 41219
16 3 0 37770 54983
16 3 1 39915 54983
16 4 0 37471 68734
16 4 1 41836 68734
16 5 0 38513 82474
16 5 1 37100 82474
16 6 0 38300 96219
16 6 1 37477 96219
16 7 0 37336 109953
16 7 1 38315 109953
16 8 0 37975 123717
16 8 1 37528 123717
16 9 0 38547 137468
16 9 1 37897 137468
17 0 0 36402 13740
17 0 1 41963 13740
17 1 0 37070 27485
17 1 1 42242 27485
17 2 0 37426 41219
17 2 1 42876 41219
17 3 0 37293 54983
17 3 1 42543 54983
17 4 0 37200 68734
17 4 1 41871 68734
17 5 0 41151 82474
17 5 1 37256 82474
17 6 0 39806 96219
17 6 1 37295 96219
17 7 0 39929 109953
17 7 1 37330 109953
17 8 0 40270 123717
17 8 1 37014 123717
17 9 0 42063 137468
17 9 1 37085 137468
18 0 0 37017 13740
18 0 1 42924 13740
18 1 0 37377 27485
18 1 1 42818 27485
18 2 0 37631 41219
18 2 1 43515 41219
18 3 0 37708 54983
18 3 1 42320 54983
18 4 0 37333 68734
18 4 1 40306 68734
18 5 0 41207 82474
18 5 1 36623 82474
18 6 0 39982 96219
18 6 1 36600 96219
18 7 0 37193 109953
18 7 1 36906 109953
18 8 0 38649 123717
18 8 1 37113 123717
18 9 0 37403 137468
18 9 1 37173 137468
19 0 0 37235 13740
19 0 1 40808 13740
19 1 0 37435 27485
19 1 1 42016 27485
19 2 0 37041 41219
19 2 1 39270 41219
19 3 0 37943 54983
19 3 1 39726 54983
19 4 0 38145 68734
19 4 1 43937 68734
19 5 0 39500 82474
19 5 1 36884 82474
19 6 0 39543 96219
19 6 1 36643 96219
19 7 0 38483 109953
19 7 1 37463 109953
19 8 0 39618 123717
19 8 1 37088 123717
19 9 0 37744 137468
19 9 1 36944 137468
20 0 0 37447 13740
20 0 1 42819 13740
20 1 0 37902 27485
20 1 1 39328 27485
20 2 0 38636 41219
20 2 1 42593 41219
20 3 0 38456 54983
20 3 1 40670 54983
20 4 0 37938 68734
20 4 1 42654 68734
20 5 0 37248 82474
20 5 1 36215 82474
20 6 0 36611 96219
20 6 1 36818 96219
20 7 0 37753 109953
20 7 1 37090 109953
20 8 0 36301 123717
20 8 1 36895 123717
20 9 0 38926 137468
20 9 1 36862 137468
21 0 0 39510 13740
21 0 1 41967 13740
21 1 0 38586 27485
21 1 1 43301 27485
21 2 0 37273 41219
21 2 1 46472 41219
21 3 0 37814 54983
21 3 1 41308 54983
21 4 0 37146 68734
21 4 1 43649 68734
21 5 0 40826 82474
21 5 1 37307 82474
21 6 0 37686 96219
21 6 1 36291 96219
21 7 0 41492 109953
21 7 1 37392 109953
21 8 0 37861 123717
21 8 1 37084 123717
21 9 0 38869 137468
21 9 1 36956 137468
22 0 0 38292 13740
22 0 1 40894 13740
22 1 0 37954 27485
22 1 1 40207 27485
22 2 0 37672 41219
22 2 1 40426 41219
22 3 0 38458 54983
22 3 1 40495 54983
22 4 0 38805 68734
22 4 1 40811 68734
22 5 0 37239 82474
22 5 1 37388 82474
22 6 0 37248 96219
22 6 1 36916 96219
22 7 0 41749 109953
22 7 1 36948 109953
22 8 0 36825 123717
22 8 1 37549 123717
22 9 0 40882 137468
22 9 1 37122 137468
23 0 0 38705 13740
23 0 1 45542 13740
23 1 0 37677 27485
23 1 1 44037 27485
23 2 0 37543 41219
23 2 1 43231 41219
23 3 0 37601 54983
23 3 1 46936 54983
23 4 0 39071 68734
23 4 1 43398 68734
23 5 0 38075 82474
23 5 1 37813 82474
23 6 0 36908 96219
23 6 1 38275 96219
23 7 0 39276 109953
23 7 1 38106 109953
23 8 0 40964 123717
23 8 1 38315 123717
23 9 0 39212 137468
23 9 1 38635 137468
24 0 0 38486 13740
24 0 1 42006 13740
24 1 0 38002 27485
24 1 1 41634 27485
24 2 0 38737 41219
24 2 1 41141 41219
24 3 0 39537 54983
24 3 1 42223 54983
24 4 0 38649 68734
24 4 1 42717 68734
24 5 0 39007 82474
24 5 1 38686 82474
24 6 0 38351 96219
24 6 1 37849 96219
24 7 0 36779 109953
24 7 1 38967 109953
24 8 0 37561 123717
24 8 1 38493 123717
24 9 0 37382 137468
24 9 1 38658 137468
25 0 0 38797 13740
25 0 1 41444 13740
25 1 0 38565 27485
25 1 1 44958 27485
25 2 0 39068 41219
25 2 1 39587 41219
25 3 0 37601 54983
25 3 1 40400 54983
25 4 0 39323 68734
25 4 1 42611 68734
25 5 0 38369 82474
25 5 1 38464 82474
25 6 0 44146 96219
25 6 1 38019 96219
25 7 0 40141 109953
25 7 1 37588 109953
25 8 0 41371 123717
25 8 1 38447 123717
25 9 0 41299 137468
25 9 1 38215 137468
26 0 0 37756 13740
26 0 1 45636 13740
26 1 0 38264 27485
26 1 1 45281 27485
26 2 0 37886 41219
26 2 1 45527 41219
26 3 0 39501 54983
26 3 1 44689 54983
26 4 0 39494 68734
26 4 1 43619 68734
26 5 0 41114 82474
26 5 1 37810 82474
26 6 0 43019 96219
26 6 1 37789 96219
26 7 0 41269 109953
26 7 1 37990 109953
26 8 0 42418 123717
26 8 1 37614 123717
26 9 0 41730 137468
26 9 1 37321 137468
27 0 0 37576 13740
27 0 1 43444 13740
27 1 0 37619 27485
27 1 1 42564 27485
27 2 0 38533 41219
27 2 1 41916 41219
27 3 0 38146 54983
27 3 1 42835 54983
27 4 0 38450 68734
27 4 1 45265 68734
27 5 0 45535 82474
27 5 1 36529 82474
27 6 0 41909 96219
27 6 1 35918 96219
27 7 0 48447 109953
27 7 1 36309 109953
27 8 0 42537 123717
27 8 1 36844 123717
27 9 0 44688 137468
27 9 1 36350 137468
28 0 0 37867 13740
28 0 1 46402 13740
28 1 0 38056 27485
28 1 1 43064 27485
28 2 0 38865 41219
28 2 1 49070 41219
28 3 0 39120 54983
28 3 1 43110 54983
28 4 0 37986 68734
28 4 1 45390 68734
28 5 0 43627 82474
28 5 1 34695 82474
28 6 0 43409 96219
28 6 1 34502 96219
28 7 0 43594 109953
28 7 1 34628 109953
28 8 0 44552 123717
28 8 1 34542 123717
28 9 0 43218 137468
28 9 1 35058 137468
29 0 0 37565 13740
29 0 1 41746 13740
29 1 0 37876 27485
29 1 1 40789 27485
29 2 0 39213 41219
29 2 1 38771 41219
29 3 0 38800 54983
29 3 1 42044 54983
29 4 0 39569 68734
29 4 1 40155 68734
29 5 0 45232 82474
29 5 1 34260 82474
29 6 0 44369 96219
29 6 1 33764 96219
29 7 0 42898 109953
29 7 1 34185 109953
29 8 0 44017 123717
29 8 1 34377 123717
29 9 0 43605 137468
29 9 1 33642 137468
30 0 0 38434 13740
30 0 1 42118 13740
30 1 0 38699 27485
30 1 1 41866 27485
30 2 0 38467 41219
30 2 1 41881 41219
30 3 0 38269 54983
30 3 1 41114 54983
30 4 0 37337 68734
30 4 1 41172 68734
30 5 0 44217 82474
30 5 1 33998 82474
30 6 0 49272 96219
30 6 1 33960 96219
30 7 0 45673 109953
30 7 1 34170 109953
30 8 0 43219 123717
30 8 1 33846 123717
30 9 0 47408 137468
30 9 1 33560 137468
31 0 0 38171 13740
31 0 1 40460 13740
31 1 0 39278 27485
31 1 1 40757 27485
31 2 0 38396 41219
31 2 1 40791 41219
31 3 0 38630 54983
31 3 1 40628 54983
31 4 0 39116 68734
31 4 1 40501 68734
31 5 0 45397 82474
31 5 1 33502 82474
31 6 0 44285 96219
31 6 1 33569 96219
31 7 0 44421 109953
31 7 1 33884 109953
31 8 0 46680 123717
31 8 1 33915 123717
31 9 0 44597 137468
31 9 1 34352 137468
32 0 0 38891 13740
32 0 1 40746 13740
32 1 0 38330 27485
32 1 1 42583 27485
32 2 0 39190 41219
32 2 1 39680 41219
32 3 0 38426 54983
32 3 1 40762 54983
32 4 0 38931 68734
32 4 1 42919 68734
32 5 0 45981 82474
32 5 1 34278 82474
32 6 0 47129 96219
32 6 1 34106 96219
32 7 0 47904 109953
32 7 1 34009 109953
32 8 0 44505 123717
32 8 1 34389 123717
32 9 0 46004 137468
32 9 1 34062 137468
33 0 0 38382 13740
33 0 1 43219 13740
33 1 0 38246 27485
33 1 1 43185 27485
33 2 0 37375 41219
33 2 1 41877 41219
33 3 0 39412 54983
33 3 1 42363 54983
33 4 0 39143 68734
33 4 1 43545 68734
33 5 0 46229 82474
33 5 1 34078 82474
33 6 0 51613 96219
33 6 1 33659 96219
33 7 0 48810 109953
33 7 1 34153 109953
33 8 0 47077 123717
33 8 1 34502 123717
33 9 0 48958 137468
33 9 1 33615 137468
34 0 0 38863 13740
34 0 1 43898 13740
34 1 0 39311 27485
34 1 1 41254 27485
34 2 0 38503 41219
34 2 1 42863 41219
34 3 0 37668 54983
34 3 1 45620 54983
34 4 0 38153 68734
34 4 1 42881 68734
34 5 0 49705 82474
34 5 1 34297 82474
34 6 0 48994 96219
34 6 1 34452 96219
34 7 0 50159 109953
34 7 1 35031 109953
34 8 0 48267 123717
34 8 1 33913 123717
34 9 0 51438 137468
34 9 1 33995 137468
35 0 0 38437 13740
35 0 1 42971 13740
35 1 0 39395 27485
35 1 1 42816 27485
35 2 0 39266 41219
35 2 1 43843 41219
35 3 0 38752 54983
35 3 1 40939 54983
35 4 0 39944 68734
35 4 1 41043 68734
35 5 0 47968 82474
35 5 1 34453 82474
35 6 0 48395 96219
35 6 1 34304 96219
35 7 0 47459 109953
35 7 1 34830 109953
35 8 0 48143 123717
35 8 1 34627 123717
35 9 0 49305 137468
35 9 1 34700 137468
36 0 0 38891 13740
36 0 1 41561 13740
36 1 0 39600 27485
36 1 1 41091 27485
36 2 0 38671 41219
36 2 1 40830 41219
36 3 0 38152 54983
36 3 1 41908 54983
36 4 0 39651 68734
36 4 1 41740 68734
36 5 0 48360 82474
36 5 1 34013 82474
36 6 0 46302 96219
36 6 1 34676 96219
36 7 0 47199 109953
36 7 1 33881 109953
36 8 0 47896 123717
36 8 1 34420 123717
36 9 0 47590 137468
36 9 1 34858 137468
37 0 0 38800 13740
37 0 1 41195 13740
37 1 0 39475 27485
37 1 1 41396 27485
37 2 0 38014 41219
37 2 1 44343 41219
37 3 0 37980 54983
37 3 1 44082 54983
37 4 0 38756 68734
37 4 1 42948 68734
37 5 0 46982 82474
37 5 1 34870 82474
37 6 0 50935 96219
37 6 1 34403 96219
37 7 0 49718 109953
37 7 1 34373 109953
37 8 0 48031 123717
37 8 1 34070 123717
37 9 0 47336 137468
37 9 1 34388 137468
38 0 0 39926 13740
38 0 1 43692 13740
38 1 0 38627 27485
38 1 1 41492 27485
38 2 0 37889 41219
38 2 1 43216 41219
38 3 0 38942 54983
38 3 1 41287 54983
38 4 0 39120 68734
38 4 1 40752 68734
38 5 0 47444 82474
38 5 1 34596 82474
38 6 0 49040 96219
38 6 1 33440 96219
38 7 0 47874 109953
38 7 1 33956 109953
38 8 0 48136 123717
38 8 1 34548 123717
38 9 0 52345 137468
38 9 1 34212 137468
39 0 0 38766 13740
39 0 1 41417 13740
39 1 0 38451 27485
39 1 1 41946 27485
39 2 0 38688 41219
39 2 1 43373 41219
39 3 0 40123 54983
39 3 1 43892 54983
39 4 0 39082 68734
39 4 1 43044 68734
39 5 0 46426 82474
39 5 1 33815 82474
39 6 0 50061 96219
39 6 1 34599 96219
39 7 0 45972 109953
39 7 1 34830 109953
39 8 0 46365 123717
39 8 1 34372 123717
39 9 0 48851 137468
39 9 1 34930 137468
40 0 0 38723 13740
40 0 1 40491 13740
40 1 0 39980 27485
40 1 1 40493 27485
40 2 0 38247 41219
40 2 1 42968 41219
40 3 0 38938 54983
40 3 1 44018 54983
40 4 0 38810 68734
40 4 1 43597 68734
40 5 0 49715 82474
40 5 1 34395 82474
40 6 0 49417 96219
40 6 1 35384 96219
40 7 0 49730 109953
40 7 1 34851 109953
40 8 0 48318 123717
40 8 1 34499 123717
40 9 0 48748 137468
40 9 1 34220 137468
41 0 0 40685 13740
41 0 1 41460 13740
41 1 0 40155 27485
41 1 1 43176 27485
41 2 0 39073 41219
41 2 1 42725 41219
41 3 0 39266 54983
41 3 1 42973 54983
41 4 0 37750 68734
41 4 1 42824 68734
41 5 0 45579 82474
41 5 1 34791 82474
41 6 0 45939 96219
41 6 1 34722 96219
41 7 0 47442 109953
41 7 1 34435 109953
41 8 0 47441 123717
41 8 1 34628 123717
41 9 0 47554 137468
41 9 1 34643 137468
42 0 0 39519 13740
42 0 1 43653 13740
42 1 0 39076 27485
42 1 1 45898 27485
42 2 0 38606 41219
42 2 1 44102 41219
42 3 0 38957 54983
42 3 1 43444 54983
42 4 0 40072 68734
42 4 1 46473 68734
42 5 0 48241 82474
42 5 1 34241 82474
42 6 0 48458 96219
42 6 1 34734 96219
42 7 0 49497 109953
42 7 1 34593 109953
42 8 0 46762 123717
42 8 1 33789 123717
42 9 0 47796 137468
42 9 1 34179 137468
43 0 0 39404 13740
43 0 1 45301 13740
43 1 0 38875 27485
43 1 1 44632 27485
43 2 0 39115 41219
43 2 1 45335 41219
43 3 0 40108 54983
43 3 1 44599 54983
43 4 0 39283 68734
43 4 1 42966 68734
43 5 0 50758 82474
43 5 1 34322 82474
43 6 0 48381 96219
43 6 1 34274 96219
43 7 0 47603 109953
43 7 1 34043 109953
43 8 0 51963 123717
43 8 1 33843 123717
43 9 0 49847 137468
43 9 1 35027 137468
44 0 0 39592 13740
44 0 1 43742 13740
44 1 0 39061 27485
44 1 1 41902 27485
44 2 0 41041 41219
44 2 1 45805 41219
44 3 0 39445 54983
44 3 1 43694 54983
44 4 0 38999 68734
44 4 1 45221 68734
44 5 0 50535 82474
44 5 1 34913 82474
44 6 0 48792 96219
44 6 1 34734 96219
44 7 0 50781 109953
44 7 1 34954 109953
44 8 0 47920 123717
44 8 1 34631 123717
44 9 0 48724 137468
44 9 1 34136 137468
45 0 0 40139 13740
45 0 1 42648 13740
45 1 0 39841 27485
45 1 1 45025 27485
45 2 0 39346 41219
45 2 1 46119 41219
45 3 0 40625 54983
45 3 1 50576 54983
45 4 0 40105 68734
45 4 1 47348 68734
45 5 0 54805 82474
45 5 1 34763 82474
45 6 0 50964 96219
45 6 1 34888 96219
45 7 0 49649 109953
45 7 1 34717 109953
45 8 0 55440 123717
45 8 1 35123 123717
45 9 0 51040 137468
45 9 1 34375 137468
46 0 0 39425 13740
46 0 1 45022 13740
46 1 0 39251 27485
46 1 1 42500 27485
46 2 0 38932 41219
46 2 1 44513 41219
46 3 0 39925 54983
46 3 1 46778 54983
46 4 0 39757 68734
46 4 1 43219 68734
46 5 0 51411 82474
46 5 1 34493 82474
46 6 0 47722 96219
46 6 1 34834 96219
46 7 0 52793 109953
46 7 1 35229 109953
46 8 0 49895 123717
46 8 1 35250 123717
46 9 0 48918 137468
46 9 1 33921 137468
47 0 0 40550 13740
47 0 1 45842 13740
47 1 0 39422 27485
47 1 1 41999 27485
47 2 0 38998 41219
47 2 1 44365 41219
47 3 0 39477 54983
47 3 1 42302 54983
47 4 0 39858 68734
47 4 1 41417 68734
47 5 0 50003 82474
47 5 1 34891 82474
47 6 0 49420 96219
47 6 1 35016 96219
47 7 0 49017 109953
47 7 1 34718 109953
47 8 0 49577 123717
47 8 1 34783 123717
47 9 0 49197 137468
47 9 1 34680 137468
48 0 0 39642 13740
48 0 1 43585 13740
48 1 0 39786 27485
48 1 1 42624 27485
48 2 0 39293 41219
48 2 1 44830 41219
48 3 0 39263 54983
48 3 1 42619 54983
48 4 0 40430 68734
48 4 1 50580 68734
48 5 0 48726 82474
48 5 1 35348 82474
48 6 0 51787 96219
48 6 1 34622 96219
48 7 0 47995 109953
48 7 1 35249 109953
48 8 0 54265 123717
48 8 1 34413 123717
48 9 0 47254 137468
48 9 1 34338 137468
49 0 0 38883 13740
49 0 1 50157 13740
49 1 0 38439 27485
49 1 1 42301 27485
49 2 0 38950 41219
49 2 1 49247 41219
49 3 0 38431 54983
49 3 1 44816 54983
49 4 0 38539 68734
49 4 1 43744 68734
49 5 0 48980 82474
49 5 1 34086 82474
49 6 0 49249 96219
49 6 1 34530 96219
49 7 0 48642 109953
49 7 1 34690 109953
49 8 0 46244 123717
49 8 1 34242 123717
49 9 0 48921 137468
49 9 1 34218 137468
50 0 0 40221 13740
50 0 1 41491 13740
50 1 0 40029 27485
50 1 1 43740 27485
50 2 0 37964 41219
50 2 1 43666 41219
50 3 0 40358 54983
50 3 1 43829 54983
50 4 0 40079 68734
50 4 1 42921 68734
50 5 0 46914 82474
50 5 1 34295 82474
50 6 0 48948 96219
50 6 1 34197 96219
50 7 0 49766 109953
50 7 1 34920 109953
50 8 0 51952 123717
50 8 1 34924 123717
50 9 0 49918 137468
50 9 1 35531 137468
51 0 0 39778 13740
51 0 1 43078 13740
51 1 0 39150 27485
51 1 1 42232 27485
51 2 0 40892 41219
51 2 1 44150 41219
51 3 0 38822 54983
51 3 1 50665 54983
51 4 0 40211 68734
51 4 1 42763 68734
51 5 0 49330 82474
51 5 1 35050 82474
51 6 0 49340 96219
51 6 1 35079 96219
51 7 0 49018 109953
51 7 1 34709 109953
51 8 0 49348 123717
51 8 1 35063 123717
51 9 0 47763 137468
51 9 1 34504 137468
52 0 0 38747 13740
52 0 1 42195 13740
52 1 0 39689 27485
52 1 1 46985 27485
52 2 0 38420 41219
52 2 1 43289 41219
52 3 0 39565 54983
52 3 1 43260 54983
52 4 0 38754 68734
52 4 1 45729 68734
52 5 0 47725 82474
52 5 1 34476 82474
52 6 0 51830 96219
52 6 1 34674 96219
52 7 0 47373 109953
52 7 1 34464 109953
52 8 0 51997 123717
52 8 1 33613 123717
52 9 0 47313 137468
52 9 1 35025 137468
53 0 0 39965 13740
53 0 1 44253 13740
53 1 0 39331 27485
53 1 1 44602 27485
53 2 0 39338 41219
53 2 1 42953 41219
53 3 0 38569 54983
53 3 1 42557 54983
53 4 0 39434 68734
53 4 1 43360 68734
53 5 0 48992 82474
53 5 1 34334 82474
53 6 0 49699 96219
53 6 1 34690 96219
53 7 0 47318 109953
53 7 1 34811 109953
53 8 0 47634 123717
53 8 1 34318 123717
53 9 0 51354 137468
53 9 1 35044 137468
54 0 0 38235 13740
54 0 1 45899 13740
54 1 0 38463 27485
54 1 1 43846 27485
54 2 0 38842 41219
54 2 1 51566 41219
54 3 0 38434 54983
54 3 1 44188 54983
54 4 0 37626 68734
54 4 1 51315 68734
54 5 0 47928 82474
54 5 1 34093 82474
54 6 0 51019 96219
54 6 1 34415 96219
54 7 0 46386 109953
54 7 1 35086 109953
54 8 0 49203 123717
54 8 1 34441 123717
54 9 0 47867 137468
54 9 1 34073 137468
55 0 0 39447 13740
55 0 1 45346 13740
55 1 0 39421 27485
55 1 1 45145 27485
55 2 0 38697 41219
55 2 1 48131 41219
55 3 0 38357 54983
55 3 1 44386 54983
55 4 0 39264 68734
55 4 1 45922 68734
55 5 0 47491 82474
55 5 1 34353 82474
55 6 0 47513 96219
55 6 1 35673 96219
55 7 0 46227 109953
55 7 1 34519 109953
55 8 0 47894 123717
55 8 1 34535 123717
55 9 0 48236 137468
55 9 1 34442 137468
56 0 0 38831 13740
56 0 1 45375 13740
56 1 0 38418 27485
56 1 1 44748 27485
56 2 0 39016 41219
56 2 1 44653 41219
56 3 0 39094 54983
56 3 1 45152 54983
56 4 0 38750 68734
56 4 1 43122 68734
56 5 0 46797 82474
56 5 1 34552 82474
56 6 0 47549 96219
56 6 1 34355 96219
56 7 0 47969 109953
56 7 1 34672 109953
56 8 0 47582 123717
56 8 1 34417 123717
56 9 0 49450 137468
56 9 1 34524 137468
57 0 0 38161 13740
57 0 1 51570 13740
57 1 0 40077 27485
57 1 1 51877 27485
57 2 0 38145 41219
57 2 1 45294 41219
57 3 0 38862 54983
57 3 1 47077 54983
57 4 0 39331 68734
57 4 1 46471 68734
57 5 0 49698 82474
57 5 1 34676 82474
57 6 0 49810 96219
57 6 1 34466 96219
57 7 0 57031 109953
57 7 1 35129 109953
57 8 0 48641 123717
57 8 1 34234 123717
57 9 0 49850 137468
57 9 1 34465 137468
58 0 0 35104 13740
58 0 1 42113 13740
58 1 0 35490 27485
58 1 1 44030 27485
58 2 0 35170 41219
58 2 1 43591 41219
58 3 0 35081 54983
58 3 1 42781 54983
58 4 0 35148 68734
58 4 1 44538 68734
58 5 0 46940 82474
58 5 1 31902 82474
58 6 0 47162 96219
58 6 1 30878 96219
58 7 0 47012 109953
58 7 1 30606 109953
58 8 0 46943 123717
58 8 1 30817 123717
58 9 0 51616 137468
58 9 1 31089 137468
59 0 0 39316 13740
59 0 1 45306 13740
59 1 0 39939 27485
59 1 1 45023 27485
59 2 0 38970 41219
59 2 1 46835 41219
59 3 0 38484 54983
59 3 1 44991 54983
59 4 0 38545 68734
59 4 1 43861 68734
59 5 0 52112 82474
59 5 1 33895 82474
59 6 0 49393 96219
59 6 1 34662 96219
59 7 0 50788 109953
59 7 1 34583 109953
59 8 0 50774 123717
59 8 1 33899 123717
59 9 0 49517 137468
59 9 1 34433 137468
60 0 0 38263 13740
60 0 1 45353 13740
60 1 0 38618 27485
60 1 1 47454 27485
60 2 0 37392 41219
60 2 1 48677 41219
60 3 0 38004 54983
60 3 1 46880 54983
60 4 0 38126 68734
60 4 1 47405 68734
60 5 0 48720 82474
60 5 1 34839 82474
60 6 0 47551 96219
60 6 1 34641 96219
60 7 0 54600 109953
60 7 1 34823 109953
60 8 0 49655 123717
60 8 1 34587 123717
60 9 0 48567 137468
60 9 1 34105 137468
61 0 0 37556 13740
61 0 1 53108 13740
61 1 0 38270 27485
61 1 1 46428 27485
61 2 0 37572 41219
61 2 1 50706 41219
61 3 0 38338 54983
61 3 1 49076 54983
61 4 0 37709 68734
61 4 1 49944 68734
61 5 0 47370 82474
61 5 1 34306 82474
61 6 0 47966 96219
61 6 1 34774 96219
61 7 0 53013 109953
61 7 1 34842 109953
61 8 0 49686 123717
61 8 1 34800 123717
61 9 0 51473 137468
61 9 1 34424 137468
62 0 0 36203 13740
62 0 1 49542 13740
62 1 0 36876 27485
62 1 1 48535 27485
62 2 0 36445 41219
62 2 1 50865 41219
62 3 0 36389 54983
62 3 1 47459 54983
62 4 0 37065 68734
62 4 1 51738 68734
62 5 0 47128 82474
62 5 1 33844 82474
62 6 0 51152 96219
62 6 1 34785 96219
62 7 0 50114 109953
62 7 1 34124 109953
62 8 0 50211 123717
62 8 1 34138 123717
62 9 0 50473 137468
62 9 1 34674 137468
63 0 0 35974 13740
63 0 1 47935 13740
63 1 0 35766 27485
63 1 1 48329 27485
63 2 0 35578 41219
63 2 1 49605 41219
63 3 0 36230 54983
63 3 1 47716 54983
63 4 0 35490 68734
63 4 1 48242 68734
63 5 0 48980 82474
63 5 1 34194 82474
63 6 0 48201 96219
63 6 1 34211 96219
63 7 0 48533 109953
63 7 1 34289 109953
63 8 0 48402 123717
63 8 1 34339 123717
63 9 0 46898 137468
63 9 1 34804 137468
64 0 0 34912 13740
64 0 1 49109 13740
64 1 0 35702 27485
64 1 1 48560 27485
64 2 0 35298 41219
64 2 1 50746 41219
64 3 0 35861 54983
64 3 1 55469 54983
64 4 0 35687 68734
64 4 1 50203 68734
64 5 0 52359 82474
64 5 1 34188 82474
64 6 0 51985 96219
64 6 1 34790 96219
64 7 0 50131 109953
64 7 1 34777 109953
64 8 0 48888 123717
64 8 1 34681 123717
64 9 0 49737 137468
64 9 1 35193 137468
65 0 0 36190 13740
65 0 1 49193 13740
65 1 0 36109 27485
65 1 1 50183 27485
65 2 0 34657 41219
65 2 1 51427 41219
65 3 0 35771 54983
65 3 1 55949 54983
65 4 0 35848 68734
65 4 1 51545 68734
65 5 0 50514 82474
65 5 1 34472 82474
65 6 0 50218 96219
65 6 1 34360 96219
65 7 0 48763 109953
65 7 1 34626 109953
65 8 0 47732 123717
65 8 1 34718 123717
65 9 0 49143 137468
65 9 1 34741 137468
66 0 0 36724 13740
66 0 1 48839 13740
66 1 0 36164 27485
66 1 1 50608 27485
66 2 0 35896 41219
66 2 1 49335 41219
66 3 0 35602 54983
66 3 1 50311 54983
66 4 0 36346 68734
66 4 1 49694 68734
66 5 0 49803 82474
66 5 1 34715 82474
66 6 0 51407 96219
66 6 1 34155 96219
66 7 0 51025 109953
66 7 1 34489 109953
66 8 0 49103 123717
66 8 1 34893 123717
66 9 0 49950 137468
66 9 1 35242 137468
67 0 0 36590 13740
67 0 1 50363 13740
67 1 0 36190 27485
67 1 1 51547 27485
67 2 0 35561 41219
67 2 1 49901 41219
67 3 0 35323 54983
67 3 1 52462 54983
67 4 0 36806 68734
67 4 1 53588 68734
67 5 0 48412 82474
67 5 1 34599 82474
67 6 0 49472 96219
67 6 1 35091 96219
67 7 0 50815 109953
67 7 1 33537 109953
67 8 0 45986 123717
67 8 1 34401 123717
67 9 0 51118 137468
67 9 1 34744 137468
68 0 0 36654 13740
68 0 1 53900 13740
68 1 0 36207 27485
68 1 1 50490 27485
68 2 0 35390 41219
68 2 1 50525 41219
68 3 0 36936 54983
68 3 1 55884 54983
68 4 0 36313 68734
68 4 1 51612 68734
68 5 0 50126 82474
68 5 1 34875 82474
68 6 0 47280 96219
68 6 1 34721 96219
68 7 0 48370 109953
68 7 1 34931 109953
68 8 0 49352 123717
68 8 1 35179 123717
68 9 0 49778 137468
68 9 1 34811 137468
69 0 0 36369 13740
69 0 1 49789 13740
69 1 0 35613 27485
69 1 1 52025 27485
69 2 0 37673 41219
69 2 1 52749 41219
69 3 0 36308 54983
69 3 1 51228 54983
69 4 0 36551 68734
69 4 1 52901 68734
69 5 0 51659 82474
69 5 1 34584 82474
69 6 0 51186 96219
69 6 1 34242 96219
69 7 0 52064 109953
69 7 1 35003 109953
69 8 0 49207 123717
69 8 1 34924 123717
69 9 0 46684 137468
69 9 1 34530 137468
70 0 0 36590 13740
70 0 1 52403 13740
70 1 0 37011 27485
70 1 1 51816 27485
70 2 0 36256 41219
70 2 1 54939 41219
70 3 0 36622 54983
70 3 1 55161 54983
70 4 0 36474 68734
70 4 1 51217 68734
70 5 0 51927 82474
70 5 1 34725 82474
70 6 0 51441 96219
70 6 1 35224 96219
70 7 0 49429 109953
70 7 1 34741 109953
70 8 0 52022 123717
70 8 1 34962 123717
70 9 0 52421 137468
70 9 1 34923 137468
71 0 0 37862 13740
71 0 1 52615 13740
71 1 0 36663 27485
71 1 1 49620 27485
71 2 0 37075 41219
71 2 1 53616 41219
71 3 0 36499 54983
71 3 1 53528 54983
71 4 0 37192 68734
71 4 1 53313 68734
71 5 0 49852 82474
71 5 1 35101 82474
71 6 0 51751 96219
71 6 1 34602 96219
71 7 0 50527 109953
71 7 1 34853 109953
71 8 0 46411 123717
71 8 1 35199 123717
71 9 0 49167 137468
71 9 1 34482 137468
72 0 0 36774 13740
72 0 1 50029 13740
72 1 0 37809 27485
72 1 1 51906 27485
72 2 0 36794 41219
72 2 1 49893 41219
72 3 0 37545 54983
72 3 1 52345 54983
72 4 0 36573 68734
72 4 1 52207 68734
72 5 0 51096 82474
72 5 1 34656 82474
72 6 0 50277 96219
72 6 1 34578 96219
72 7 0 55749 109953
72 7 1 34363 109953
72 8 0 49846 123717
72 8 1 34852 123717
72 9 0 49505 137468
72 9 1 34195 137468
73 0 0 37023 13740
73 0 1 54118 13740
73 1 0 37062 27485
73 1 1 54004 27485
73 2 0 37599 41219
73 2 1 55072 41219
73 3 0 38391 54983
73 3 1 52994 54983
73 4 0 36861 68734
73 4 1 51203 68734
73 5 0 49264 82474
73 5 1 34708 82474
73 6 0 50711 96219
73 6 1 34752 96219
73 7 0 50013 109953
73 7 1 34730 109953
73 8 0 47320 123717
73 8 1 34283 123717
73 9 0 49421 137468
73 9 1 34984 137468
74 0 0 36941 13740
74 0 1 52559 13740
74 1 0 36641 27485
74 1 1 51134 27485
74 2 0 37285 41219
74 2 1 51988 41219
74 3 0 37378 54983
74 3 1 52418 54983
74 4 0 37474 68734
74 4 1 51612 68734
74 5 0 49440 82474
74 5 1 34602 82474
74 6 0 53296 96219
74 6 1 34274 96219
74 7 0 49633 109953
74 7 1 34609 109953
74 8 0 51550 123717
74 8 1 34670 123717
74 9 0 49662 137468
74 9 1 34275 137468
75 0 0 38034 13740
75 0 1 51622 13740
75 1 0 36686 27485
75 1 1 56226 27485
75 2 0 37103 41219
75 2 1 53537 41219
75 3 0 36853 54983
75 3 1 55387 54983
75 4 0 36765 68734
75 4 1 51300 68734
75 5 0 50405 82474
75 5 1 34303 82474
75 6 0 49903 96219
75 6 1 34541 96219
75 7 0 52171 109953
75 7 1 34679 109953
75 8 0 49041 123717
75 8 1 34829 123717
75 9 0 50868 137468
75 9 1 35273 137468
76 0 0 36930 13740
76 0 1 56514 13740
76 1 0 37683 27485
76 1 1 53990 27485
76 2 0 37432 41219
76 2 1 53952 41219
76 3 0 37907 54983
76 3 1 53607 54983
76 4 0 36770 68734
76 4 1 53171 68734
76 5 0 49764 82474
76 5 1 35163 82474
76 6 0 49820 96219
76 6 1 34049 96219
76 7 0 46209 109953
76 7 1 34656 109953
76 8 0 51008 123717
76 8 1 34999 123717
76 9 0 47701 137468
76 9 1 35147 137468
77 0 0 37204 13740
77 0 1 51178 13740
77 1 0 37600 27485
77 1 1 51967 27485
77 2 0 36600 41219
77 2 1 56784 41219
77 3 0 36994 54983
77 3 1 53898 54983
77 4 0 37135 68734
77 4 1 52297 68734
77 5 0 50464 82474
77 5 1 34304 82474
77 6 0 53995 96219
77 6 1 34504 96219
77 7 0 49302 109953
77 7 1 34634 109953
77 8 0 50363 123717
77 8 1 35222 123717
77 9 0 50323 137468
77 9 1 34587 137468
78 0 0 37218 13740
78 0 1 51336 13740
78 1 0 37125 27485
78 1 1 54656 27485
78 2 0 37118 41219
78 2 1 50783 41219
78 3 0 37051 54983
78 3 1 51686 54983
78 4 0 36866 68734
78 4 1 53871 68734
78 5 0 49573 82474
78 5 1 34984 82474
78 6 0 49429 96219
78 6 1 35279 96219
78 7 0 51273 109953
78 7 1 34386 109953
78 8 0 46983 123717
78 8 1 34909 123717
78 9 0 49486 137468
78 9 1 34399 137468
79 0 0 38486 13740
79 0 1 53710 13740
79 1 0 37196 27485
79 1 1 54198 27485
79 2 0 37982 41219
79 2 1 55402 41219
79 3 0 37176 54983
79 3 1 55468 54983
79 4 0 36779 68734
79 4 1 52498 68734
79 5 0 50391 82474
79 5 1 34343 82474
79 6 0 47700 96219
79 6 1 34591 96219
79 7 0 47842 109953
79 7 1 34802 109953
79 8 0 50183 123717
79 8 1 34918 123717
79 9 0 49940 137468
79 9 1 34564 137468
80 0 0 36699 13740
80 0 1 51590 13740
80 1 0 37373 27485
80 1 1 52538 27485
80 2 0 37426 41219
80 2 1 53783 41219
80 3 0 38170 54983
80 3 1 52624 54983
80 4 0 36266 68734
80 4 1 51311 68734
80 5 0 46889 82474
80 5 1 34580 82474
80 6 0 46393 96219
80 6 1 34392 96219
80 7 0 46973 109953
80 7 1 34549 109953
80 8 0 49339 123717
80 8 1 34273 123717
80 9 0 46473 137468
80 9 1 34789 137468
81 0 0 37423 13740
81 0 1 52460 13740
81 1 0 37708 27485
81 1 1 53736 27485
81 2 0 38891 41219
81 2 1 52224 41219
81 3 0 37068 54983
81 3 1 52533 54983
81 4 0 37039 68734
81 4 1 54135 68734
81 5 0 50154 82474
81 5 1 34955 82474
81 6 0 48321 96219
81 6 1 33986 96219
81 7 0 46979 109953
81 7 1 34638 109953
81 8 0 49274 123717
81 8 1 34884 123717
81 9 0 46930 137468
81 9 1 34512 137468
82 0 0 37596 13740
82 0 1 55607 13740
82 1 0 36865 27485
82 1 1 55274 27485
82 2 0 36937 41219
82 2 1 51586 41219
82 3 0 37504 54983
82 3 1 56916 54983
82 4 0 37156 68734
82 4 1 53893 68734
82 5 0 47256 82474
82 5 1 34789 82474
82 6 0 49501 96219
82 6 1 34407 96219
82 7 0 49526 109953
82 7 1 34437 109953
82 8 0 47749 123717
82 8 1 34288 123717
82 9 0 47145 137468
82 9 1 34228 137468
83 0 0 37459 13740
83 0 1 52743 13740
83 1 0 37420 27485
83 1 1 53824 27485
83 2 0 36846 41219
83 2 1 54162 41219
83 3 0 38778 54983
83 3 1 54182 54983
83 4 0 37727 68734
83 4 1 54455 68734
83 5 0 46549 82474
83 5 1 34253 82474
83 6 0 48155 96219
83 6 1 34924 96219
83 7 0 46587 109953
83 7 1 34605 109953
83 8 0 46702 123717
83 8 1 34429 123717
83 9 0 49577 137468
83 9 1 33802 137468
84 0 0 37486 13740
84 0 1 54048 13740
84 1 0 37998 27485
84 1 1 52705 27485
84 2 0 38036 41219
84 2 1 54543 41219
84 3 0 36916 54983
84 3 1 54314 54983
84 4 0 36874 68734
84 4 1 53440 68734
84 5 0 52524 82474
84 5 1 34531 82474
84 6 0 50034 96219
84 6 1 34763 96219
84 7 0 49360 109953
84 7 1 34302 109953
84 8 0 56526 123717
84 8 1 34229 123717
84 9 0 51101 137468
84 9 1 34581 137468
85 0 0 37222 13740
85 0 1 52804 13740
85 1 0 37151 27485
85 1 1 53571 27485
85 2 0 37060 41219
85 2 1 51284 41219
85 3 0 37370 54983
85 3 1 55254 54983
85 4 0 38172 68734
85 4 1 54832 68734
85 5 0 46264 82474
85 5 1 33619 82474
85 6 0 47164 96219
85 6 1 34646 96219
85 7 0 46524 109953
85 7 1 34669 109953
85 8 0 46168 123717
85 8 1 34263 123717
85 9 0 46324 137468
85 9 1 34503 137468
86 0 0 38644 13740
86 0 1 52136 13740
86 1 0 36986 27485
86 1 1 54420 27485
86 2 0 37154 41219
86 2 1 53449 41219
86 3 0 36607 54983
86 3 1 54285 54983
86 4 0 37566 68734
86 4 1 55611 68734
86 5 0 47974 82474
86 5 1 34385 82474
86 6 0 48548 96219
86 6 1 34983 96219
86 7 0 47283 109953
86 7 1 34642 109953
86 8 0 47243 123717
86 8 1 34256 123717
86 9 0 47850 137468
86 9 1 35135 137468
87 0 0 37552 13740
87 0 1 54505 13740
87 1 0 37090 27485
87 1 1 56040 27485
87 2 0 37285 41219
87 2 1 57645 41219
87 3 0 37185 54983
87 3 1 56519 54983
87 4 0 37449 68734
87 4 1 57574 68734
87 5 0 51971 82474
87 5 1 34351 82474
87 6 0 48754 96219
87 6 1 35363 96219
87 7 0 50728 109953
87 7 1 34456 109953
87 8 0 49883 123717
87 8 1 34847 123717
87 9 0 51025 137468
87 9 1 34696 137468
88 0 0 36550 13740
88 0 1 58229 13740
88 1 0 37662 27485
88 1 1 62650 27485
88 2 0 36925 41219
88 2 1 55344 41219
88 3 0 37029 54983
88 3 1 56225 54983
88 4 0 36955 68734
88 4 1 58483 68734
88 5 0 50145 82474
88 5 1 34529 82474
88 6 0 53877 96219
88 6 1 35147 96219
88 7 0 48971 109953
88 7 1 35185 109953
88 8 0 47474 123717
88 8 1 33835 123717
88 9 0 49554 137468
88 9 1 35134 137468
89 0 0 38244 13740
89 0 1 55201 13740
89 1 0 36923 27485
89 1 1 56362 27485
89 2 0 36756 41219
89 2 1 54374 41219
89 3 0 36338 54983
89 3 1 55851 54983
89 4 0 36812 68734
89 4 1 56168 68734
89 5 0 54848 82474
89 5 1 34605 82474
89 6 0 52737 96219
89 6 1 34465 96219
89 7 0 50422 109953
89 7 1 34528 109953
89 8 0 49746 123717
89 8 1 34460 123717
89 9 0 56720 137468
89 9 1 34667 137468
90 0 0 37027 13740
90 0 1 63047 13740
90 1 0 36488 27485
90 1 1 61797 27485
90 2 0 37267 41219
90 2 1 54473 41219
90 3 0 37828 54983
90 3 1 61555 54983
90 4 0 38285 68734
90 4 1 56419 68734
90 5 0 53302 82474
90 5 1 34573 82474
90 6 0 48459 96219
90 6 1 35048 96219
90 7 0 49258 109953
90 7 1 35194 109953
90 8 0 53575 123717
90 8 1 34710 123717
90 9 0 52825 137468
90 9 1 34954 137468
91 0 0 37072 13740
91 0 1 55956 13740
91 1 0 36023 27485
91 1 1 55076 27485
91 2 0 36149 41219
91 2 1 54069 41219
91 3 0 36156 54983
91 3 1 54876 54983
91 4 0 38037 68734
91 4 1 54186 68734
91 5 0 50035 82474
91 5 1 34317 82474
91 6 0 49515 96219
91 6 1 34417 96219
91 7 0 48686 109953
91 7 1 34775 109953
91 8 0 49397 123717
91 8 1 34746 123717
91 9 0 50066 137468
91 9 1 34563 137468
92 0 0 38165 13740
92 0 1 58742 13740
92 1 0 37186 27485
92 1 1 54167 27485
92 2 0 38582 41219
92 2 1 53604 41219
92 3 0 37461 54983
92 3 1 62413 54983
92 4 0 37362 68734
92 4 1 56059 68734
92 5 0 49327 82474
92 5 1 34521 82474
92 6 0 49751 96219
92 6 1 34439 96219
92 7 0 50005 109953
92 7 1 34438 109953
92 8 0 49500 123717
92 8 1 34261 123717
92 9 0 47855 137468
92 9 1 34152 137468
93 0 0 36689 13740
93 0 1 55594 13740
93 1 0 36443 27485
93 1 1 55622 27485
93 2 0 37930 41219
93 2 1 53948 41219
93 3 0 37778 54983
93 3 1 55721 54983
93 4 0 36762 68734
93 4 1 56098 68734
93 5 0 54412 82474
93 5 1 34214 82474
93 6 0 54693 96219
93 6 1 34089 96219
93 7 0 50547 109953
93 7 1 34179 109953
93 8 0 48526 123717
93 8 1 33680 123717
93 9 0 52021 137468
93 9 1 33490 137468
94 0 0 38253 13740
94 0 1 58842 13740
94 1 0 37448 27485
94 1 1 54502 27485
94 2 0 36783 41219
94 2 1 58135 41219
94 3 0 36388 54983
94 3 1 59925 54983
94 4 0 37027 68734
94 4 1 55304 68734
94 5 0 46626 82474
94 5 1 34782 82474
94 6 0 48241 96219
94 6 1 34321 96219
94 7 0 49229 109953
94 7 1 34294 109953
94 8 0 49964 123717
94 8 1 34206 123717
94 9 0 49943 137468
94 9 1 34005 137468
95 0 0 35995 13740
95 0 1 57303 13740
95 1 0 37047 27485
95 1 1 52788 27485
95 2 0 36782 41219
95 2 1 58623 41219
95 3 0 37005 54983
95 3 1 55719 54983
95 4 0 37061 68734
95 4 1 55936 68734
95 5 0 49213 82474
95 5 1 34874 82474
95 6 0 57021 96219
95 6 1 33981 96219
95 7 0 52556 109953
95 7 1 34412 109953
95 8 0 48945 123717
95 8 1 34409 123717
95 9 0 50467 137468
95 9 1 34151 137468
96 0 0 36649 13740
96 0 1 58194 13740
96 1 0 36874 27485
96 1 1 61609 27485
96 2 0 36400 41219
96 2 1 56940 41219
96 3 0 37062 54983
96 3 1 54839 54983
96 4 0 35768 68734
96 4 1 54127 68734
96 5 0 49098 82474
96 5 1 34258 82474
96 6 0 51538 96219
96 6 1 33807 96219
96 7 0 46646 109953
96 7 1 33979 109953
96 8 0 48286 123717
96 8 1 33961 123717
96 9 0 51339 137468
96 9 1 34135 137468
97 0 0 38628 13740
97 0 1 54282 13740
97 1 0 36584 27485
97 1 1 61791 27485
97 2 0 37183 41219
97 2 1 54285 41219
97 3 0 38213 54983
97 3 1 54841 54983
97 4 0 36362 68734
97 4 1 56267 68734
97 5 0 50861 82474
97 5 1 33523 82474
97 6 0 50382 96219
97 6 1 33639 96219
97 7 0 48611 109953
97 7 1 33252 109953
97 8 0 49358 123717
97 8 1 33303 123717
97 9 0 51512 137468
97 9 1 34109 137468
98 0 0 37250 13740
98 0 1 56469 13740
98 1 0 36262 27485
98 1 1 57272 27485
98 2 0 37313 41219
98 2 1 55871 41219
98 3 0 38125 54983
98 3 1 60510 54983
98 4 0 37054 68734
98 4 1 58087 68734
98 5 0 49762 82474
98 5 1 34087 82474
98 6 0 47224 96219
98 6 1 33551 96219
98 7 0 52289 109953
98 7 1 34209 109953
98 8 0 51784 123717
98 8 1 33425 123717
98 9 0 51139 137468
98 9 1 34587 137468
99 0 0 37997 13740
99 0 1 59965 13740
99 1 0 37536 27485
99 1 1 54630 27485
99 2 0 36613 41219
99 2 1 54030 41219
99 3 0 36712 54983
99 3 1 57544 54983
99 4 0 37410 68734
99 4 1 54004 68734
99 5 0 48949 82474
99 5 1 33781 82474
99 6 0 48480 96219
99 6 1 34116 96219
99 7 0 48932 109953
99 7 1 34236 109953
99 8 0 49420 123717
99 8 1 33704 123717
99 9 0 48352 137468
99 9 1 34070 137468
100 0 0 36848 13740
100 0 1 54356 13740
100 1 0 36999 27485
100 1 1 58123 27485
100 2 0 37230 41219
100 2 1 54836 41219
100 3 0 36560 54983
100 3 1 56222 54983
100 4 0 36960 68734
100 4 1 56017 68734
100 5 0 49666 82474
100 5 1 33521 82474
100 6 0 49186 96219
100 6 1 34418 96219
100 7 0 53219 109953
100 7 1 34395 109953
100 8 0 49312 123717
100 8 1 34310 123717
100 9 0 46914 137468
100 9 1 33014 137468
101 0 0 37654 13740
101 0 1 55454 13740
101 1 0 36879 27485
101 1 1 54047 27485
101 2 0 38491 41219
101 2 1 55593 41219
101 3 0 36714 54983
101 3 1 55596 54983
101 4 0 37179 68734
101 4 1 55863 68734
101 5 0 51999 82474
101 5 1 34354 82474
101 6 0 52415 96219
101 6 1 33836 96219
101 7 0 49878 109953
101 7 1 33958 109953
101 8 0 49088 123717
101 8 1 33528 123717
101 9 0 51572 137468
101 9 1 33754 137468
102 0 0 37085 13740
102 0 1 57028 13740
102 1 0 38460 27485
102 1 1 62249 27485
102 2 0 37158 41219
102 2 1 55154 41219
102 3 0 36921 54983
102 3 1 59356 54983
102 4 0 36964 68734
102 4 1 56358 68734
102 5 0 51334 82474
102 5 1 33656 82474
102 6 0 47751 96219
102 6 1 33271 96219
102 7 0 49474 109953
102 7 1 33908 109953
102 8 0 49373 123717
102 8 1 33388 123717
102 9 0 51434 137468
102 9 1 33551 137468
103 0 0 37143 13740
103 0 1 53884 13740
103 1 0 37393 27485
103 1 1 54295 27485
103 2 0 36834 41219
103 2 1 53625 41219
103 3 0 36927 54983
103 3 1 55874 54983
103 4 0 37118 68734
103 4 1 53577 68734
103 5 0 49560 82474
103 5 1 34060 82474
103 6 0 48502 96219
103 6 1 34088 96219
103 7 0 49898 109953
103 7 1 34429 109953
103 8 0 53320 123717
103 8 1 33631 123717
103 9 0 47019 137468
103 9 1 33828 137468
104 0 0 37187 13740
104 0 1 57104 13740
104 1 0 37331 27485
104 1 1 56052 27485
104 2 0 36596 41219
104 2 1 54373 41219
104 3 0 37392 54983
104 3 1 53698 54983
104 4 0 37560 68734
104 4 1 53119 68734
104 5 0 48283 82474
104 5 1 33891 82474
104 6 0 47501 96219
104 6 1 34240 96219
104 7 0 47154 109953
104 7 1 34160 109953
104 8 0 47347 123717
104 8 1 33277 123717
104 9 0 52441 137468
104 9 1 33675 137468
105 0 0 37267 13740
105 0 1 57964 13740
105 1 0 36813 27485
105 1 1 58492 27485
105 2 0 36350 41219
105 2 1 54682 41219
105 3 0 36896 54983
105 3 1 56310 54983
105 4 0 37141 68734
105 4 1 53895 68734
105 5 0 47593 82474
105 5 1 34007 82474
105 6 0 54100 96219
105 6 1 33640 96219
105 7 0 47474 109953
105 7 1 33451 109953
105 8 0 47074 123717
105 8 1 34313 123717
105 9 0 53343 137468
105 9 1 33548 137468
106 0 0 37263 13740
106 0 1 53505 13740
106 1 0 36771 27485
106 1 1 56198 27485
106 2 0 37147 41219
106 2 1 57985 41219
106 3 0 38337 54983
106 3 1 56746 54983
106 4 0 37339 68734
106 4 1 52159 68734
106 5 0 54863 82474
106 5 1 33176 82474
106 6 0 50102 96219
106 6 1 33558 96219
106 7 0 55027 109953
106 7 1 34227 109953
106 8 0 50072 123717
106 8 1 34196 123717
106 9 0 50182 137468
106 9 1 33581 137468
107 0 0 37249 13740
107 0 1 53986 13740
107 1 0 36596 27485
107 1 1 55832 27485
107 2 0 36726 41219
107 2 1 55973 41219
107 3 0 36982 54983
107 3 1 62495 54983
107 4 0 36948 68734
107 4 1 54986 68734
107 5 0 49610 82474
107 5 1 34297 82474
107 6 0 52143 96219
107 6 1 33873 96219
107 7 0 52324 109953
107 7 1 34040 109953
107 8 0 48435 123717
107 8 1 34130 123717
107 9 0 50846 137468
107 9 1 33803 137468
108 0 0 36625 13740
108 0 1 55340 13740
108 1 0 38270 27485
108 1 1 52696 27485
108 2 0 37421 41219
108 2 1 62322 41219
108 3 0 38670 54983
108 3 1 57297 54983
108 4 0 36688 68734
108 4 1 57350 68734
108 5 0 47918 82474
108 5 1 33717 82474
108 6 0 52882 96219
108 6 1 34287 96219
108 7 0 49259 109953
108 7 1 33606 109953
108 8 0 49435 123717
108 8 1 34280 123717
108 9 0 47930 137468
108 9 1 34257 137468
109 0 0 37445 13740
109 0 1 52789 13740
109 1 0 38045 27485
109 1 1 53491 27485
109 2 0 37324 41219
109 2 1 55122 41219
109 3 0 36612 54983
109 3 1 53916 54983
109 4 0 38024 68734
109 4 1 53192 68734
109 5 0 50549 82474
109 5 1 33654 82474
109 6 0 50171 96219
109 6 1 34307 96219
109 7 0 50271 109953
109 7 1 34074 109953
109 8 0 49976 123717
109 8 1 33937 123717
109 9 0 48188 137468
109 9 1 34328 137468
110 0 0 38146 13740
110 0 1 54223 13740
110 1 0 37186 27485
110 1 1 56618 27485
110 2 0 38467 41219
110 2 1 54804 41219
110 3 0 36984 54983
110 3 1 54157 54983
110 4 0 37046 68734
110 4 1 56179 68734
110 5 0 52382 82474
110 5 1 34141 82474
110 6 0 48022 96219
110 6 1 34448 96219
110 7 0 50299 109953
110 7 1 34247 109953
110 8 0 48118 123717
110 8 1 33650 123717
110 9 0 52145 137468
110 9 1 34215 137468
111 0 0 36851 13740
111 0 1 54094 13740
111 1 0 36915 27485
111 1 1 52982 27485
111 2 0 36952 41219
111 2 1 55788 41219
111 3 0 37040 54983
111 3 1 59554 54983
111 4 0 37970 68734
111 4 1 55124 68734
111 5 0 48939 82474
111 5 1 34008 82474
111 6 0 50542 96219
111 6 1 33692 96219
111 7 0 49210 109953
111 7 1 34434 109953
111 8 0 51773 123717
111 8 1 33942 123717
111 9 0 49418 137468
111 9 1 33199 137468
112 0 0 36865 13740
112 0 1 59565 13740
112 1 0 37262 27485
112 1 1 53152 27485
112 2 0 36860 41219
112 2 1 53609 41219
112 3 0 37226 54983
112 3 1 53474 54983
112 4 0 37143 68734
112 4 1 52588 68734
112 5 0 48186 82474
112 5 1 33859 82474
112 6 0 50200 96219
112 6 1 34393 96219
112 7 0 49630 109953
112 7 1 33644 109953
112 8 0 52849 123717
112 8 1 34191 123717
112 9 0 48490 137468
112 9 1 33903 137468
113 0 0 37170 13740
113 0 1 62269 13740
113 1 0 37506 27485
113 1 1 51959 27485
113 2 0 37224 41219
113 2 1 59783 41219
113 3 0 37895 54983
113 3 1 55652 54983
113 4 0 37479 68734
113 4 1 58551 68734
113 5 0 49589 82474
113 5 1 33901 82474
113 6 0 49068 96219
113 6 1 34153 96219
113 7 0 50952 109953
113 7 1 34442 109953
113 8 0 47996 123717
113 8 1 33772 123717
113 9 0 49832 137468
113 9 1 33839 137468
114 0 0 37730 13740
114 0 1 56947 13740
114 1 0 37036 27485
114 1 1 56227 27485
114 2 0 37056 41219
114 2 1 57513 41219
114 3 0 37736 54983
114 3 1 56069 54983
114 4 0 37008 68734
114 4 1 58409 68734
114 5 0 47224 82474
114 5 1 34128 82474
114 6 0 50445 96219
114 6 1 34634 96219
114 7 0 47979 109953
114 7 1 33474 109953
114 8 0 56589 123717
114 8 1 33997 123717
114 9 0 48755 137468
114 9 1 33947 137468
115 0 0 36513 13740
115 0 1 58424 13740
115 1 0 36964 27485
115 1 1 57415 27485
115 2 0 38316 41219
115 2 1 54353 41219
115 3 0 36483 54983
115 3 1 61196 54983
115 4 0 37250 68734
115 4 1 57275 68734
115 5 0 50024 82474
115 5 1 34145 82474
115 6 0 50238 96219
115 6 1 34822 96219
115 7 0 51119 109953
115 7 1 33630 109953
115 8 0 49137 123717
115 8 1 34026 123717
115 9 0 50622 137468
115 9 1 34119 137468
116 0 0 37420 13740
116 0 1 56006 13740
116 1 0 37530 27485
116 1 1 55608 27485
116 2 0 36663 41219
116 2 1 54334 41219
116 3 0 37148 54983
116 3 1 54197 54983
116 4 0 36824 68734
116 4 1 53260 68734
116 5 0 51826 82474
116 5 1 33759 82474
116 6 0 51482 96219
116 6 1 33500 96219
116 7 0 53690 109953
116 7 1 33671 109953
116 8 0 47822 123717
116 8 1 33984 123717
116 9 0 52282 137468
116 9 1 34426 137468
117 0 0 37558 13740
117 0 1 58076 13740
117 1 0 36741 27485
117 1 1 52769 27485
117 2 0 36480 41219
117 2 1 54342 41219
117 3 0 37071 54983
117 3 1 56812 54983
117 4 0 37013 68734
117 4 1 56480 68734
117 5 0 49739 82474
117 5 1 34180 82474
117 6 0 52416 96219
117 6 1 34218 96219
117 7 0 51893 109953
117 7 1 34213 109953
117 8 0 50808 123717
117 8 1 34103 123717
117 9 0 47269 137468
117 9 1 34575 137468
118 0 0 37602 13740
118 0 1 55901 13740
118 1 0 38632 27485
118 1 1 61471 27485
118 2 0 37438 41219
118 2 1 61801 41219
118 3 0 37592 54983
118 3 1 54409 54983
118 4 0 37677 68734
118 4 1 62048 68734
118 5 0 50029 82474
118 5 1 34032 82474
118 6 0 47994 96219
118 6 1 33734 96219
118 7 0 48185 109953
118 7 1 33959 109953
118 8 0 49296 123717
118 8 1 34206 123717
118 9 0 51635 137468
118 9 1 34094 137468
119 0 0 37817 13740
119 0 1 58157 13740
119 1 0 38703 27485
119 1 1 58812 27485
119 2 0 37184 41219
119 2 1 61614 41219
119 3 0 37397 54983
119 3 1 57279 54983
119 4 0 37462 68734
119 4 1 61424 68734
119 5 0 52507 82474
119 5 1 34007 82474
119 6 0 49770 96219
119 6 1 34321 96219
119 7 0 48806 109953
119 7 1 34170 109953
119 8 0 53040 123717
119 8 1 34083 123717
119 9 0 50017 137468
119 9 1 34225 137468
120 0 0 36014 13740
120 0 1 54855 13740
120 1 0 36701 27485
120 1 1 52601 27485
120 2 0 35949 41219
120 2 1 57946 41219
120 3 0 37088 54983
120 3 1 57446 54983
120 4 0 35918 68734
120 4 1 59991 68734
120 5 0 49615 82474
120 5 1 33580 82474
120 6 0 48168 96219
120 6 1 33319 96219
120 7 0 51744 109953
120 7 1 33329 109953
120 8 0 53496 123717
120 8 1 33620 123717
120 9 0 54189 137468
120 9 1 33760 137468
121 0 0 37382 13740
121 0 1 52765 13740
121 1 0 37498 27485
121 1 1 52915 27485
121 2 0 37795 41219
121 2 1 56101 41219
121 3 0 37741 54983
121 3 1 53884 54983
121 4 0 37111 68734
121 4 1 54047 68734
121 5 0 49066 82474
121 5 1 34029 82474
121 6 0 52793 96219
121 6 1 34012 96219
121 7 0 48490 109953
121 7 1 34068 109953
121 8 0 53225 123717
121 8 1 33755 123717
121 9 0 48998 137468
121 9 1 33684 137468
122 0 0 37355 13740
122 0 1 55445 13740
122 1 0 37040 27485
122 1 1 58441 27485
122 2 0 37024 41219
122 2 1 54905 41219
122 3 0 37491 54983
122 3 1 59011 54983
122 4 0 36800 68734
122 4 1 52576 68734
122 5 0 50037 82474
122 5 1 34107 82474
122 6 0 48997 96219
122 6 1 33946 96219
122 7 0 50020 109953
122 7 1 34340 109953
122 8 0 51346 123717
122 8 1 33514 123717
122 9 0 48170 137468
122 9 1 34040 137468
123 0 0 36260 13740
123 0 1 51696 13740
123 1 0 37880 27485
123 1 1 50857 27485
123 2 0 35885 41219
123 2 1 53569 41219
123 3 0 37173 54983
123 3 1 53028 54983
123 4 0 36192 68734
123 4 1 50163 68734
123 5 0 50784 82474
123 5 1 34282 82474
123 6 0 48772 96219
123 6 1 34023 96219
123 7 0 47829 109953
123 7 1 33762 109953
123 8 0 47871 123717
123 8 1 34246 123717
123 9 0 48103 137468
123 9 1 34272 137468
124 0 0 36933 13740
124 0 1 52978 13740
124 1 0 37814 27485
124 1 1 55090 27485
124 2 0 37357 41219
124 2 1 53291 41219
124 3 0 36629 54983
124 3 1 55758 54983
124 4 0 37045 68734
124 4 1 52042 68734
124 5 0 49782 82474
124 5 1 34268 82474
124 6 0 49758 96219
124 6 1 33756 96219
124 7 0 47499 109953
124 7 1 33435 109953
124 8 0 50061 123717
124 8 1 34026 123717
124 9 0 50333 137468
124 9 1 33953 137468
125 0 0 38155 13740
125 0 1 58464 13740
125 1 0 37088 27485
125 1 1 56217 27485
125 2 0 36556 41219
125 2 1 56300 41219
125 3 0 36849 54983
125 3 1 53182 54983
125 4 0 37652 68734
125 4 1 56393 68734
125 5 0 50000 82474
125 5 1 33987 82474
125 6 0 52788 96219
125 6 1 34167 96219
125 7 0 48385 109953
125 7 1 33908 109953
125 8 0 56768 123717
125 8 1 34443 123717
125 9 0 50394 137468
125 9 1 33926 137468
126 0 0 37091 13740
126 0 1 54963 13740
126 1 0 36873 27485
126 1 1 57174 27485
126 2 0 38032 41219
126 2 1 52385 41219
126 3 0 37428 54983
126 3 1 53742 54983
126 4 0 37685 68734
126 4 1 53717 68734
126 5 0 47780 82474
126 5 1 34173 82474
126 6 0 47685 96219
126 6 1 33725 96219
126 7 0 47184 109953
126 7 1 34664 109953
126 8 0 47637 123717
126 8 1 33673 123717
126 9 0 56690 137468
126 9 1 34147 137468
127 0 0 36897 13740
127 0 1 57734 13740
127 1 0 36702 27485
127 1 1 60709 27485
127 2 0 36856 41219
127 2 1 59417 41219
127 3 0 37109 54983
127 3 1 56327 54983
127 4 0 37511 68734
127 4 1 55694 68734
127 5 0 46394 82474
127 5 1 33641 82474
127 6 0 49632 96219
127 6 1 34093 96219
127 7 0 49850 109953
127 7 1 33548 109953
127 8 0 49629 123717
127 8 1 33951 123717
127 9 0 52808 137468
127 9 1 33548 137468
128 0 0 36320 13740
128 0 1 56365 13740
128 1 0 37407 27485
128 1 1 56712 27485
128 2 0 37505 41219
128 2 1 54929 41219
128 3 0 37644 54983
128 3 1 57703 54983
128 4 0 36379 68734
128 4 1 55398 68734
128 5 0 49933 82474
128 5 1 33893 82474
128 6 0 48632 96219
128 6 1 34320 96219
128 7 0 50775 109953
128 7 1 34389 109953
128 8 0 49977 123717
128 8 1 33836 123717
128 9 0 48293 137468
128 9 1 33501 137468
129 0 0 36453 13740
129 0 1 60201 13740
129 1 0 37440 27485
129 1 1 54917 27485
129 2 0 36608 41219
129 2 1 53153 41219
129 3 0 36715 54983
129 3 1 57558 54983
129 4 0 37010 68734
129 4 1 57391 68734
129 5 0 49717 82474
129 5 1 33691 82474
129 6 0 51036 96219
129 6 1 33697 96219
129 7 0 47349 109953
129 7 1 33464 109953
129 8 0 49349 123717
129 8 1 34246 123717
129 9 0 48619 137468
129 9 1 33289 137468
130 0 0 36844 13740
130 0 1 51903 13740
130 1 0 36266 27485
130 1 1 54274 27485
130 2 0 37500 41219
130 2 1 52745 41219
130 3 0 36743 54983
130 3 1 55686 54983
130 4 0 36096 68734
130 4 1 52957 68734
130 5 0 46963 82474
130 5 1 33372 82474
130 6 0 49451 96219
130 6 1 34011 96219
130 7 0 50299 109953
130 7 1 33638 109953
130 8 0 49366 123717
130 8 1 34146 123717
130 9 0 49694 137468
130 9 1 34143 137468
131 0 0 37246 13740
131 0 1 54745 13740
131 1 0 37066 27485
131 1 1 56598 27485
131 2 0 36403 41219
131 2 1 55539 41219
131 3 0 37903 54983
131 3 1 53345 54983
131 4 0 37738 68734
131 4 1 57113 68734
131 5 0 53117 82474
131 5 1 33838 82474
131 6 0 50060 96219
131 6 1 34244 96219
131 7 0 47719 109953
131 7 1 33911 109953
131 8 0 49963 123717
131 8 1 34092 123717
131 9 0 50081 137468
131 9 1 33616 137468
132 0 0 36333 13740
132 0 1 56657 13740
132 1 0 38039 27485
132 1 1 54903 27485
132 2 0 36617 41219
132 2 1 57118 41219
132 3 0 36061 54983
132 3 1 57370 54983
132 4 0 37341 68734
132 4 1 55797 68734
132 5 0 51412 82474
132 5 1 34251 82474
132 6 0 50826 96219
132 6 1 34067 96219
132 7 0 50644 109953
132 7 1 34108 109953
132 8 0 51119 123717
132 8 1 34024 123717
132 9 0 50366 137468
132 9 1 34528 137468
133 0 0 37222 13740
133 0 1 54931 13740
133 1 0 36973 27485
133 1 1 55349 27485
133 2 0 37033 41219
133 2 1 54232 41219
133 3 0 37110 54983
133 3 1 53048 54983
133 4 0 36803 68734
133 4 1 53933 68734
133 5 0 49876 82474
133 5 1 33571 82474
133 6 0 56486 96219
133 6 1 33661 96219
133 7 0 48242 109953
133 7 1 33509 109953
133 8 0 52295 123717
133 8 1 32974 123717
133 9 0 49451 137468
133 9 1 33506 137468
134 0 0 35794 13740
134 0 1 56841 13740
134 1 0 37088 27485
134 1 1 54559 27485
134 2 0 36166 41219
134 2 1 56238 41219
134 3 0 36516 54983
134 3 1 54036 54983
134 4 0 35846 68734
134 4 1 55259 68734
134 5 0 51755 82474
134 5 1 33684 82474
134 6 0 47470 96219
134 6 1 33545 96219
134 7 0 49766 109953
134 7 1 33541 109953
134 8 0 46823 123717
134 8 1 33487 123717
134 9 0 49740 137468
134 9 1 34002 137468
135 0 0 37170 13740
135 0 1 53251 13740
135 1 0 36115 27485
135 1 1 52193 27485
135 2 0 36760 41219
135 2 1 55625 41219
135 3 0 37864 54983
135 3 1 55358 54983
135 4 0 37322 68734
135 4 1 56054 68734
135 5 0 48621 82474
135 5 1 33301 82474
135 6 0 50527 96219
135 6 1 33543 96219
135 7 0 51826 109953
135 7 1 33523 109953
135 8 0 48200 123717
135 8 1 33821 123717
135 9 0 49537 137468
135 9 1 34338 137468
136 0 0 36912 13740
136 0 1 55222 13740
136 1 0 37156 27485
136 1 1 55164 27485
136 2 0 36857 41219
136 2 1 53775 41219
136 3 0 36830 54983
136 3 1 52439 54983
136 4 0 37276 68734
136 4 1 52484 68734
136 5 0 48202 82474
136 5 1 33235 82474
136 6 0 45925 96219
136 6 1 32952 96219
136 7 0 50702 109953
136 7 1 33601 109953
136 8 0 49691 123717
136 8 1 33225 123717
136 9 0 50043 137468
136 9 1 33540 137468
137 0 0 36821 13740
137 0 1 55805 13740
137 1 0 37799 27485
137 1 1 61626 27485
137 2 0 37642 41219
137 2 1 54149 41219
137 3 0 36590 54983
137 3 1 55665 54983
137 4 0 36562 68734
137 4 1 56092 68734
137 5 0 49942 82474
137 5 1 33953 82474
137 6 0 50296 96219
137 6 1 34041 96219
137 7 0 49213 109953
137 7 1 34591 109953
137 8 0 50485 123717
137 8 1 34023 123717
137 9 0 50721 137468
137 9 1 33935 137468
138 0 0 36880 13740
138 0 1 54213 13740
138 1 0 38110 27485
138 1 1 57931 27485
138 2 0 37346 41219
138 2 1 60314 41219
138 3 0 37733 54983
138 3 1 58690 54983
138 4 0 37599 68734
138 4 1 60104 68734
138 5 0 50179 82474
138 5 1 34073 82474
138 6 0 50567 96219
138 6 1 33828 96219
138 7 0 47847 109953
138 7 1 33339 109953
138 8 0 49532 123717
138 8 1 33906 123717
138 9 0 47104 137468
138 9 1 33256 137468
139 0 0 36350 13740
139 0 1 53976 13740
139 1 0 36793 27485
139 1 1 61226 27485
139 2 0 36957 41219
139 2 1 59206 41219
139 3 0 38077 54983
139 3 1 53498 54983
139 4 0 36768 68734
139 4 1 54615 68734
139 5 0 53122 82474
139 5 1 34294 82474
139 6 0 50239 96219
139 6 1 34070 96219
139 7 0 50103 109953
139 7 1 34078 109953
139 8 0 50673 123717
139 8 1 34153 123717
139 9 0 50931 137468
139 9 1 33741 137468
140 0 0 36536 13740
140 0 1 53456 13740
140 1 0 36735 27485
140 1 1 56693 27485
140 2 0 36181 41219
140 2 1 54997 41219
140 3 0 36623 54983
140 3 1 53976 54983
140 4 0 36546 68734
140 4 1 55174 68734
140 5 0 49846 82474
140 5 1 34504 82474
140 6 0 47824 96219
140 6 1 34184 96219
140 7 0 47719 109953
140 7 1 33764 109953
140 8 0 48808 123717
140 8 1 34558 123717
140 9 0 47039 137468
140 9 1 33977 137468
141 0 0 36531 13740
141 0 1 61664 13740
141 1 0 37349 27485
141 1 1 56279 27485
141 2 0 37053 41219
141 2 1 55261 41219
141 3 0 36292 54983
141 3 1 56808 54983
141 4 0 37536 68734
141 4 1 59086 68734
141 5 0 50827 82474
141 5 1 34034 82474
141 6 0 50558 96219
141 6 1 34208 96219
141 7 0 48809 109953
141 7 1 34578 109953
141 8 0 49900 123717
141 8 1 34010 123717
141 9 0 48759 137468
141 9 1 33665 137468
142 0 0 36320 13740
142 0 1 55388 13740
142 1 0 37070 27485
142 1 1 56953 27485
142 2 0 36524 41219
142 2 1 59324 41219
142 3 0 37191 54983
142 3 1 55865 54983
142 4 0 37338 68734
142 4 1 54420 68734
142 5 0 50079 82474
142 5 1 32862 82474
142 6 0 52011 96219
142 6 1 33355 96219
142 7 0 48719 109953
142 7 1 32989 109953
142 8 0 49418 123717
142 8 1 33311 123717
142 9 0 49496 137468
142 9 1 32782 137468
143 0 0 38210 13740
143 0 1 59521 13740
143 1 0 36817 27485
143 1 1 61825 27485
143 2 0 36883 41219
143 2 1 57773 41219
143 3 0 36859 54983
143 3 1 56836 54983
143 4 0 36829 68734
143 4 1 57319 68734
143 5 0 50430 82474
143 5 1 33612 82474
143 6 0 52138 96219
143 6 1 33828 96219
143 7 0 46996 109953
143 7 1 33891 109953
143 8 0 47595 123717
143 8 1 33625 123717
143 9 0 49929 137468
143 9 1 33579 137468
144 0 0 36912 13740
144 0 1 55469 13740
144 1 0 36710 27485
144 1 1 52832 27485
144 2 0 36556 41219
144 2 1 56382 41219
144 3 0 37933 54983
144 3 1 56816 54983
144 4 0 37846 68734
144 4 1 59346 68734
144 5 0 48917 82474
144 5 1 34526 82474
144 6 0 54137 96219
144 6 1 34215 96219
144 7 0 50282 109953
144 7 1 33500 109953
144 8 0 49837 123717
144 8 1 33876 123717
144 9 0 56028 137468
144 9 1 34735 137468
145 0 0 34320 13740
145 0 1 51952 13740
145 1 0 33937 27485
145 1 1 52070 27485
145 2 0 33410 41219
145 2 1 51680 41219
145 3 0 36277 54983
145 3 1 50844 54983
145 4 0 33908 68734
145 4 1 50551 68734
145 5 0 53502 82474
145 5 1 31497 82474
145 6 0 47069 96219
145 6 1 32272 96219
145 7 0 47774 109953
145 7 1 31888 109953
145 8 0 50327 123717
145 8 1 31938 123717
145 9 0 49485 137468
145 9 1 31790 137468
146 0 0 36212 13740
146 0 1 54009 13740
146 1 0 36706 27485
146 1 1 56200 27485
146 2 0 37280 41219
146 2 1 55890 41219
146 3 0 37305 54983
146 3 1 53897 54983
146 4 0 37566 68734
146 4 1 57494 68734
146 5 0 49956 82474
146 5 1 34237 82474
146 6 0 51074 96219
146 6 1 34169 96219
146 7 0 52745 109953
146 7 1 34474 109953
146 8 0 50651 123717
146 8 1 34516 123717
146 9 0 53300 137468
146 9 1 34201 137468
147 0 0 36990 13740
147 0 1 55843 13740
147 1 0 36610 27485
147 1 1 54564 27485
147 2 0 38277 41219
147 2 1 55469 41219
147 3 0 37076 54983
147 3 1 58446 54983
147 4 0 37564 68734
147 4 1 58796 68734
147 5 0 52108 82474
147 5 1 33957 82474
147 6 0 50322 96219
147 6 1 33663 96219
147 7 0 47790 109953
147 7 1 33743 109953
147 8 0 51042 123717
147 8 1 34335 123717
147 9 0 52220 137468
147 9 1 34424 137468
148 0 0 37464 13740
148 0 1 59057 13740
148 1 0 36967 27485
148 1 1 61033 27485
148 2 0 37190 41219
148 2 1 55345 41219
148 3 0 37163 54983
148 3 1 60746 54983
148 4 0 36646 68734
148 4 1 56432 68734
148 5 0 49828 82474
148 5 1 34048 82474
148 6 0 49748 96219
148 6 1 33957 96219
148 7 0 48501 109953
148 7 1 33950 109953
148 8 0 51130 123717
148 8 1 34375 123717
148 9 0 50089 137468
148 9 1 33895 137468
149 0 0 36320 13740
149 0 1 53208 13740
149 1 0 37533 27485
149 1 1 59773 27485
149 2 0 37177 41219
149 2 1 56046 41219
149 3 0 36683 54983
149 3 1 53530 54983
149 4 0 36244 68734
149 4 1 55532 68734
149 5 0 50406 82474
149 5 1 33807 82474
149 6 0 49648 96219
149 6 1 34029 96219
149 7 0 53249 109953
149 7 1 33365 109953
149 8 0 50670 123717
149 8 1 33944 123717
149 9 0 53977 137468
149 9 1 34318 137468
150 0 0 36771 13740
150 0 1 58490 13740
150 1 0 36879 27485
150 1 1 54228 27485
150 2 0 37135 41219
150 2 1 55972 41219
150 3 0 36646 54983
150 3 1 56491 54983
150 4 0 36352 68734
150 4 1 55749 68734
150 5 0 55071 82474
150 5 1 34226 82474
150 6 0 47701 96219
150 6 1 34111 96219
150 7 0 50837 109953
150 7 1 33722 109953
150 8 0 50529 123717
150 8 1 34412 123717
150 9 0 50321 137468
150 9 1 33857 137468
151 0 0 38336 13740
151 0 1 53071 13740
151 1 0 37475 27485
151 1 1 53646 27485
151 2 0 37318 41219
151 2 1 58636 41219
151 3 0 38085 54983
151 3 1 54245 54983
151 4 0 37799 68734
151 4 1 55564 68734
151 5 0 49638 82474
151 5 1 33260 82474
151 6 0 54911 96219
151 6 1 33737 96219
151 7 0 49433 109953
151 7 1 33346 109953
151 8 0 53730 123717
151 8 1 33584 123717
151 9 0 48966 137468
151 9 1 33140 137468
152 0 0 38288 13740
152 0 1 54640 13740
152 1 0 36493 27485
152 1 1 58540 27485
152 2 0 37318 41219
152 2 1 56275 41219
152 3 0 36905 54983
152 3 1 56141 54983
152 4 0 37264 68734
152 4 1 55549 68734
152 5 0 50501 82474
152 5 1 33358 82474
152 6 0 51519 96219
152 6 1 34127 96219
152 7 0 50707 109953
152 7 1 33620 109953
152 8 0 53617 123717
152 8 1 34049 123717
152 9 0 54891 137468
152 9 1 34044 137468
153 0 0 36626 13740
153 0 1 57200 13740
153 1 0 37163 27485
153 1 1 56298 27485
153 2 0 36707 41219
153 2 1 61675 41219
153 3 0 36521 54983
153 3 1 60849 54983
153 4 0 37882 68734
153 4 1 56013 68734
153 5 0 56323 82474
153 5 1 33882 82474
153 6 0 50911 96219
153 6 1 33787 96219
153 7 0 47798 109953
153 7 1 33208 109953
153 8 0 53527 123717
153 8 1 33358 123717
153 9 0 51900 137468
153 9 1 33624 137468
154 0 0 29952 13740
154 0 1 46590 13740
154 1 0 29912 27485
154 1 1 50031 27485
154 2 0 30196 41219
154 2 1 49017 41219
154 3 0 30750 54983
154 3 1 47052 54983
154 4 0 30152 68734
154 4 1 50715 68734
154 5 0 47595 82474
154 5 1 31947 82474
154 6 0 47789 96219
154 6 1 31522 96219
154 7 0 48147 109953
154 7 1 31474 109953
154 8 0 52252 123717
154 8 1 31701 123717
154 9 0 48764 137468
154 9 1 31849 137468
155 0 0 34687 13740
155 0 1 53097 13740
155 1 0 34819 27485
155 1 1 53588 27485
155 2 0 34997 41219
155 2 1 55541 41219
155 3 0 34289 54983
155 3 1 56731 54983
155 4 0 34513 68734
155 4 1 53512 68734
155 5 0 50879 82474
155 5 1 32122 82474
155 6 0 52713 96219
155 6 1 31363 96219
155 7 0 50198 109953
155 7 1 31759 109953
155 8 0 48283 123717
155 8 1 32077 123717
155 9 0 51677 137468
155 9 1 31533 137468
156 0 0 36885 13740
156 0 1 56211 13740
156 1 0 37045 27485
156 1 1 55409 27485
156 2 0 36546 41219
156 2 1 57007 41219
156 3 0 36936 54983
156 3 1 56282 54983
156 4 0 37990 68734
156 4 1 52627 68734
156 5 0 51468 82474
156 5 1 34272 82474
156 6 0 50995 96219
156 6 1 34245 96219
156 7 0 49899 109953
156 7 1 33629 109953
156 8 0 48752 123717
156 8 1 34211 123717
156 9 0 51021 137468
156 9 1 33349 137468
157 0 0 37692 13740
157 0 1 53534 13740
157 1 0 37824 27485
157 1 1 53623 27485
157 2 0 36544 41219
157 2 1 55786 41219
157 3 0 37246 54983
157 3 1 55426 54983
157 4 0 36987 68734
157 4 1 55892 68734
157 5 0 48381 82474
157 5 1 33924 82474
157 6 0 49750 96219
157 6 1 33896 96219
157 7 0 49176 109953
157 7 1 33379 109953
157 8 0 50795 123717
157 8 1 34024 123717
157 9 0 49653 137468
157 9 1 33424 137468
158 0 0 36996 13740
158 0 1 55806 13740
158 1 0 36293 27485
158 1 1 55906 27485
158 2 0 37286 41219
158 2 1 56669 41219
158 3 0 36895 54983
158 3 1 55589 54983
158 4 0 35659 68734
158 4 1 54311 68734
158 5 0 53529 82474
158 5 1 34558 82474
158 6 0 55785 96219
158 6 1 33556 96219
158 7 0 49502 109953
158 7 1 34269 109953
158 8 0 56473 123717
158 8 1 33935 123717
158 9 0 51075 137468
158 9 1 34368 137468
159 0 0 31812 13740
159 0 1 46554 13740
159 1 0 31830 27485
159 1 1 44533 27485
159 2 0 31857 41219
159 2 1 46458 41219
159 3 0 33225 54983
159 3 1 44629 54983
159 4 0 31716 68734
159 4 1 47126 68734
159 5 0 46380 82474
159 5 1 28613 82474
159 6 0 44808 96219
159 6 1 28878 96219
159 7 0 47420 109953
159 7 1 30054 109953
159 8 0 49292 123717
159 8 1 29475 123717
159 9 0 42563 137468
159 9 1 28991 137468
160 0 0 36871 13740
160 0 1 55470 13740
160 1 0 36888 27485
160 1 1 56267 27485
160 2 0 36735 41219
160 2 1 55528 41219
160 3 0 37408 54983
160 3 1 54241 54983
160 4 0 36909 68734
160 4 1 57014 68734
160 5 0 50590 82474
160 5 1 33853 82474
160 6 0 47861 96219
160 6 1 33760 96219
160 7 0 48730 109953
160 7 1 33912 109953
160 8 0 50285 123717
160 8 1 34106 123717
160 9 0 48725 137468
160 9 1 34786 137468
161 0 0 37259 13740
161 0 1 61497 13740
161 1 0 37520 27485
161 1 1 54439 27485
161 2 0 36783 41219
161 2 1 62716 41219
161 3 0 37351 54983
161 3 1 56674 54983
161 4 0 37764 68734
161 4 1 61559 68734
161 5 0 49844 82474
161 5 1 34154 82474
161 6 0 50944 96219
161 6 1 34197 96219
161 7 0 53565 109953
161 7 1 34022 109953
161 8 0 53358 123717
161 8 1 33964 123717
161 9 0 53914 137468
161 9 1 34156 137468
162 0 0 37452 13740
162 0 1 59974 13740
162 1 0 36959 27485
162 1 1 56610 27485
162 2 0 37108 41219
162 2 1 57028 41219
162 3 0 37284 54983
162 3 1 60769 54983
162 4 0 36976 68734
162 4 1 55046 68734
162 5 0 50669 82474
162 5 1 34582 82474
162 6 0 53257 96219
162 6 1 33990 96219
162 7 0 50197 109953
162 7 1 34483 109953
162 8 0 50549 123717
162 8 1 34155 123717
162 9 0 50579 137468
162 9 1 34386 137468
163 0 0 37061 13740
163 0 1 56580 13740
163 1 0 36559 27485
163 1 1 57828 27485
163 2 0 36689 41219
163 2 1 54482 41219
163 3 0 36844 54983
163 3 1 62102 54983
163 4 0 37139 68734
163 4 1 53531 68734
163 5 0 50357 82474
163 5 1 33299 82474
163 6 0 47293 96219
163 6 1 33857 96219
163 7 0 49969 109953
163 7 1 33865 109953
163 8 0 47474 123717
163 8 1 33659 123717
163 9 0 46871 137468
163 9 1 33639 137468
164 0 0 36700 13740
164 0 1 53067 13740
164 1 0 37308 27485
164 1 1 56584 27485
164 2 0 37170 41219
164 2 1 53324 41219
164 3 0 37532 54983
164 3 1 56650 54983
164 4 0 36375 68734
164 4 1 57099 68734
164 5 0 49556 82474
164 5 1 33193 82474
164 6 0 49251 96219
164 6 1 33722 96219
164 7 0 52856 109953
164 7 1 33973 109953
164 8 0 48890 123717
164 8 1 34024 123717
164 9 0 48887 137468
164 9 1 34004 137468
165 0 0 36651 13740
165 0 1 57812 13740
165 1 0 36635 27485
165 1 1 55759 27485
165 2 0 36944 41219
165 2 1 58457 41219
165 3 0 36445 54983
165 3 1 56862 54983
165 4 0 36802 68734
165 4 1 56062 68734
165 5 0 53791 82474
165 5 1 33919 82474
165 6 0 50657 96219
165 6 1 33325 96219
165 7 0 48395 109953
165 7 1 33321 109953
165 8 0 47861 123717
165 8 1 34214 123717
165 9 0 54811 137468
165 9 1 33930 137468
166 0 0 36699 13740
166 0 1 56240 13740
166 1 0 36395 27485
166 1 1 59423 27485
166 2 0 37063 41219
166 2 1 57529 41219
166 3 0 37723 54983
166 3 1 59395 54983
166 4 0 37143 68734
166 4 1 56814 68734
166 5 0 48212 82474
166 5 1 33863 82474
166 6 0 49298 96219
166 6 1 33756 96219
166 7 0 49918 109953
166 7 1 33335 109953
166 8 0 50588 123717
166 8 1 33311 123717
166 9 0 50377 137468
166 9 1 33362 137468
167 0 0 28709 13740
167 0 1 47331 13740
167 1 0 28614 27485
167 1 1 45032 27485
167 2 0 28379 41219
167 2 1 42831 41219
167 3 0 29106 54983
167 3 1 42974 54983
167 4 0 28232 68734
167 4 1 47825 68734
167 5 0 47385 82474
167 5 1 31565 82474
167 6 0 53847 96219
167 6 1 32334 96219
167 7 0 48759 109953
167 7 1 32379 109953
167 8 0 54357 123717
167 8 1 32012 123717
167 9 0 48072 137468
167 9 1 31753 137468
168 0 0 37167 13740
168 0 1 55689 13740
168 1 0 36500 27485
168 1 1 53499 27485
168 2 0 36951 41219
168 2 1 59596 41219
168 3 0 36927 54983
168 3 1 56500 54983
168 4 0 38604 68734
168 4 1 54355 68734
168 5 0 56624 82474
168 5 1 34428 82474
168 6 0 51093 96219
168 6 1 33394 96219
168 7 0 49991 109953
168 7 1 33958 109953
168 8 0 48159 123717
168 8 1 34025 123717
168 9 0 49627 137468
168 9 1 33459 137468
169 0 0 36672 13740
169 0 1 53590 13740
169 1 0 37187 27485
169 1 1 51511 27485
169 2 0 36087 41219
169 2 1 52987 41219
169 3 0 36988 54983
169 3 1 59834 54983
169 4 0 37500 68734
169 4 1 54344 68734
169 5 0 51972 82474
169 5 1 33868 82474
169 6 0 47858 96219
169 6 1 33971 96219
169 7 0 52240 109953
169 7 1 33501 109953
169 8 0 49462 123717
169 8 1 33549 123717
169 9 0 52166 137468
169 9 1 33810 137468
170 0 0 36846 13740
170 0 1 55762 13740
170 1 0 36988 27485
170 1 1 53962 27485
170 2 0 36984 41219
170 2 1 55236 41219
170 3 0 36925 54983
170 3 1 55045 54983
170 4 0 37291 68734
170 4 1 55028 68734
170 5 0 50587 82474
170 5 1 34346 82474
170 6 0 51308 96219
170 6 1 34323 96219
170 7 0 57980 109953
170 7 1 34203 109953
170 8 0 51487 123717
170 8 1 33730 123717
170 9 0 51620 137468
170 9 1 33874 137468
171 0 0 36599 13740
171 0 1 58764 13740
171 1 0 36594 27485
171 1 1 55593 27485
171 2 0 36734 41219
171 2 1 57068 41219
171 3 0 38081 54983
171 3 1 63269 54983
171 4 0 36723 68734
171 4 1 55284 68734
171 5 0 52575 82474
171 5 1 34629 82474
171 6 0 53501 96219
171 6 1 34018 96219
171 7 0 53007 109953
171 7 1 33856 109953
171 8 0 49816 123717
171 8 1 34133 123717
171 9 0 48508 137468
171 9 1 33648 137468
172 0 0 36705 13740
172 0 1 52878 13740
172 1 0 37144 27485
172 1 1 55292 27485
172 2 0 36732 41219
172 2 1 53199 41219
172 3 0 36837 54983
172 3 1 54523 54983
172 4 0 36092 68734
172 4 1 56268 68734
172 5 0 50240 82474
172 5 1 33671 82474
172 6 0 50030 96219
172 6 1 34709 96219
172 7 0 47444 109953
172 7 1 34193 109953
172 8 0 49557 123717
172 8 1 34648 123717
172 9 0 49725 137468
172 9 1 34276 137468
173 0 0 36110 13740
173 0 1 53832 13740
173 1 0 35773 27485
173 1 1 53253 27485
173 2 0 36071 41219
173 2 1 55408 41219
173 3 0 35863 54983
173 3 1 59443 54983
173 4 0 35557 68734
173 4 1 55015 68734
173 5 0 51245 82474
173 5 1 34350 82474
173 6 0 49095 96219
173 6 1 34464 96219
173 7 0 52516 109953
173 7 1 33957 109953
173 8 0 48279 123717
173 8 1 33835 123717
173 9 0 49979 137468
173 9 1 33948 137468
174 0 0 38110 13740
174 0 1 55487 13740
174 1 0 36786 27485
174 1 1 58765 27485
174 2 0 37306 41219
174 2 1 59401 41219
174 3 0 37126 54983
174 3 1 55922 54983
174 4 0 38669 68734
174 4 1 53839 68734
174 5 0 48743 82474
174 5 1 33127 82474
174 6 0 50563 96219
174 6 1 34085 96219
174 7 0 49299 109953
174 7 1 33507 109953
174 8 0 52304 123717
174 8 1 33879 123717
174 9 0 47945 137468
174 9 1 34176 137468
175 0 0 36585 13740
175 0 1 53498 13740
175 1 0 37664 27485
175 1 1 57978 27485
175 2 0 36270 41219
175 2 1 54072 41219
175 3 0 36250 54983
175 3 1 58204 54983
175 4 0 36356 68734
175 4 1 62292 68734
175 5 0 48285 82474
175 5 1 33863 82474
175 6 0 49036 96219
175 6 1 33365 96219
175 7 0 52646 109953
175 7 1 33094 109953
175 8 0 50372 123717
175 8 1 33350 123717
175 9 0 49150 137468
175 9 1 33819 137468
176 0 0 36171 13740
176 0 1 56027 13740
176 1 0 36954 27485
176 1 1 60352 27485
176 2 0 36416 41219
176 2 1 54720 41219
176 3 0 36851 54983
176 3 1 53824 54983
176 4 0 35969 68734
176 4 1 60515 68734
176 5 0 53116 82474
176 5 1 33998 82474
176 6 0 49637 96219
176 6 1 33634 96219
176 7 0 49121 109953
176 7 1 33772 109953
176 8 0 51232 123717
176 8 1 33613 123717
176 9 0 49732 137468
176 9 1 33542 137468
177 0 0 37279 13740
177 0 1 56008 13740
177 1 0 37527 27485
177 1 1 55204 27485
177 2 0 36269 41219
177 2 1 56103 41219
177 3 0 36544 54983
177 3 1 53752 54983
177 4 0 36739 68734
177 4 1 54089 68734
177 5 0 48181 82474
177 5 1 34375 82474
177 6 0 49749 96219
177 6 1 34134 96219
177 7 0 50432 109953
177 7 1 33940 109953
177 8 0 50374 123717
177 8 1 33749 123717
177 9 0 50703 137468
177 9 1 34387 137468
178 0 0 37352 13740
178 0 1 55910 13740
178 1 0 36912 27485
178 1 1 53979 27485
178 2 0 36072 41219
178 2 1 55711 41219
178 3 0 36288 54983
178 3 1 55392 54983
178 4 0 37212 68734
178 4 1 54302 68734
178 5 0 50266 82474
178 5 1 33858 82474
178 6 0 47474 96219
178 6 1 33815 96219
178 7 0 50891 109953
178 7 1 33571 109953
178 8 0 53392 123717
178 8 1 33881 123717
178 9 0 50681 137468
178 9 1 34530 137468
179 0 0 36600 13740
179 0 1 54294 13740
179 1 0 37666 27485
179 1 1 56509 27485
179 2 0 37215 41219
179 2 1 56063 41219
179 3 0 36660 54983
179 3 1 54258 54983
179 4 0 36343 68734
179 4 1 53454 68734
179 5 0 48403 82474
179 5 1 34294 82474
179 6 0 50607 96219
179 6 1 34679 96219
179 7 0 50442 109953
179 7 1 33386 109953
179 8 0 48434 123717
179 8 1 33608 123717
179 9 0 50386 137468
179 9 1 33982 137468
180 0 0 36952 13740
180 0 1 52864 13740
180 1 0 38762 27485
180 1 1 61666 27485
180 2 0 36685 41219
180 2 1 59198 41219
180 3 0 36250 54983
180 3 1 52807 54983
180 4 0 36497 68734
180 4 1 56048 68734
180 5 0 49702 82474
180 5 1 33854 82474
180 6 0 53363 96219
180 6 1 33535 96219
180 7 0 50397 109953
180 7 1 34438 109953
180 8 0 51882 123717
180 8 1 34639 123717
180 9 0 50583 137468
180 9 1 33772 137468
181 0 0 37309 13740
181 0 1 60107 13740
181 1 0 36265 27485
181 1 1 55571 27485
181 2 0 35903 41219
181 2 1 54942 41219
181 3 0 37413 54983
181 3 1 57013 54983
181 4 0 37292 68734
181 4 1 59618 68734
181 5 0 50293 82474
181 5 1 34122 82474
181 6 0 50265 96219
181 6 1 34133 96219
181 7 0 50315 109953
181 7 1 33585 109953
181 8 0 53393 123717
181 8 1 33521 123717
181 9 0 48624 137468
181 9 1 33613 137468
182 0 0 36495 13740
182 0 1 58841 13740
182 1 0 37889 27485
182 1 1 57097 27485
182 2 0 38400 41219
182 2 1 54244 41219
182 3 0 36111 54983
182 3 1 58851 54983
182 4 0 37103 68734
182 4 1 57933 68734
182 5 0 53568 82474
182 5 1 33801 82474
182 6 0 47348 96219
182 6 1 33654 96219
182 7 0 49919 109953
182 7 1 33556 109953
182 8 0 47891 123717
182 8 1 33749 123717
182 9 0 54265 137468
182 9 1 32833 137468
183 0 0 37705 13740
183 0 1 54256 13740
183 1 0 36868 27485
183 1 1 56227 27485
183 2 0 37002 41219
183 2 1 56455 41219
183 3 0 36560 54983
183 3 1 55472 54983
183 4 0 37012 68734
183 4 1 53815 68734
183 5 0 48679 82474
183 5 1 34254 82474
183 6 0 49293 96219
183 6 1 34164 96219
183 7 0 47245 109953
183 7 1 34170 109953
183 8 0 50171 123717
183 8 1 33306 123717
183 9 0 48764 137468
183 9 1 34455 137468
184 0 0 37460 13740
184 0 1 56366 13740
184 1 0 36243 27485
184 1 1 59762 27485
184 2 0 36928 41219
184 2 1 57363 41219
184 3 0 36534 54983
184 3 1 56717 54983
184 4 0 37190 68734
184 4 1 60070 68734
184 5 0 47378 82474
184 5 1 32984 82474
184 6 0 46497 96219
184 6 1 33074 96219
184 7 0 47076 109953
184 7 1 33118 109953
184 8 0 47683 123717
184 8 1 32651 123717
184 9 0 48447 137468
184 9 1 33334 137468
185 0 0 36002 13740
185 0 1 53319 13740
185 1 0 37779 27485
185 1 1 56305 27485
185 2 0 37369 41219
185 2 1 55537 41219
185 3 0 36007 54983
185 3 1 53943 54983
185 4 0 37750 68734
185 4 1 58599 68734
185 5 0 52943 82474
185 5 1 34074 82474
185 6 0 53188 96219
185 6 1 34334 96219
185 7 0 50017 109953
185 7 1 33054 109953
185 8 0 48630 123717
185 8 1 33335 123717
185 9 0 48149 137468
185 9 1 33818 137468
186 0 0 37890 13740
186 0 1 61486 13740
186 1 0 38566 27485
186 1 1 59441 27485
186 2 0 36376 41219
186 2 1 57342 41219
186 3 0 37999 54983
186 3 1 56845 54983
186 4 0 36658 68734
186 4 1 58259 68734
186 5 0 49375 82474
186 5 1 34479 82474
186 6 0 49816 96219
186 6 1 33532 96219
186 7 0 48919 109953
186 7 1 34271 109953
186 8 0 50450 123717
186 8 1 34414 123717
186 9 0 51889 137468
186 9 1 34228 137468
187 0 0 37464 13740
187 0 1 60310 13740
187 1 0 37570 27485
187 1 1 55528 27485
187 2 0 36585 41219
187 2 1 57273 41219
187 3 0 37175 54983
187 3 1 54137 54983
187 4 0 36637 68734
187 4 1 57812 68734
187 5 0 49079 82474
187 5 1 34049 82474
187 6 0 48555 96219
187 6 1 33802 96219
187 7 0 48800 109953
187 7 1 33877 109953
187 8 0 47771 123717
187 8 1 33887 123717
187 9 0 48440 137468
187 9 1 34333 137468
188 0 0 37124 13740
188 0 1 50553 13740
188 1 0 36324 27485
188 1 1 55551 27485
188 2 0 36455 41219
188 2 1 61226 41219
188 3 0 36777 54983
188 3 1 58912 54983
188 4 0 37721 68734
188 4 1 56064 68734
188 5 0 48167 82474
188 5 1 33433 82474
188 6 0 49746 96219
188 6 1 33301 96219
188 7 0 49404 109953
188 7 1 33997 109953
188 8 0 47762 123717
188 8 1 33970 123717
188 9 0 47476 137468
188 9 1 33193 137468
189 0 0 37443 13740
189 0 1 56725 13740
189 1 0 37684 27485
189 1 1 58710 27485
189 2 0 36066 41219
189 2 1 59253 41219
189 3 0 36815 54983
189 3 1 55288 54983
189 4 0 36804 68734
189 4 1 54429 68734
189 5 0 47309 82474
189 5 1 34184 82474
189 6 0 47853 96219
189 6 1 34318 96219
189 7 0 49347 109953
189 7 1 33844 109953
189 8 0 48636 123717
189 8 1 34023 123717
189 9 0 50143 137468
189 9 1 33087 137468
190 0 0 35499 13740
190 0 1 60704 13740
190 1 0 37173 27485
190 1 1 59071 27485
190 2 0 36585 41219
190 2 1 55003 41219
190 3 0 37430 54983
190 3 1 61189 54983
190 4 0 35806 68734
190 4 1 56353 68734
190 5 0 49776 82474
190 5 1 34478 82474
190 6 0 50088 96219
190 6 1 33788 96219
190 7 0 46801 109953
190 7 1 34288 109953
190 8 0 52475 123717
190 8 1 33766 123717
190 9 0 55259 137468
190 9 1 34061 137468
191 0 0 36501 13740
191 0 1 54989 13740
191 1 0 36364 27485
191 1 1 62496 27485
191 2 0 37800 41219
191 2 1 54432 41219
191 3 0 37402 54983
191 3 1 57468 54983
191 4 0 36547 68734
191 4 1 59895 68734
191 5 0 49096 82474
191 5 1 33467 82474
191 6 0 49226 96219
191 6 1 33967 96219
191 7 0 47787 109953
191 7 1 33331 109953
191 8 0 46284 123717
191 8 1 33714 123717
191 9 0 49514 137468
191 9 1 33769 137468
192 0 0 36918 13740
192 0 1 54478 13740
192 1 0 37390 27485
192 1 1 57653 27485
192 2 0 37511 41219
192 2 1 56306 41219
192 3 0 38383 54983
192 3 1 57619 54983
192 4 0 36512 68734
192 4 1 57133 68734
192 5 0 49476 82474
192 5 1 34207 82474
192 6 0 47387 96219
192 6 1 34411 96219
192 7 0 52670 109953
192 7 1 34279 109953
192 8 0 49035 123717
192 8 1 33920 123717
192 9 0 49760 137468
192 9 1 34015 137468
193 0 0 34325 13740
193 0 1 44958 13740
193 1 0 35618 27485
193 1 1 44163 27485
193 2 0 35673 41219
193 2 1 43304 41219
193 3 0 34998 54983
193 3 1 44027 54983
193 4 0 35719 68734
193 4 1 43908 68734
193 5 0 44128 82474
193 5 1 33114 82474
193 6 0 45576 96219
193 6 1 33980 96219
193 7 0 45051 109953
193 7 1 33283 109953
193 8 0 50260 123717
193 8 1 33544 123717
193 9 0 45177 137468
193 9 1 33001 137468
194 0 0 37312 13740
194 0 1 56373 13740
194 1 0 36745 27485
194 1 1 56318 27485
194 2 0 36444 41219
194 2 1 54929 41219
194 3 0 36931 54983
194 3 1 54959 54983
194 4 0 37214 68734
194 4 1 53158 68734
194 5 0 50272 82474
194 5 1 34284 82474
194 6 0 47416 96219
194 6 1 34012 96219
194 7 0 49794 109953
194 7 1 33911 109953
194 8 0 48237 123717
194 8 1 34545 123717
194 9 0 50661 137468
194 9 1 34527 137468
195 0 0 36560 13740
195 0 1 56405 13740
195 1 0 37328 27485
195 1 1 57703 27485
195 2 0 37812 41219
195 2 1 59258 41219
195 3 0 38331 54983
195 3 1 60567 54983
195 4 0 36252 68734
195 4 1 63303 68734
195 5 0 49137 82474
195 5 1 34508 82474
195 6 0 50836 96219
195 6 1 34232 96219
195 7 0 49859 109953
195 7 1 34326 109953
195 8 0 50177 123717
195 8 1 34247 123717
195 9 0 49651 137468
195 9 1 34583 137468
196 0 0 34573 13740
196 0 1 47449 13740
196 1 0 35340 27485
196 1 1 46050 27485
196 2 0 34984 41219
196 2 1 45023 41219
196 3 0 34897 54983
196 3 1 46231 54983
196 4 0 34344 68734
196 4 1 46152 68734
196 5 0 52430 82474
196 5 1 33802 82474
196 6 0 48069 96219
196 6 1 33484 96219
196 7 0 45229 109953
196 7 1 33600 109953
196 8 0 47820 123717
196 8 1 33503 123717
196 9 0 49146 137468
196 9 1 33913 137468
197 0 0 37340 13740
197 0 1 53057 13740
197 1 0 37057 27485
197 1 1 55363 27485
197 2 0 37394 41219
197 2 1 54021 41219
197 3 0 36927 54983
197 3 1 53318 54983
197 4 0 37288 68734
197 4 1 53171 68734
197 5 0 51545 82474
197 5 1 34239 82474
197 6 0 47126 96219
197 6 1 34008 96219
197 7 0 48359 109953
197 7 1 33958 109953
197 8 0 49320 123717
197 8 1 33946 123717
197 9 0 46866 137468
197 9 1 34334 137468
198 0 0 36841 13740
198 0 1 54106 13740
198 1 0 37975 27485
198 1 1 54881 27485
198 2 0 37821 41219
198 2 1 62419 41219
198 3 0 37850 54983
198 3 1 57426 54983
198 4 0 37224 68734
198 4 1 57453 68734
198 5 0 48095 82474
198 5 1 34261 82474
198 6 0 50049 96219
198 6 1 34455 96219
198 7 0 47481 109953
198 7 1 34185 109953
198 8 0 47677 123717
198 8 1 34401 123717
198 9 0 50138 137468
198 9 1 34492 137468
199 0 0 37157 13740
199 0 1 57361 13740
199 1 0 37804 27485
199 1 1 58081 27485
199 2 0 36111 41219
199 2 1 60018 41219
199 3 0 38575 54983
199 3 1 58827 54983
199 4 0 36641 68734
199 4 1 55446 68734
199 5 0 48204 82474
199 5 1 34124 82474
199 6 0 49169 96219
199 6 1 34564 96219
199 7 0 48865 109953
199 7 1 33956 109953
199 8 0 49741 123717
199 8 1 34583 123717
199 9 0 50151 137468
199 9 1 34298 137468
