3
0 33372 16.77
1 17187 16.49
2 28119 15.78
3 34309 16.04
4 28738 16.06
5 32934 15.94
6 27630 16.01
7 31258 16.11
8 36440 15.80
9 34344 16.09
10 20989 16.10
11 25408 16.02
12 31021 15.99
13 15956 16.45
14 29724 15.95
15 31445 16.06
16 21147 16.11
17 27439 15.98
18 29341 16.10
19 31882 16.01
20 32291 16.19
21 27594 16.39
22 20755 16.48
23 30237 16.25
24 29397 15.95
25 18969 15.97
26 25232 15.44
27 32777 16.15
28 24648 16.15
29 32967 15.98
30 31679 16.18
31 23827 16.34
32 34680 15.84
33 30123 16.07
34 34997 15.96
35 38631 15.81
36 31238 16.15
37 17903 16.47
38 28555 16.09
39 33151 16.02
40 24082 15.91
41 32984 15.73
42 35111 15.90
43 22055 16.16
44 34523 15.81
45 31843 15.94
46 23438 16.09
47 30218 15.98
48 31825 16.19
49 26497 16.21
50 31910 15.95
51 29670 16.19
52 26935 16.00
53 31415 15.75
54 34458 15.77
55 21032 16.07
56 35471 15.73
57 32464 15.98
58 22016 16.18
59 33292 15.87
60 27928 16.21
61 26673 16.14
62 32739 15.92
63 29589 16.11
64 25179 16.09
65 28890 16.01
66 31148 16.15
67 19535 16.45
68 28909 16.16
69 32500 16.03
70 24367 16.04
71 27227 15.88
72 32456 15.97
73 22685 16.18
74 32826 15.86
75 30964 16.16
76 27601 15.80
77 31455 15.73
78 31437 16.02
79 31562 15.96
80 38372 15.72
81 33863 15.88
82 26685 15.95
83 31714 15.79
84 35737 15.94
85 22165 16.14
86 32065 15.77
87 33116 15.88
88 29466 15.70
89 33124 15.83
90 29482 15.99
91 25472 16.14
92 27905 15.96
93 28604 16.08
94 31944 15.90
95 30583 15.87
96 34607 15.61
97 21646 15.68
98 26543 15.47
99 32477 15.81
100 21793 15.90
101 27761 15.78
102 29864 15.74
103 27159 15.79
104 34066 15.53
105 32993 15.68
106 22586 15.68
107 28659 15.53
108 35586 15.46
109 26868 15.51
110 31863 15.31
111 30825 15.62
112 24000 15.54
113 27767 15.45
114 31790 15.59
115 19715 15.80
116 28857 15.68
117 27251 16.04
118 22905 16.04
119 28122 15.72
120 33637 15.34
121 17601 15.40
122 30573 14.83
123 31131 15.44
124 23624 15.61
125 28527 15.36
126 31387 15.54
127 20309 15.76
128 30886 15.45
129 32702 15.64
130 29561 15.47
131 30258 15.60
132 33288 15.82
133 20065 16.12
134 31511 15.52
135 32146 15.59
136 27106 15.66
137 34743 15.45
138 33505 15.60
139 18273 15.96
140 31966 15.53
141 32014 15.77
142 19914 15.97
143 25041 15.77
144 29050 15.92
145 24393 15.96
146 31432 15.64
147 28952 15.92
148 19843 15.94
149 26419 15.76
150 32007 15.81
151 16961 16.16
152 23688 15.85
153 30202 15.88
154 20803 15.95
155 27035 15.80
156 30891 15.86
157 14713 16.32
158 22841 15.96
159 31367 15.89
160 28438 15.95
161 29495 15.91
162 29145 16.08
163 19321 16.28
164 30625 15.70
165 29752 15.87
166 18532 16.09
167 29695 15.71
168 34576 15.21
169 18483 15.41
170 34518 14.89
171 35099 15.35
172 24637 15.55
173 32280 15.43
174 28440 15.74
175 32541 15.52
176 34976 15.41
177 32992 15.76
178 24323 15.86
179 32264 15.60
180 36398 15.80
181 22135 16.04
182 35204 15.69
183 34899 15.89
184 25251 15.80
185 34963 15.63
186 34518 15.76
187 25973 15.89
188 32185 15.70
189 33675 15.86
190 33467 15.71
191 37686 15.57
192 34842 15.47
193 26302 15.34
194 30027 15.13
195 31726 15.87
196 26636 15.94
197 32617 15.76
198 30748 15.95
199 26104 16.06
200 39350 15.91
201 25118 16.23
202 38117 15.98
203 45568 15.93
204 28678 16.39
205 38876 16.17
206 46891 15.95
207 32667 16.23
208 32813 15.90
209 40440 15.75
210 35158 15.99
211 28224 16.13
212 36260 15.92
213 35318 16.02
214 26542 16.10
215 41571 15.84
216 35360 15.66
217 27231 15.62
218 34241 15.28
219 35257 15.86
220 38039 15.78
221 39556 15.69
222 35460 15.89
223 28465 16.25
224 37007 15.85
225 35241 15.97
226 30564 15.99
227 33383 15.82
228 37487 15.77
229 32590 15.81
230 40154 15.53
231 32778 15.80
232 30495 15.74
233 35359 15.65
234 33407 15.87
235 30325 15.90
236 34760 15.62
237 33448 15.86
238 22579 16.01
239 28828 15.81
240 36922 15.27
241 18686 15.43
242 27198 15.12
243 29006 15.58
244 23830 15.79
245 34516 15.46
246 33348 15.61
247 20870 15.85
248 30342 15.51
249 34775 15.59
250 27945 15.75
251 31972 15.69
252 33250 15.79
253 21278 15.96
254 28483 15.76
255 32372 15.72
256 24995 15.83
257 32873 15.60
258 30432 16.11
259 22222 16.12
260 34708 15.71
261 30293 15.99
262 24112 16.06
263 28912 15.85
264 34787 15.39
265 27847 15.32
266 32783 15.19
267 33458 15.72
268 20954 15.86
269 26475 15.85
270 33574 15.82
271 23864 15.98
272 26440 15.83
273 30120 15.92
274 18670 16.20
275 28688 15.82
276 34398 15.49
277 19183 15.54
278 28865 15.11
279 33208 15.66
280 32532 15.57
281 37503 15.50
282 34458 15.73
283 22081 15.96
284 31293 15.68
285 27811 15.96
286 25053 16.35
287 29926 16.27
288 26594 15.79
289 30320 15.55
290 33069 15.37
291 29096 16.34
292 22287 16.23
293 29316 16.04
294 30658 16.11
295 21495 16.17
296 35490 15.87
297 31120 16.18
298 19015 16.43
299 25097 16.19
300 27588 16.39
301 31747 16.08
302 32070 15.95
303 30171 16.19
304 25999 15.99
305 33015 15.83
306 31479 16.20
307 21079 16.43
308 28311 16.12
309 30942 16.15
310 20583 16.29
311 35286 16.00
312 25989 16.75
313 24371 16.50
314 31786 16.30
315 28163 16.53
316 31482 16.19
317 33565 16.12
318 31546 16.30
319 19563 16.52
320 29914 15.93
321 32355 16.10
322 21715 16.29
323 27618 16.15
324 31128 16.23
325 21162 16.40
326 32458 16.28
327 27722 16.39
328 29764 16.11
329 31437 16.00
330 31987 16.21
331 26887 16.29
332 32401 16.00
333 32265 16.13
334 21857 16.39
335 29195 16.18
336 32019 16.11
337 17951 16.17
338 28282 15.75
339 32489 16.13
340 23654 16.07
341 34254 15.93
342 28835 16.15
343 23841 16.29
344 28690 16.13
345 29342 16.23
346 29896 16.15
347 32955 16.05
348 32491 16.21
349 18975 16.46
350 26899 16.21
351 31604 16.22
352 22451 16.07
353 29051 15.97
354 31859 16.15
355 26659 16.06
356 32424 16.25
357 30723 16.46
358 23965 16.54
359 29148 16.40
360 33601 16.23
361 26445 16.23
362 31098 16.08
363 30625 16.41
364 22945 16.39
365 28201 16.23
366 30834 16.53
367 16436 16.82
368 29036 16.33
369 26882 16.63
370 27568 16.54
371 36200 16.25
372 28432 16.50
373 24330 16.61
374 29779 16.36
375 31314 16.45
376 28198 16.40
377 32793 16.33
378 31367 16.57
379 19216 16.80
380 26358 16.49
381 31527 16.51
382 23050 16.58
383 29309 16.27
384 31374 16.53
385 22562 16.19
386 28556 15.85
387 32266 16.52
388 22906 16.49
389 28047 16.36
390 33759 16.38
391 25922 16.47
392 32236 16.07
393 34028 16.25
394 22261 16.44
395 25734 16.44
396 26198 16.91
397 30460 16.65
398 31421 16.38
399 29464 16.68
400 22849 16.63
401 30622 16.55
402 29642 16.72
403 18901 17.03
404 28237 16.72
405 30485 16.81
406 23511 16.89
407 27424 16.79
408 35893 16.08
409 18324 16.25
410 28313 15.74
411 30154 16.42
412 26603 16.38
413 29861 16.25
414 33716 16.42
415 19110 16.77
416 33170 16.24
417 34722 16.44
418 19014 16.64
419 24165 16.53
420 35625 16.36
421 24805 16.49
422 31830 16.31
423 30426 16.41
424 27169 16.50
425 27389 16.59
426 29586 16.79
427 24553 16.82
428 29086 16.55
429 32187 16.69
430 23097 16.74
431 30687 16.40
432 38106 15.85
433 19793 16.08
434 27649 15.69
435 35713 16.03
436 27078 16.16
437 31883 16.09
438 29992 16.23
439 20887 16.39
440 34355 15.93
441 33013 16.17
442 22289 16.37
443 30153 16.11
444 34680 15.88
445 19248 16.00
446 28864 15.56
447 33092 16.01
448 19461 16.07
449 22684 16.07
450 30911 16.05
451 21299 16.25
452 27020 16.19
453 26694 16.37
454 21454 16.42
455 22116 16.33
456 30937 15.71
457 24929 15.46
458 29202 15.25
459 34261 15.80
460 21855 15.82
461 25452 15.68
462 35423 15.79
463 15873 16.13
464 25071 15.89
465 30200 16.08
466 19964 16.34
467 30181 15.98
468 34372 16.13
469 19252 16.45
470 23717 16.21
471 34274 16.11
472 27227 15.94
473 31415 15.83
474 33771 16.07
475 17768 16.40
476 24610 16.19
477 32957 16.15
478 27774 16.12
479 30010 16.15
480 30899 15.95
481 17104 15.97
482 27911 15.54
483 30073 16.38
484 23459 16.34
485 26949 16.21
486 32381 16.31
487 22421 16.49
488 28321 16.11
489 32801 16.28
490 23069 16.40
491 28116 16.21
492 33574 16.09
493 21318 16.43
494 30137 16.18
495 33885 16.24
496 25574 16.32
497 28328 16.18
498 34992 16.25
499 19047 16.69
500 29403 16.22
501 37735 16.17
502 26858 16.30
503 30829 16.18
504 39301 15.81
505 17634 16.06
506 31861 15.16
507 31915 16.15
508 18680 16.35
509 32794 16.12
510 35194 16.25
511 24154 16.44
512 38404 16.33
513 36785 16.51
514 18837 16.88
515 25166 16.71
516 36995 16.57
517 23341 16.75
518 29375 16.58
519 34451 16.60
520 23509 16.46
521 31355 15.94
522 37892 16.36
523 25260 16.55
524 31035 16.81
525 34599 17.26
526 21822 17.24
527 33769 16.75
528 37369 16.48
529 21028 16.83
530 27729 16.65
531 36477 16.49
532 29535 16.41
533 32366 16.12
534 30918 16.56
535 25290 16.59
536 34034 16.34
537 33739 16.54
538 22955 16.75
539 28483 16.56
540 39731 16.30
541 20572 16.70
542 33092 16.35
543 37843 16.48
544 22217 16.60
545 25294 16.51
546 38108 16.45
547 29582 16.53
548 35414 16.11
549 32721 16.34
550 24051 16.59
551 31373 16.42
552 37284 16.10
553 16292 16.35
554 26861 16.04
555 34596 16.29
556 23846 16.49
557 29797 16.31
558 35234 16.32
559 20932 16.66
560 29216 16.24
561 27850 16.31
562 28653 16.67
563 32590 16.56
564 29732 16.46
565 29197 16.57
566 34003 16.45
567 33397 16.62
568 22688 16.45
569 28511 16.27
570 34842 16.41
571 17767 16.78
572 35232 16.39
573 34378 16.56
574 21364 16.80
575 30945 16.34
576 28011 16.32
577 37205 15.74
578 32205 15.45
579 30705 16.48
580 24469 16.24
581 31575 15.99
582 34837 16.07
583 16079 16.42
584 25477 15.95
585 32916 15.93
586 19048 16.18
587 28961 15.95
588 29871 16.18
589 27928 15.90
590 30583 15.68
591 30724 15.88
592 30092 15.46
593 31923 15.32
594 34252 15.62
595 19488 16.02
596 23022 15.69
597 32055 15.74
598 17418 16.00
599 25264 15.71
600 33739 16.77
601 17410 16.49
602 28310 15.78
603 34619 16.04
604 28859 16.06
605 33085 15.94
606 27899 16.01
607 31352 16.11
608 36562 15.80
609 34588 16.09
610 21078 16.10
611 25517 16.02
612 31257 15.99
613 16046 16.45
614 29829 15.95
615 31643 16.06
616 21231 16.11
617 27544 15.98
618 29523 16.10
619 31955 16.01
620 32364 16.19
621 27770 16.39
622 20824 16.48
623 30295 16.25
624 29570 15.95
625 19032 15.97
626 25291 15.44
627 32944 16.15
628 24697 16.15
629 33025 15.98
630 31840 16.18
631 23879 16.34
632 34731 15.84
633 30275 16.07
634 35039 15.96
635 38679 15.81
636 31381 16.15
637 17943 16.47
638 28595 16.09
639 33288 16.02
640 24121 15.91
641 33022 15.73
642 35236 15.90
643 22094 16.16
644 34561 15.81
645 31959 15.94
646 23476 16.09
647 30256 15.98
648 31939 16.19
649 26524 16.21
650 31947 15.95
651 29779 16.19
652 26963 16.00
653 31452 15.75
654 34566 15.77
655 21058 16.07
656 35508 15.73
657 32568 15.98
658 22042 16.18
659 33322 15.87
660 28032 16.21
661 26699 16.14
662 32771 15.92
663 29693 16.11
664 25204 16.09
665 28922 16.01
666 31246 16.15
667 19558 16.45
668 28936 16.16
669 32596 16.03
670 24389 16.04
671 27258 15.88
672 32553 15.97
673 22711 16.18
674 32857 15.86
675 31060 16.16
676 27626 15.80
677 31486 15.73
678 31528 16.02
679 31584 15.96
680 38401 15.72
681 33953 15.88
682 26707 15.95
683 31748 15.79
684 35822 15.94
685 22186 16.14
686 32095 15.77
687 33197 15.88
688 29485 15.70
689 33151 15.83
690 29562 15.99
691 25490 16.14
692 27931 15.96
693 28681 16.08
694 31962 15.90
695 30610 15.87
696 34676 15.61
697 21664 15.68
698 26568 15.47
699 32537 15.81
700 21813 15.90
701 27787 15.78
702 29925 15.74
703 27177 15.79
704 34089 15.53
705 33051 15.68
706 22604 15.68
707 28681 15.53
708 35634 15.46
709 26887 15.51
710 31885 15.31
711 30873 15.62
712 24018 15.54
713 27790 15.45
714 31838 15.59
715 19733 15.80
716 28880 15.68
717 27299 16.04
718 22923 16.04
719 28144 15.72
720 33685 15.34
721 17617 15.40
722 30597 14.83
723 31179 15.44
724 23639 15.61
725 28550 15.36
726 31435 15.54
727 20323 15.76
728 30910 15.45
729 32750 15.64
730 29575 15.47
731 30282 15.60
732 33337 15.82
733 20079 16.12
734 31533 15.52
735 32194 15.59
736 27112 15.66
737 34768 15.45
738 33546 15.60
739 18285 15.96
740 31989 15.53
741 32053 15.77
742 19928 15.97
743 25065 15.77
744 29089 15.92
745 24407 15.96
746 31455 15.64
747 28991 15.92
748 19855 15.94
749 26442 15.76
750 32047 15.81
751 16976 16.16
752 23710 15.85
753 30241 15.88
754 20816 15.95
755 27059 15.80
756 30930 15.86
757 14726 16.32
758 22865 15.96
759 31406 15.89
760 28453 15.95
761 29517 15.91
762 29169 16.08
763 19333 16.28
764 30644 15.70
765 29776 15.87
766 18544 16.09
767 29713 15.71
768 34601 15.21
769 18497 15.41
770 34537 14.89
771 35123 15.35
772 24651 15.55
773 32298 15.43
774 28465 15.74
775 32558 15.52
776 34995 15.41
777 33017 15.76
778 24336 15.86
779 32277 15.60
780 36422 15.80
781 22149 16.04
782 35217 15.69
783 34923 15.89
784 25264 15.80
785 34978 15.63
786 34542 15.76
787 25986 15.89
788 32199 15.70
789 33699 15.86
790 33481 15.71
791 37699 15.57
792 34866 15.47
793 26315 15.34
794 30039 15.13
795 31750 15.87
796 26650 15.94
797 32630 15.76
798 30772 15.95
799 26117 16.06
800 39367 15.91
801 25140 16.23
802 38128 15.98
803 45582 15.93
804 28700 16.39
805 38886 16.17
806 46904 15.95
807 32691 16.23
808 32822 15.90
809 40453 15.75
810 35180 15.99
811 28232 16.13
812 36274 15.92
813 35341 16.02
814 26549 16.10
815 41585 15.84
816 35382 15.66
817 27238 15.62
818 34253 15.28
819 35279 15.86
820 38048 15.78
821 39568 15.69
822 35483 15.89
823 28473 16.25
824 37018 15.85
825 35263 15.97
826 30572 15.99
827 33396 15.82
828 37509 15.77
829 32597 15.81
830 40166 15.53
831 32800 15.80
832 30503 15.74
833 35371 15.65
834 33429 15.87
835 30332 15.90
836 34773 15.62
837 33470 15.86
838 22588 16.01
839 28840 15.81
840 36944 15.27
841 18693 15.43
842 27208 15.12
843 29028 15.58
844 23837 15.79
845 34529 15.46
846 33370 15.61
847 20877 15.85
848 30354 15.51
849 34792 15.59
850 27953 15.75
851 31984 15.69
852 33267 15.79
853 21285 15.96
854 28492 15.76
855 32389 15.72
856 25003 15.83
857 32882 15.60
858 30449 16.11
859 22229 16.12
860 34718 15.71
861 30309 15.99
862 24120 16.06
863 28922 15.85
864 34804 15.39
865 27854 15.32
866 32793 15.19
867 33475 15.72
868 20961 15.86
869 26484 15.85
870 33591 15.82
871 23872 15.98
872 26450 15.83
873 30136 15.92
874 18677 16.20
875 28697 15.82
876 34415 15.49
877 19190 15.54
878 28873 15.11
879 33221 15.66
880 32540 15.57
881 37512 15.50
882 34471 15.73
883 22088 15.96
884 31302 15.68
885 27824 15.96
886 25060 16.35
887 29935 16.27
888 26607 15.79
889 30328 15.55
890 33079 15.37
891 29109 16.34
892 22293 16.23
893 29326 16.04
894 30671 16.11
895 21502 16.17
896 35499 15.87
897 31133 16.18
898 19023 16.43
899 25106 16.19
