3
0 41543 16.60
1 32484 15.76
2 41802 15.33
3 41703 15.81
4 36242 15.87
5 41726 15.69
6 37925 15.98
7 23477 16.26
8 35983 15.95
9 38622 16.07
10 37431 15.99
11 43249 15.89
12 41652 16.07
13 29887 16.25
14 39271 16.08
15 40136 16.07
16 33113 15.91
17 39670 15.68
18 41896 15.84
19 28567 16.16
20 42066 15.77
21 39889 15.97
22 26466 16.23
23 34798 16.03
24 37485 15.79
25 27427 15.84
26 33999 15.57
27 36764 16.13
28 26117 16.25
29 35140 16.05
30 39154 16.19
31 26740 16.34
32 40043 15.90
33 40333 15.98
34 28734 16.14
35 32966 16.05
36 39625 16.04
37 24083 16.40
38 32256 16.13
39 39324 16.00
40 27805 16.29
41 31427 16.20
42 36964 16.17
43 24813 16.44
44 35767 16.03
45 31345 16.20
46 22357 16.36
47 38852 15.99
48 41383 15.79
49 29179 15.63
50 37817 15.48
51 39499 16.06
52 25126 16.27
53 34526 16.10
54 41059 16.04
55 24202 16.34
56 37507 15.95
57 40437 16.04
58 27668 16.24
59 37152 15.93
60 35328 16.05
61 25787 15.88
62 35622 15.57
63 37097 16.17
64 27780 16.29
65 36374 16.08
66 35842 16.22
67 30082 16.33
68 40911 16.01
69 40185 16.00
70 32527 16.09
71 39137 16.02
72 42526 16.04
73 23278 16.28
74 32051 16.20
75 39844 16.03
76 26874 16.27
77 30482 16.17
78 36731 16.12
79 24974 16.50
80 34224 16.25
81 32855 16.43
82 21502 16.68
83 28538 16.44
84 33739 16.42
85 23501 16.67
86 41539 16.37
87 34923 16.55
88 28359 16.64
89 33914 16.47
90 32812 16.69
91 18864 17.14
92 28132 16.66
93 29793 16.82
94 21704 17.02
95 31421 16.72
96 39706 16.34
97 21955 16.49
98 34922 15.86
99 35002 16.46
100 23434 16.61
101 30864 16.40
102 35218 16.55
103 22446 16.76
104 39657 16.26
105 35367 16.47
106 24960 16.66
107 32854 16.51
108 32493 16.99
109 17936 17.30
110 26368 17.01
111 33198 16.85
112 25287 16.88
113 33791 16.68
114 33958 16.80
115 23693 17.12
116 33296 16.83
117 29914 16.78
118 25265 16.85
119 35555 16.59
120 30258 17.22
121 22746 17.35
122 30951 17.09
123 33743 17.02
124 30287 16.89
125 34540 16.72
126 35486 16.76
127 23850 17.02
128 42728 16.58
129 37014 16.85
130 24121 17.05
131 32719 16.85
132 38087 16.83
133 27745 17.05
134 38371 16.75
135 33903 16.98
136 27771 16.76
137 37080 16.73
138 37788 16.79
139 22059 17.10
140 33284 16.74
141 35234 16.87
142 22048 17.03
143 32909 16.78
144 38928 16.37
145 22853 16.40
146 37915 15.93
147 38671 16.36
148 26767 16.63
149 34859 16.45
150 37651 16.56
151 24163 16.82
152 38476 16.44
153 38129 16.50
154 26567 16.53
155 35135 16.37
156 38442 16.56
157 22786 16.77
158 31297 16.48
159 34692 16.56
160 28506 16.62
161 35581 16.46
162 37603 16.58
163 25090 16.81
164 39221 16.37
165 38958 16.45
166 28558 16.60
167 37127 16.38
168 41631 16.19
169 25400 16.20
170 36524 15.84
171 35287 16.39
172 28622 16.57
173 35653 16.34
174 38746 16.49
175 22630 16.71
176 33651 16.43
177 37400 16.53
178 26389 16.72
179 33989 16.49
180 36823 16.85
181 22303 17.02
182 29602 16.76
183 36630 16.76
184 27801 16.65
185 41129 16.43
186 38690 16.59
187 32602 16.63
188 44494 16.23
189 36486 16.51
190 32176 16.40
191 39097 16.28
192 37503 16.30
193 25767 16.14
194 38973 15.71
195 35067 16.56
196 34978 16.51
197 43752 16.31
198 39838 16.57
199 31753 16.65
200 46648 16.25
201 40547 16.44
202 28762 16.59
203 39971 16.37
204 40620 16.43
205 27834 16.63
206 40746 16.25
207 37603 16.34
208 29016 16.49
209 35932 16.42
210 31976 16.58
211 32430 16.65
212 40230 16.34
213 36905 16.42
214 23735 16.62
215 34611 16.40
216 41279 16.00
217 25932 16.02
218 39362 15.56
219 38857 16.08
220 27350 16.32
221 36974 16.13
222 38666 16.30
223 23012 16.62
224 36878 16.20
225 38540 16.30
226 27875 16.55
227 34464 16.24
228 32285 16.52
229 25528 16.66
230 31706 16.40
231 30173 16.47
232 22774 16.72
233 36364 16.43
234 34531 16.57
235 25006 16.63
236 34246 16.35
237 32205 16.54
238 20849 16.75
239 30257 16.46
240 38011 15.97
241 19551 16.04
242 31133 15.78
243 35514 16.20
244 21591 16.44
245 31654 16.18
246 31488 16.14
247 22599 16.38
248 34535 16.17
249 31029 16.38
250 20390 16.71
251 29864 16.42
252 32265 16.50
253 23406 16.68
254 35699 16.31
255 34786 16.46
256 30495 16.43
257 36443 16.28
258 35723 16.47
259 27311 16.64
260 36573 16.31
261 35656 16.46
262 28706 16.49
263 39371 16.20
264 34268 16.11
265 26557 15.88
266 40136 15.54
267 33619 16.38
268 25848 16.42
269 34217 16.20
270 35111 16.33
271 23124 16.55
272 38522 16.12
273 35912 16.26
274 27201 16.41
275 36953 16.16
276 35657 16.44
277 22821 16.62
278 31995 16.37
279 33784 16.39
280 27725 16.43
281 34542 16.28
282 31314 16.39
283 22834 16.62
284 35066 16.23
285 33726 16.44
286 30756 16.44
287 36750 16.32
288 36481 16.17
289 23493 16.16
290 32148 15.83
291 32935 16.43
292 24552 16.46
293 31206 16.22
294 33946 16.34
295 24293 16.48
296 35907 16.24
297 33385 16.48
298 25096 16.63
299 34670 16.35
300 29107 16.74
301 26605 16.67
302 42320 16.27
303 33157 16.51
304 31493 16.43
305 37234 16.34
306 31609 16.66
307 28250 16.62
308 41273 16.34
309 30572 16.62
310 26390 16.61
311 33139 16.51
312 29975 16.52
313 24364 16.22
314 41155 15.79
315 30828 16.77
316 32670 16.72
317 39356 16.64
318 30271 17.13
319 30339 17.07
320 40610 16.76
321 29986 17.06
322 23895 17.12
323 29836 16.97
324 29478 16.85
325 21459 16.53
326 29451 16.26
327 27869 16.98
328 25231 16.87
329 30889 16.68
330 28087 16.82
331 22540 16.85
332 29946 16.57
333 29311 16.68
334 26701 16.72
335 32735 16.45
336 30413 16.72
337 22455 16.81
338 31881 16.51
339 28056 16.79
340 22061 16.84
341 29020 16.66
342 29729 16.74
343 20990 16.86
344 30010 16.59
345 30301 16.75
346 21228 16.95
347 27653 16.70
348 30766 16.83
349 22532 17.01
350 30426 16.65
351 30208 16.80
352 25791 16.70
353 32838 16.53
354 27212 16.96
355 22411 16.97
356 28685 16.74
357 27167 16.93
358 24201 16.91
359 29561 16.75
360 28366 16.93
361 21972 16.96
362 30039 16.79
363 27743 16.92
364 26283 16.94
365 32351 16.80
366 27483 17.01
367 24118 17.07
368 31562 16.79
369 27988 17.08
370 24919 17.08
371 29488 17.01
372 23266 17.49
373 19655 17.55
374 28074 17.29
375 24175 17.53
376 26597 17.26
377 33632 17.11
378 25192 17.45
379 21399 17.60
380 30552 17.23
381 25930 17.43
382 25239 17.34
383 30928 17.16
384 25396 17.89
385 19430 17.47
386 28934 16.90
387 25329 17.77
388 26170 17.60
389 29180 17.56
390 24575 17.81
391 20660 17.87
392 27485 17.65
393 24948 17.84
394 19144 18.04
395 26992 17.64
396 26825 17.47
397 23511 17.09
398 34606 16.58
399 26872 17.41
400 27781 17.30
401 32025 17.28
402 27970 17.31
403 23601 17.32
404 32715 16.97
405 28222 17.11
406 24370 17.20
407 28707 17.04
408 23001 16.93
409 21919 16.52
410 32762 16.16
411 25502 17.17
412 26188 17.08
413 33342 16.85
414 25813 17.03
415 24882 16.93
416 31803 16.81
417 26283 17.03
418 23045 16.99
419 29144 16.84
420 26765 17.02
421 22014 17.08
422 30664 16.76
423 26885 16.93
424 26388 16.88
425 31941 16.76
426 24739 17.22
427 23950 17.13
428 29819 17.42
429 23886 17.91
430 23249 17.71
431 31539 17.59
432 24530 17.55
433 24987 17.23
434 29921 16.78
435 24854 17.97
436 26574 17.85
437 28238 18.07
438 21288 18.54
439 18319 18.89
440 20216 18.89
441 18156 19.20
442 12092 19.60
443 17111 19.34
444 17427 19.22
445 11846 19.09
446 13070 18.88
447 15047 19.76
448 11737 19.83
449 14023 19.54
450 16103 19.59
451 11385 19.62
452 15085 19.22
453 18031 19.06
454 16172 18.90
455 19249 18.65
456 21873 18.36
457 20388 17.80
458 29460 17.42
459 23832 18.01
460 20796 18.08
461 25988 17.83
462 23610 17.86
463 18594 18.01
464 24983 17.68
465 22590 17.76
466 20994 17.61
467 24961 17.48
468 24753 17.38
469 19676 17.46
470 27297 17.22
471 24451 17.32
472 21312 17.31
473 25820 17.10
474 24445 17.12
475 19369 17.20
476 26072 17.08
477 25031 17.14
478 21317 17.19
479 27533 16.94
480 25059 17.50
481 20687 17.38
482 25955 17.24
483 24091 17.49
484 23761 17.33
485 28894 17.23
486 23793 17.46
487 22483 17.29
488 29021 17.80
489 21146 18.18
490 28718 17.37
491 32600 17.14
492 25809 17.47
493 24965 17.34
494 33214 17.08
495 26064 17.33
496 27681 17.32
497 34567 17.15
498 25981 17.41
499 28122 17.40
500 34501 17.08
501 25901 17.39
502 30929 17.24
503 37074 17.07
504 28176 17.06
505 34002 16.34
506 40204 16.19
507 30322 17.28
508 31887 17.08
509 37771 16.90
510 29938 17.15
511 28854 17.05
512 37508 16.77
513 30098 16.94
514 30783 16.97
515 39486 16.81
516 30343 17.10
517 29389 17.04
518 38584 16.85
519 29321 17.19
520 32460 16.85
521 36619 16.79
522 29778 17.12
523 27884 16.90
524 36048 16.61
525 30914 16.86
526 26413 16.84
527 34552 16.61
528 33668 16.48
529 28026 16.16
530 35209 15.85
531 32704 16.56
532 27849 16.53
533 33750 16.36
534 32560 16.47
535 26186 16.52
536 36102 16.75
537 28688 17.04
538 24313 17.19
539 31223 16.96
540 30837 17.03
541 24908 17.03
542 31034 16.66
543 27872 16.82
544 24278 16.76
545 27655 16.63
546 27135 16.72
547 28700 16.60
548 40501 16.32
549 31906 16.59
550 28540 16.52
551 37407 16.39
552 32992 16.30
553 28008 15.89
554 35728 15.68
555 28686 16.47
556 29947 16.39
557 33820 16.26
558 29802 16.83
559 26840 16.68
560 33027 16.43
561 26347 16.71
562 25779 16.49
563 36820 16.26
564 32623 16.59
565 27009 16.56
566 38578 16.23
567 32169 16.42
568 28041 16.35
569 32904 16.18
570 31453 16.48
571 25156 16.50
572 33026 16.31
573 30659 16.48
574 24265 16.54
575 32697 16.28
576 30288 16.69
577 26407 16.69
578 32597 16.39
579 31427 16.61
580 25497 16.53
581 32150 16.38
582 32137 16.60
583 28656 16.58
584 39081 16.21
585 32821 16.46
586 30032 16.41
587 36264 16.26
588 33370 16.20
589 26380 15.93
590 34081 15.66
591 28741 16.39
592 28394 16.35
593 34176 16.29
594 27608 17.27
595 25262 17.06
596 33665 16.57
597 27359 16.85
598 30202 16.50
599 37491 16.35
600 31234 16.01
601 28371 15.65
602 38213 15.35
603 31428 16.05
604 28270 16.06
605 36925 15.88
606 29499 16.15
607 25768 16.23
608 39313 15.97
609 30329 16.18
610 26267 16.18
611 34946 15.99
612 26641 16.55
613 29526 16.37
614 37266 16.08
615 29815 16.34
616 29796 16.06
617 38880 15.88
618 29987 16.10
619 25033 16.16
620 32020 15.91
621 26021 16.17
622 24907 16.07
623 33466 15.92
624 29170 15.93
625 25264 15.41
626 31673 15.19
627 27238 16.07
628 27319 15.97
629 34262 15.89
630 25996 16.36
631 27813 17.01
632 35655 16.37
633 25092 16.74
634 23606 16.65
635 34027 16.16
636 29287 16.35
637 28762 16.20
638 36248 16.09
639 30163 16.33
640 27652 16.37
641 37290 16.34
642 29443 16.77
643 24124 17.03
644 36042 16.91
645 30022 17.00
646 26937 17.17
647 33141 16.97
648 28186 16.86
649 27357 16.36
650 33695 16.14
651 31027 16.84
652 26643 16.82
653 31912 16.74
654 31233 16.90
655 24118 16.96
656 33887 16.39
657 33454 16.51
658 25405 16.59
659 31756 16.41
660 34271 16.39
661 25841 16.40
662 35847 16.27
663 32214 16.47
664 30703 16.35
665 36040 16.23
666 32813 16.44
667 34331 16.39
668 49956 16.13
669 34126 16.62
670 36549 16.60
671 46041 16.55
672 33613 16.48
673 30997 16.18
674 39315 16.17
675 32806 16.98
676 29382 17.05
677 39356 17.04
678 31148 17.35
679 27543 17.64
680 37950 17.19
681 31762 17.38
682 36049 17.10
683 45033 16.98
684 32584 17.33
685 31900 17.32
686 42422 17.10
687 34102 17.32
688 29092 17.28
689 38269 17.05
690 33773 17.25
691 28571 17.35
692 39524 16.89
693 35818 17.03
694 30260 17.06
695 35451 17.04
696 32730 17.22
697 21752 17.45
698 33006 17.19
699 32574 17.17
700 28476 17.18
701 35675 16.93
702 30014 17.17
703 33426 17.12
704 39726 17.01
705 31867 17.26
706 31168 17.11
707 35635 16.92
708 32553 17.28
709 31987 17.24
710 38445 17.00
711 31413 17.20
712 29449 17.21
713 33309 17.08
714 30993 17.27
715 25585 17.42
716 39720 16.88
717 36070 16.98
718 31113 16.99
719 41288 16.75
720 33823 17.32
721 28202 17.45
722 36695 17.13
723 34923 17.15
724 30724 16.91
725 38675 16.82
726 34853 17.06
727 26632 17.18
728 36893 16.78
729 36434 16.88
730 29975 16.94
731 36125 16.82
732 37802 16.60
733 26109 16.33
734 34401 16.07
735 33330 16.75
736 27912 16.73
737 35978 16.63
738 33007 16.75
739 28269 16.92
740 32354 16.80
741 29930 16.78
742 29420 16.68
743 34488 16.67
744 30798 16.57
745 26038 16.33
746 39886 15.98
747 33357 16.70
748 34442 16.63
749 44682 16.46
750 35526 16.63
751 29999 16.68
752 39396 16.43
753 35195 16.58
754 31347 16.53
755 37049 16.38
756 35716 16.60
757 26000 16.77
758 35641 16.47
759 30325 16.68
760 30035 16.75
761 31341 16.88
762 30093 17.10
763 28192 17.13
764 33577 16.97
765 28494 17.13
766 24526 17.13
767 34194 16.97
768 28759 17.40
769 23549 17.01
770 27802 16.61
771 29801 17.28
772 25984 17.33
773 27712 17.19
774 29112 17.38
775 21171 17.65
776 28076 17.45
777 27368 17.67
778 26159 17.62
779 30680 17.61
780 30008 17.55
781 22470 17.39
782 29966 17.16
783 30143 17.69
784 21039 17.92
785 25079 17.82
786 29723 17.89
787 18685 18.18
788 27098 17.85
789 31516 17.75
790 21971 18.02
791 28136 17.77
792 29628 17.89
793 25702 17.82
794 32163 17.59
795 28614 17.65
796 34985 17.32
797 35925 17.38
798 28350 17.46
799 26131 17.88
800 33673 17.31
801 29826 17.31
802 32023 16.85
803 45868 16.62
804 39835 16.79
805 30600 16.93
806 31920 16.83
807 37692 16.79
808 29384 16.93
809 34445 16.81
810 39345 16.82
811 22808 17.13
812 32596 16.83
813 36156 16.95
814 27715 17.13
815 33060 16.94
816 42227 16.55
817 24311 16.56
818 41589 16.06
819 44046 16.48
820 30830 16.60
821 38023 16.43
822 41607 16.44
823 25274 16.73
824 41839 16.31
825 42317 16.48
826 29490 16.59
827 37063 16.46
828 43653 16.43
829 23960 16.82
830 34942 16.53
831 38493 16.30
832 34603 16.21
833 37217 16.08
834 36981 16.30
835 28365 16.52
836 37342 16.18
837 37972 16.28
838 34113 16.14
839 43778 15.92
840 48769 16.04
841 27207 16.37
842 37119 16.10
843 46468 16.02
844 29196 16.25
845 35395 16.12
846 45782 16.14
847 28508 16.39
848 38218 16.10
849 44387 16.16
850 34062 16.25
851 40917 16.03
852 47118 16.18
853 22413 16.61
854 36788 16.07
855 40373 16.15
856 24793 16.33
857 32807 16.19
858 45983 16.19
859 24328 16.55
860 33198 16.22
861 45596 16.10
862 26814 16.30
863 32603 16.17
864 51010 15.95
865 19395 16.39
866 31728 16.16
867 45283 16.11
868 24820 16.40
869 31989 16.25
870 43948 16.15
871 29749 16.36
872 44961 15.80
873 48693 15.88
874 29095 16.25
875 38608 16.08
876 45411 16.18
877 24633 16.58
878 41302 16.13
879 47312 16.13
880 32056 16.15
881 43170 15.95
882 48064 16.01
883 25068 16.42
884 40105 15.99
885 49096 15.96
886 31231 16.13
887 41538 16.00
888 44189 16.04
889 22465 16.55
890 43073 16.05
891 48195 16.06
892 32710 16.21
893 36977 16.07
894 45566 16.01
895 25153 16.39
896 39685 16.19
897 42800 16.40
898 23936 16.76
899 33211 16.47
