3
0 28902 17.11
1 18244 16.21
2 30353 15.69
3 31551 16.33
4 25691 16.21
5 32077 15.94
6 34815 16.00
7 23036 16.22
8 38291 15.51
9 38270 15.70
10 26985 15.71
11 31508 15.61
12 39792 15.69
13 22451 15.92
14 32575 15.67
15 37406 15.79
16 24977 15.82
17 33377 15.70
18 33291 15.96
19 24323 16.11
20 38888 15.91
21 32731 16.18
22 33143 15.96
23 36849 15.88
24 35756 15.74
25 24401 15.59
26 41363 14.93
27 35128 15.94
28 29381 15.85
29 40775 15.65
30 40286 15.77
31 27261 16.04
32 44906 15.57
33 39598 15.82
34 30084 15.94
35 37343 15.76
36 41241 15.85
37 25499 16.13
38 36385 15.89
39 36149 16.02
40 27658 16.11
41 36769 15.92
42 37369 16.09
43 23830 16.41
44 38519 15.88
45 37911 16.00
46 35612 15.87
47 49523 15.62
48 42695 15.90
49 30629 15.87
50 42931 15.60
51 42081 15.78
52 31583 15.74
53 39455 15.58
54 41870 15.76
55 28301 15.92
56 39915 15.58
57 41543 15.73
58 28813 15.87
59 34059 15.74
60 37270 15.95
61 22921 16.21
62 33610 15.87
63 40566 15.84
64 31507 15.64
65 43444 15.38
66 42176 15.58
67 27491 15.84
68 41490 15.54
69 41821 15.70
70 25666 15.92
71 35733 15.70
72 44163 15.69
73 26287 15.84
74 34793 15.58
75 38705 15.79
76 24439 15.93
77 31461 15.78
78 38536 15.83
79 22154 16.12
80 34721 15.77
81 37111 15.87
82 24691 16.07
83 32103 15.89
84 38552 15.87
85 29314 15.99
86 39227 15.66
87 41357 15.72
88 37612 15.61
89 46740 15.51
90 43391 15.73
91 31628 15.91
92 43258 15.60
93 41582 15.75
94 29128 15.89
95 35590 15.79
96 40545 15.54
97 21750 15.61
98 30337 15.40
99 37876 15.87
100 25023 16.10
101 31195 15.98
102 34468 16.09
103 34027 15.95
104 48102 15.52
105 41389 15.77
106 29088 15.89
107 42526 15.56
108 43868 15.66
109 21889 16.04
110 34269 15.72
111 43078 15.66
112 28728 15.59
113 37118 15.48
114 41025 15.62
115 21701 15.99
116 33875 15.67
117 39029 15.71
118 26160 15.85
119 30108 15.70
120 36992 15.65
121 22692 15.50
122 31023 15.22
123 37176 15.82
124 29794 15.74
125 33712 15.66
126 38862 15.83
127 20532 16.10
128 34801 15.84
129 39759 16.02
130 23471 16.20
131 32037 16.04
132 42559 15.95
133 22608 16.27
134 31449 16.01
135 38370 16.03
136 26482 16.04
137 33487 15.80
138 38811 16.04
139 20599 16.39
140 30519 16.04
141 38585 16.03
142 23671 16.23
143 33674 15.91
144 43644 15.54
145 21783 15.74
146 28970 15.34
147 41789 15.60
148 26376 15.85
149 34567 15.70
150 41267 15.82
151 20826 16.23
152 31051 15.86
153 38809 15.93
154 23849 16.22
155 28041 16.15
156 38926 16.13
157 21518 16.41
158 32407 16.09
159 37803 16.15
160 26746 16.11
161 34134 15.94
162 40525 16.02
163 28805 16.20
164 38578 15.90
165 41842 15.98
166 28447 16.13
167 36384 15.89
168 45254 15.56
169 25153 15.65
170 33757 15.42
171 42398 15.73
172 25996 16.01
173 31973 15.91
174 42330 15.89
175 26592 16.13
176 34773 15.89
177 41167 16.02
178 26853 16.18
179 33128 15.96
180 44858 15.94
181 24299 16.21
182 36001 15.91
183 44656 15.81
184 29682 15.78
185 36631 15.63
186 45965 15.67
187 22617 16.14
188 33992 15.81
189 43688 15.89
190 21815 16.28
191 31977 16.09
192 44099 15.98
193 21551 16.34
194 33702 15.97
195 44655 15.83
196 29985 15.96
197 36196 15.83
198 42225 15.93
199 26556 16.22
200 42418 15.53
201 46533 15.67
202 27648 15.93
203 37362 15.68
204 48495 15.69
205 26138 16.01
206 34361 15.71
207 47412 15.59
208 28155 15.72
209 34034 15.68
210 46362 15.66
211 25550 16.05
212 36905 15.74
213 38754 15.90
214 24851 16.11
215 37442 15.82
216 46600 15.78
217 25158 16.07
218 38551 15.62
219 46650 15.69
220 30231 15.87
221 37539 15.74
222 47123 15.66
223 27239 15.97
224 39795 15.57
225 47503 15.66
226 26430 15.94
227 35387 15.72
228 43626 15.86
229 21965 16.26
230 32714 15.93
231 43425 15.84
232 34547 15.67
233 42348 15.48
234 46285 15.65
235 29462 15.83
236 41179 15.60
237 43448 15.72
238 32953 15.70
239 44679 15.41
240 49647 15.15
241 28335 15.13
242 39533 14.84
243 46934 15.31
244 36034 15.43
245 43506 15.33
246 45998 15.43
247 34477 15.55
248 49515 15.24
249 44123 15.48
250 38189 15.56
251 49114 15.42
252 43311 15.66
253 30417 15.86
254 42063 15.55
255 45307 15.66
256 37779 15.55
257 45212 15.45
258 45531 15.73
259 28680 15.99
260 39060 15.71
261 44653 15.73
262 30889 15.82
263 40645 15.57
264 44905 15.81
265 26040 16.09
266 37109 15.80
267 42297 15.86
268 29090 16.06
269 38701 15.86
270 38819 16.06
271 28762 16.15
272 43720 15.73
273 41063 15.94
274 35992 15.90
275 40861 15.73
276 42545 15.57
277 25610 15.44
278 38408 15.00
279 40637 15.61
280 33571 15.57
281 44219 15.54
282 38093 15.80
283 25893 15.91
284 41567 15.56
285 37590 15.76
286 31387 15.79
287 41139 15.60
288 37034 15.51
289 27363 15.26
290 49650 14.68
291 34727 15.85
292 30482 15.93
293 42389 15.69
294 38561 15.97
295 31120 15.95
296 42685 15.56
297 39877 15.76
298 33008 15.70
299 40529 15.57
300 38639 15.87
301 27653 16.02
302 35987 15.74
303 37220 15.91
304 30332 15.96
305 36300 15.79
306 34558 15.95
307 33508 15.92
308 40625 15.68
309 38373 15.93
310 31217 15.96
311 36610 15.84
312 39256 15.57
313 30249 15.30
314 42136 15.11
315 40441 15.72
316 32991 15.82
317 44999 15.59
318 39154 15.84
319 30506 15.91
320 39983 15.64
321 37845 15.94
322 27430 16.09
323 34125 15.96
324 33703 16.02
325 25839 15.70
326 33146 15.41
327 33364 16.01
328 26859 16.15
329 31818 16.02
330 33195 16.13
331 24229 16.41
332 33637 16.05
333 31998 16.24
334 26800 16.19
335 33994 16.00
336 34592 15.74
337 22884 15.67
338 31040 15.33
339 30321 15.96
340 20694 16.24
341 26372 16.14
342 25417 16.43
343 18779 16.64
344 27451 16.50
345 29275 16.52
346 25197 16.45
347 35187 16.14
348 35593 16.20
349 23777 16.35
350 32775 16.06
351 35885 16.09
352 25693 16.01
353 31164 15.87
354 36546 16.05
355 22350 16.25
356 33780 15.93
357 36364 15.94
358 26480 16.02
359 36039 15.81
360 41386 15.48
361 28733 15.31
362 41444 14.90
363 36737 15.70
364 32960 15.84
365 40257 15.72
366 36245 16.02
367 23368 16.23
368 35547 15.80
369 39436 15.97
370 31285 15.93
371 37833 15.78
372 40495 16.01
373 24804 16.33
374 39027 15.82
375 41483 15.89
376 34188 15.70
377 42844 15.43
378 43116 15.66
379 27102 16.00
380 39288 15.65
381 41103 15.76
382 26724 15.92
383 36070 15.71
384 41364 16.13
385 34678 15.54
386 47259 15.12
387 42778 15.86
388 30051 15.91
389 39430 15.71
390 43743 15.79
391 28250 16.04
392 39957 15.64
393 43866 15.74
394 31057 15.81
395 41363 15.67
396 44474 15.80
397 25522 16.06
398 39812 15.73
399 43126 15.80
400 30419 15.77
401 38460 15.66
402 41234 15.78
403 31112 15.97
404 40917 15.79
405 36060 16.07
406 26020 16.19
407 34079 15.96
408 39240 15.75
409 30519 15.58
410 44451 15.21
411 41330 15.89
412 32159 15.86
413 41086 15.70
414 42260 15.99
415 28696 16.21
416 38886 15.88
417 38549 16.04
418 28176 16.12
419 35344 15.99
420 38536 16.18
421 28439 16.26
422 39651 15.97
423 40255 16.01
424 36727 15.93
425 42170 15.77
426 37433 16.04
427 27589 16.15
428 43524 15.87
429 40534 15.98
430 32790 15.92
431 40487 15.74
432 40396 15.58
433 24986 15.45
434 37342 15.08
435 39268 15.67
436 27862 15.77
437 32069 15.70
438 36695 15.78
439 27138 15.96
440 34788 15.83
441 32441 16.08
442 23990 16.22
443 30526 16.07
444 36203 15.87
445 23242 15.71
446 34891 15.30
447 37997 15.90
448 32136 15.74
449 42438 15.58
450 40518 15.73
451 25111 16.03
452 44292 15.58
453 42925 15.63
454 34440 15.62
455 42517 15.43
456 45692 15.20
457 27869 15.29
458 40751 14.86
459 42237 15.49
460 31321 15.78
461 36175 15.64
462 40102 15.73
463 24440 15.98
464 40407 15.56
465 39062 15.78
466 29075 15.73
467 37772 15.48
468 43331 15.69
469 24566 16.02
470 34036 15.62
471 42328 15.63
472 30719 15.56
473 38318 15.42
474 41130 15.64
475 27671 15.84
476 39900 15.55
477 40178 15.72
478 28610 15.78
479 36946 15.60
480 39142 15.58
481 30299 15.34
482 37624 14.99
483 33283 15.92
484 25308 15.98
485 41826 15.67
486 38293 15.94
487 34332 15.97
488 49152 15.55
489 40432 15.83
490 31785 15.91
491 45314 15.61
492 41521 15.73
493 26067 15.97
494 42125 15.55
495 42867 15.63
496 29968 15.74
497 40012 15.53
498 39988 15.68
499 27490 15.90
500 40388 15.56
501 42157 15.67
502 28975 15.79
503 50032 15.31
504 38001 15.40
505 21240 15.46
506 36326 14.96
507 39551 15.57
508 32570 15.55
509 41410 15.37
510 41816 15.50
511 28007 15.67
512 47044 15.23
513 41460 15.50
514 31409 15.63
515 45093 15.37
516 39145 15.73
517 26802 15.91
518 38372 15.53
519 34705 15.83
520 30816 15.77
521 39016 15.66
522 35154 16.09
523 25133 16.22
524 40469 15.80
525 36963 15.96
526 27990 16.04
527 37027 15.83
528 41731 15.47
529 27755 15.38
530 44188 14.94
531 41315 15.58
532 37750 15.56
533 48315 15.31
534 40306 15.74
535 26785 15.99
536 36415 15.68
537 35384 15.86
538 28066 15.92
539 37269 15.69
540 38706 15.89
541 28385 16.04
542 40139 15.83
543 33205 16.20
544 26747 16.32
545 33923 16.11
546 35099 16.18
547 29482 16.23
548 43542 15.82
549 38137 16.06
550 31850 16.09
551 43085 15.81
552 39673 15.65
553 28374 15.42
554 37945 15.06
555 34514 15.91
556 28947 15.89
557 33284 15.83
558 31709 16.10
559 23816 16.17
560 31493 16.06
561 28348 16.35
562 25023 16.28
563 35684 16.08
564 33112 16.38
565 25067 16.41
566 33061 16.08
567 34471 16.22
568 29417 16.03
569 39268 15.83
570 36663 15.99
571 26935 16.17
572 36532 15.73
573 36401 15.89
574 24876 16.08
575 31806 15.85
576 31711 15.66
577 20408 15.65
578 35434 15.19
579 35242 15.84
580 24562 15.99
581 36034 15.62
582 32211 15.91
583 25248 16.05
584 35627 15.57
585 36521 15.71
586 30114 15.80
587 35727 15.61
588 39436 15.39
589 23621 15.41
590 34854 15.00
591 37771 15.44
592 27754 15.58
593 33929 15.47
594 35329 15.62
595 22856 15.92
596 29629 15.66
597 31265 15.84
598 23563 16.13
599 29057 15.89
600 33248 15.57
601 20899 15.62
602 31835 15.13
603 32663 15.71
604 26280 15.88
605 35265 15.64
606 34986 15.76
607 22437 16.01
608 31646 15.68
609 34920 15.75
610 23491 15.90
611 30895 15.66
612 35856 15.76
613 20968 16.13
614 34071 15.57
615 31191 15.86
616 24250 15.86
617 35196 15.62
618 35750 15.83
619 22138 16.08
620 30086 15.81
621 35861 15.77
622 27806 15.92
623 34974 15.70
624 41452 15.38
625 24009 15.48
626 36950 14.97
627 40010 15.36
628 28752 15.61
629 35021 15.48
630 38824 15.54
631 20994 15.92
632 32225 15.66
633 37920 15.74
634 22226 16.02
635 28837 15.80
636 35504 15.96
637 19266 16.31
638 28448 15.95
639 35168 15.85
640 24784 15.91
641 31398 15.71
642 37108 15.90
643 22811 16.17
644 32029 15.86
645 38970 15.78
646 23341 16.03
647 31784 15.80
648 43274 15.19
649 19878 15.49
650 31105 15.12
651 38524 15.58
652 23511 15.81
653 31374 15.62
654 37517 15.68
655 28793 15.79
656 43350 15.44
657 41243 15.64
658 29255 15.77
659 36848 15.74
660 36706 15.75
661 27479 15.75
662 42278 15.19
663 41032 15.80
664 32412 15.74
665 40472 15.57
666 42671 15.75
667 29527 16.00
668 42823 15.61
669 42210 15.74
670 28697 15.88
671 37500 15.73
672 43360 15.40
673 25249 15.55
674 35309 15.24
675 42387 15.64
676 30059 15.79
677 35737 15.67
678 38562 15.73
679 24981 16.08
680 32315 15.98
681 35625 16.11
682 24238 16.27
683 32051 16.02
684 39780 16.00
685 27021 16.19
686 38915 15.82
687 41282 15.84
688 33358 15.76
689 42060 15.62
690 37966 15.87
691 25258 16.20
692 44165 15.70
693 37021 16.00
694 36162 15.85
695 47166 15.61
696 41088 15.53
697 33906 15.28
698 40372 15.03
699 37003 15.87
700 34985 15.90
701 43413 15.72
702 36781 15.97
703 31086 16.10
704 43750 15.77
705 34932 16.01
706 34328 15.85
707 42956 15.75
708 35790 16.02
709 32793 15.99
710 41007 15.89
711 33905 16.16
712 33783 16.11
713 42694 15.96
714 32812 16.28
715 28718 16.40
716 36726 16.38
717 31744 16.50
718 30705 16.37
719 37504 16.22
720 36049 15.90
721 30545 15.51
722 40187 15.24
723 34972 16.18
724 33849 16.33
725 42938 16.31
726 32454 16.73
727 34489 16.69
728 46293 16.33
729 35427 16.46
730 30874 16.53
731 39628 16.41
732 30502 16.71
733 32851 16.61
734 39124 16.47
735 29545 16.69
736 26674 16.90
737 33232 16.80
738 26906 16.89
739 27791 16.80
740 39913 16.43
741 33288 16.49
742 34102 16.42
743 41895 16.12
744 38693 15.73
745 30048 15.45
746 42071 15.14
747 39202 15.89
748 30362 16.03
749 40887 15.81
750 36853 16.00
751 27887 16.09
752 40830 15.80
753 37045 16.08
754 27624 16.13
755 35826 15.95
756 38058 15.97
757 28944 16.14
758 41687 15.66
759 41466 15.79
760 33781 15.64
761 42025 15.49
762 42498 15.70
763 27911 15.96
764 38141 15.63
765 39845 15.71
766 26672 15.93
767 33251 15.84
768 37510 16.12
769 25558 15.80
770 36629 15.29
771 36774 16.21
772 33492 16.04
773 42424 15.91
774 36012 16.19
775 28493 16.33
776 40195 16.00
777 39323 16.06
778 39506 15.83
779 47235 15.79
780 41256 15.99
781 34089 15.99
782 44696 15.64
783 42781 15.74
784 36249 15.62
785 43006 15.55
786 39660 15.84
787 31778 15.97
788 42365 15.85
789 35619 16.02
790 37742 15.99
791 44800 15.91
792 37127 15.87
793 32807 15.31
794 41736 15.10
795 35741 16.00
796 35539 15.90
797 46365 15.61
798 39437 16.01
799 32330 16.07
800 44475 15.59
801 41269 15.78
802 38459 15.73
803 46674 15.64
804 41957 15.49
805 34358 14.99
806 41027 14.80
807 39814 15.66
808 34535 15.81
809 40457 15.79
810 38490 16.14
811 33310 16.19
812 45179 15.90
813 37844 16.10
814 32905 16.12
815 41459 15.96
816 40513 15.68
817 31711 15.39
818 43032 15.07
819 39960 15.79
820 36704 15.81
821 43335 15.72
822 37949 15.91
823 34385 15.92
824 43400 15.75
825 35312 16.03
826 36460 15.85
827 41468 15.77
828 34424 16.30
829 34043 16.14
830 43310 15.99
831 32796 16.23
832 34134 15.96
833 39832 15.89
834 31137 16.17
835 32388 15.93
836 41600 15.60
837 32579 15.92
838 30446 15.99
839 38494 15.94
840 32901 15.92
841 28534 15.55
842 40582 15.32
843 34916 16.23
844 34708 16.24
845 41500 16.06
846 33007 16.40
847 28161 16.46
848 46759 15.70
849 39694 15.83
850 39993 15.82
851 43701 15.74
852 36351 16.13
853 29324 16.21
854 40539 15.91
855 38092 15.97
856 41217 15.64
857 45753 15.63
858 36275 15.96
859 35664 15.88
860 48573 15.59
861 36657 15.87
862 34595 15.86
863 43463 15.74
864 38089 15.73
865 34238 15.14
866 40225 15.10
867 35723 15.95
868 35073 15.88
869 40518 15.73
870 37052 15.86
871 32868 15.91
872 44351 15.40
873 38403 15.61
874 30116 15.76
875 36972 15.55
876 40876 15.37
877 29503 14.95
878 39161 14.68
879 39910 15.33
880 33838 15.42
881 39596 15.33
882 36489 15.74
883 27597 15.98
884 35506 15.86
885 30612 16.21
886 28158 16.40
887 34183 16.31
888 31625 16.05
889 25194 15.70
890 40203 15.26
891 34827 16.05
892 33106 15.91
893 40554 15.77
894 36975 16.00
895 27125 16.26
896 36644 16.16
897 33104 16.42
898 20966 16.62
899 28630 16.39
