8
0 11639 12.134
1 13731 15.074
2 18310 15.128
3 17014 15.653
4 22342 14.931
5 16482 15.975
6 18070 15.631
7 23384 16.404
8 17004 12.091
9 33044 16.601
10 30409 15.725
11 24135 16.357
12 27745 14.910
13 25313 16.714
14 22028 16.037
15 29083 16.953
16 17940 12.562
17 32185 17.364
18 27554 16.607
19 32623 17.400
20 26012 15.669
21 24398 17.476
22 28013 16.926
23 29192 17.558
24 20231 13.198
25 32828 17.397
26 31938 16.889
27 36987 17.598
28 29994 15.746
29 28525 17.399
30 33903 16.844
31 33389 17.514
32 24872 13.407
33 35784 17.483
34 33235 16.919
35 31976 17.504
36 31090 15.818
37 25511 17.450
38 26968 17.066
39 36213 17.662
40 23132 13.824
41 36444 17.756
42 38165 17.498
43 30649 17.731
44 29703 16.093
45 26231 17.546
46 32491 17.174
47 33540 17.618
48 28407 13.584
49 37073 17.382
50 35957 16.984
51 34770 17.279
52 34010 16.166
53 21641 17.156
54 24879 17.022
55 30376 17.316
56 28455 13.545
57 34832 17.186
58 38588 17.135
59 31266 17.264
60 34332 16.180
61 22046 17.293
62 28436 17.166
63 34602 17.466
64 28526 13.541
65 34355 17.119
66 37350 17.059
67 32301 17.238
68 30377 15.878
69 23671 17.242
70 27432 17.069
71 30696 17.321
72 29413 13.434
73 35761 17.107
74 38188 17.069
75 33503 17.282
76 29875 15.926
77 22694 17.085
78 29839 16.858
79 27564 17.269
80 26069 13.822
81 30177 17.355
82 32065 17.143
83 29411 17.569
84 31958 16.378
85 24680 17.527
86 31472 17.166
87 35437 17.600
88 29038 13.744
89 35325 17.309
90 38719 17.064
91 33288 17.277
92 36833 16.331
93 23064 17.120
94 32083 16.943
95 29244 17.339
96 27751 13.705
97 31053 17.027
98 30644 16.725
99 26606 17.126
100 26986 15.936
101 21524 17.359
102 22700 17.182
103 37326 17.652
104 28150 13.971
105 32885 17.325
106 34964 17.146
107 28552 17.234
108 36002 16.270
109 22065 17.208
110 24708 17.037
111 28007 17.391
112 29067 13.694
113 34279 17.191
114 35016 16.958
115 28349 17.269
116 26967 15.754
117 22159 17.227
118 26248 16.898
119 26784 17.408
120 25174 13.904
121 33055 17.295
122 31256 16.981
123 28227 17.403
124 30660 15.963
125 23608 17.404
126 25881 17.202
127 30409 17.684
128 27898 14.237
129 33583 17.796
130 35267 17.415
131 30282 17.762
132 30819 16.131
133 25606 17.672
134 26315 17.278
135 31548 17.749
136 27417 14.190
137 34029 17.725
138 35507 17.435
139 26492 17.703
140 27697 16.157
141 23275 17.598
142 26615 17.332
143 31102 17.793
144 30118 13.778
145 34839 17.191
146 34658 17.033
147 31030 17.272
148 28237 15.952
149 24187 17.350
150 26735 17.208
151 29508 17.593
152 27625 14.088
153 32754 17.660
154 33585 17.538
155 23262 17.780
156 30823 16.636
157 24307 17.854
158 28009 17.406
159 30636 17.957
160 27129 14.283
161 35034 17.863
162 36850 17.517
163 33656 17.884
164 33744 16.448
165 24640 17.627
166 25822 17.219
167 32996 17.698
168 31383 13.779
169 34735 17.071
170 33121 16.697
171 29635 17.006
172 27759 15.849
173 21974 17.142
174 27021 16.979
175 30032 17.345
176 28419 14.080
177 31590 17.414
178 35034 17.214
179 28219 17.356
180 32961 16.046
181 22643 17.211
182 25794 16.992
183 29309 17.412
184 30903 13.823
185 34890 17.194
186 34450 16.810
187 28812 17.160
188 28975 15.757
189 21687 17.141
190 23443 16.826
191 27225 17.584
192 29802 13.918
193 33649 17.340
194 33956 16.955
195 31857 17.415
196 26642 15.851
197 22338 17.361
198 29734 16.997
199 33629 17.445
200 30826 13.671
201 33225 16.998
202 35273 16.803
203 29295 16.971
204 32285 15.681
205 22992 16.816
206 23968 16.463
207 27777 16.886
208 30557 13.473
209 33329 17.018
210 32211 16.537
211 30286 16.932
212 27043 15.566
213 22904 17.008
214 23404 16.670
215 30941 17.103
216 29404 13.369
217 32586 16.771
218 37763 16.723
219 27725 16.939
220 29700 15.469
221 23195 16.875
222 25264 16.473
223 29828 16.831
224 30234 13.268
225 33998 16.782
226 33589 16.353
227 27980 16.554
228 29610 15.310
229 19711 16.586
230 24137 16.455
231 31496 17.028
232 28748 13.321
233 34678 16.802
234 34439 16.351
235 32977 16.791
236 29309 15.357
237 20446 16.536
238 29998 16.319
239 30927 16.746
240 30734 12.830
241 35138 16.243
242 32316 15.696
243 31322 16.131
244 28961 14.915
245 23595 16.131
246 28204 16.093
247 30908 16.228
248 29535 13.111
249 32314 16.245
250 33452 16.189
251 30231 16.165
252 30291 15.063
253 21322 16.139
254 23165 15.790
255 31756 16.265
256 27837 12.986
257 30488 16.270
258 33088 16.124
259 26671 16.167
260 26474 14.970
261 22520 16.346
262 23238 15.914
263 28256 16.499
264 26540 13.155
265 31068 16.610
266 30904 16.192
267 28139 16.641
268 25940 15.298
269 23531 16.767
270 24896 16.522
271 30862 17.027
272 25363 13.666
273 30469 17.003
274 30434 16.611
275 30657 17.123
276 28918 15.160
277 21439 16.448
278 24921 16.356
279 29029 16.788
280 24996 13.637
281 27980 16.979
282 27662 16.603
283 31233 17.222
284 23927 15.498
285 24749 17.137
286 26279 16.776
287 31034 17.333
288 23824 13.811
289 32261 17.104
290 32491 16.918
291 30121 17.229
292 26933 15.954
293 24603 17.335
294 32154 17.097
295 35363 17.407
296 27215 14.164
297 31632 17.211
298 33603 16.771
299 32198 16.975
300 31462 15.968
301 23577 17.030
302 24247 16.661
303 29741 17.152
304 25049 14.399
305 31660 17.542
306 33631 17.177
307 36825 17.458
308 28861 15.903
309 30535 17.449
310 29374 16.912
311 32503 17.385
312 27168 14.120
313 33395 17.195
314 35752 16.671
315 29575 16.976
316 30883 15.795
317 24879 17.018
318 26400 16.747
319 30598 17.037
320 27115 14.438
321 27311 17.196
322 29654 17.008
323 26850 17.285
324 28035 15.834
325 25363 17.342
326 25605 17.026
327 28844 17.492
328 23555 14.905
329 27655 17.772
330 28864 17.493
331 29566 17.974
332 24959 16.508
333 21717 17.985
334 25782 17.476
335 29242 18.163
336 24636 14.651
337 30598 17.755
338 30092 17.578
339 27960 18.055
340 22057 16.716
341 21846 18.308
342 23480 18.117
343 28499 18.865
344 18976 15.926
345 35988 19.068
346 37012 18.351
347 36994 18.843
348 36831 17.080
349 25719 18.309
350 29805 17.963
351 30125 18.381
352 28905 15.372
353 30257 18.290
354 31400 17.833
355 28997 18.343
356 25904 16.765
357 25952 18.266
358 28468 17.783
359 36973 18.437
360 32270 14.684
361 32234 17.454
362 36384 17.398
363 33193 17.756
364 32387 16.741
365 21052 17.809
366 25469 17.760
367 29928 17.991
368 29975 15.034
369 33133 18.021
370 39123 17.690
371 34420 17.983
372 33040 16.608
373 23687 17.858
374 29184 17.535
375 34249 17.938
376 32535 14.811
377 34511 17.444
378 34732 17.227
379 30537 17.335
380 29688 16.186
381 22064 17.399
382 27334 17.192
383 31165 17.507
384 30889 14.599
385 32303 17.459
386 34983 17.090
387 32059 17.320
388 30744 16.253
389 22478 17.203
390 29694 17.155
391 30213 17.272
392 32268 14.367
393 30208 17.277
394 33065 16.765
395 27893 17.084
396 30794 16.000
397 22840 17.129
398 25603 16.775
399 30300 17.223
400 31380 14.447
401 30903 17.343
402 31546 16.931
403 31474 17.175
404 28392 15.972
405 24608 17.268
406 27427 16.889
407 30232 17.391
408 27876 14.349
409 31357 17.004
410 35050 16.866
411 30823 17.179
412 31811 15.856
413 25072 17.147
414 29230 16.728
415 30373 17.148
416 28446 14.676
417 27071 17.369
418 27823 16.973
419 28063 17.329
420 26709 15.951
421 23863 17.375
422 28267 16.964
423 32524 17.406
424 29770 14.643
425 30036 17.358
426 31650 16.913
427 28659 17.359
428 27941 16.003
429 25939 17.304
430 27063 16.835
431 29026 17.176
432 28718 14.309
433 26975 16.968
434 30064 16.597
435 31590 17.168
436 25792 15.764
437 23677 17.066
438 24500 16.784
439 31771 17.319
440 22807 14.963
441 29118 17.612
442 29975 17.411
443 27443 17.837
444 30936 16.049
445 22677 17.287
446 29019 17.131
447 33782 17.576
448 29334 14.499
449 32037 17.449
450 32394 17.098
451 29268 17.418
452 28113 15.705
453 26800 17.245
454 32140 16.703
455 34486 17.308
456 32489 13.984
457 29629 16.620
458 30569 16.305
459 33281 16.937
460 27717 15.675
461 23984 17.094
462 27155 16.707
463 27463 17.086
464 27771 14.530
465 25721 17.190
466 33132 16.865
467 30963 17.337
468 30117 15.701
469 24978 17.212
470 25674 16.647
471 32344 17.340
472 30104 14.359
473 30811 17.219
474 31568 16.877
475 29331 17.127
476 26759 15.752
477 22655 17.164
478 26469 16.793
479 30372 17.232
480 26928 14.219
481 31476 17.421
482 30065 16.921
483 27087 17.414
484 25627 15.938
485 31589 17.619
486 33625 16.995
487 34528 17.399
488 28765 14.532
489 27558 17.241
490 29392 16.841
491 30827 17.242
492 30058 15.846
493 23372 17.122
494 27149 16.750
495 30447 17.152
496 29667 14.409
497 30028 17.337
498 31531 16.952
499 30630 17.207
500 27037 15.804
501 26238 17.150
502 27818 16.707
503 31551 17.228
504 26478 14.146
505 25493 17.042
506 26780 16.701
507 33821 17.325
508 29098 15.606
509 28286 17.313
510 30280 16.924
511 32779 17.302
512 29486 14.298
513 30100 17.112
514 32622 16.931
515 28453 17.103
516 26804 15.776
517 22963 17.148
518 29138 16.860
519 30894 17.369
520 23949 14.634
521 28075 17.657
522 30590 17.362
523 28261 17.696
524 27763 16.108
525 26507 17.653
526 28492 17.286
527 33279 17.639
528 30055 14.262
529 32470 17.089
530 33516 16.819
531 33479 17.127
532 30079 15.731
533 24989 17.020
534 26759 16.850
535 30413 17.188
536 26543 14.567
537 28460 17.458
538 30635 17.194
539 32741 17.368
540 28407 15.771
541 25491 17.329
542 31109 17.208
543 27834 17.446
544 24618 15.118
545 26295 17.763
546 31199 17.467
547 34831 17.884
548 30610 16.195
549 25983 17.535
550 28524 17.352
551 30400 17.611
552 29013 14.543
553 29713 17.306
554 29390 17.059
555 30354 17.565
556 23988 16.055
557 23547 17.574
558 24324 17.341
559 28025 17.751
560 21501 15.317
561 23537 18.245
562 27222 17.860
563 33072 18.382
564 29503 16.644
565 27620 18.144
566 28809 17.834
567 31011 18.255
568 27749 15.298
569 32024 18.161
570 33752 17.852
571 32536 18.107
572 26935 16.364
573 26202 17.893
574 27776 17.714
575 28428 17.997
576 24521 15.015
577 27953 17.862
578 36464 17.645
579 31226 18.012
580 26929 16.526
581 25254 18.047
582 26138 17.694
583 32473 18.146
584 28910 15.174
585 31572 17.956
586 33870 17.653
587 31366 17.987
588 33801 16.229
589 24543 17.474
590 26528 17.283
591 29908 17.631
592 29251 14.918
593 29714 17.758
594 29812 17.510
595 30863 17.907
596 22890 16.304
597 26655 18.013
598 28908 17.783
599 27918 18.206
600 26061 15.022
601 29292 17.773
602 30298 17.635
603 28534 18.105
604 25351 16.654
605 24750 18.092
606 29514 17.826
607 31377 18.306
608 27826 15.158
609 33417 18.342
610 32365 17.879
611 30855 18.124
612 27830 16.776
613 24441 18.123
614 30953 17.810
615 32067 18.400
616 26185 15.191
617 39083 18.365
618 36110 17.969
619 28699 18.141
620 30080 17.006
621 23042 18.073
622 30415 17.911
623 31832 18.198
624 33086 14.738
625 32335 17.484
626 32563 17.270
627 31563 17.570
628 29126 16.541
629 23427 17.679
630 26593 17.522
631 28147 17.811
632 29340 15.039
633 32738 18.066
634 32019 17.834
635 27520 18.067
636 27595 16.945
637 20991 18.130
638 26684 17.941
639 31242 18.473
640 28013 15.166
641 32124 18.384
642 33775 17.992
643 32008 18.296
644 31002 17.022
645 24756 18.179
646 27626 17.927
647 34259 18.388
648 33750 14.465
649 32511 17.369
650 36124 17.408
651 29545 17.758
652 29732 16.580
653 25144 17.757
654 30272 17.519
655 34460 17.829
656 31875 14.765
657 31650 17.731
658 34793 17.510
659 27281 17.841
660 34109 16.567
661 25982 17.632
662 31067 17.415
663 31038 17.810
664 31706 14.606
665 31648 17.536
666 31547 17.151
667 31288 17.558
668 31385 16.595
669 21201 17.484
670 28895 17.171
671 30311 17.600
672 31489 14.203
673 32080 17.322
674 32220 16.907
675 32847 17.325
676 27726 15.969
677 23244 17.224
678 25789 16.826
679 31716 17.455
680 25484 14.679
681 25639 17.498
682 29808 17.313
683 27524 17.742
684 31587 16.329
685 25179 17.570
686 27742 17.182
687 31440 17.606
688 29647 14.565
689 30642 17.431
690 32781 17.114
691 30068 17.588
692 28294 16.076
693 29061 17.474
694 32369 16.945
695 36270 17.151
696 29762 14.222
697 30316 16.793
698 30408 16.583
699 29970 16.984
700 28732 16.013
701 22550 16.949
702 24915 16.822
703 29197 17.076
704 25055 14.735
705 25456 17.227
706 28742 16.938
707 31809 17.311
708 28865 16.120
709 24949 17.086
710 28001 16.916
711 29662 17.334
712 23653 15.088
713 28389 17.536
714 30469 17.448
715 29427 17.622
716 27705 16.633
717 22400 17.632
718 27656 17.467
719 31507 17.694
720 26570 14.793
721 29628 17.408
722 31017 17.118
723 32735 17.559
724 30420 16.423
725 28274 17.654
726 33022 17.544
727 32453 17.690
728 27218 15.501
729 27445 17.549
730 31401 17.399
731 31736 17.811
732 30537 16.614
733 28012 17.619
734 28789 17.272
735 28754 17.727
736 20683 16.104
737 20536 17.975
738 23433 17.665
739 31164 18.145
740 26919 16.610
741 29335 17.886
742 31121 17.474
743 33471 17.735
744 30487 14.902
745 26314 17.154
746 31611 17.050
747 30978 17.320
748 26554 15.976
749 28382 17.309
750 28638 16.983
751 31405 17.361
752 29939 15.286
753 27198 17.590
754 29753 17.393
755 30431 17.560
756 29112 16.199
757 24618 17.458
758 33308 17.048
759 32596 17.412
760 33630 14.834
761 27736 17.074
762 28876 16.707
763 30187 17.094
764 26771 15.883
765 23641 17.061
766 25082 16.752
767 28008 17.237
768 28833 14.888
769 28603 17.677
770 31211 17.309
771 34021 17.675
772 28644 16.226
773 25742 17.622
774 28578 17.165
775 31306 17.687
776 28463 15.224
777 32070 17.629
778 39618 17.241
779 33234 17.326
780 33757 16.142
781 27999 17.215
782 29931 16.754
783 31144 17.048
784 33399 14.771
785 26170 16.930
786 28588 16.628
787 32259 17.201
788 28164 15.826
789 24918 17.037
790 25023 16.797
791 30229 17.297
792 27410 14.683
793 23206 16.884
794 27257 16.835
795 34526 17.248
796 28835 15.786
797 29071 17.174
798 30512 16.777
799 30822 17.133
800 30905 14.747
801 25959 16.972
802 30054 16.808
803 33172 17.168
804 28643 15.030
805 24976 16.383
806 28997 16.421
807 30123 16.612
808 25098 14.888
809 27027 17.099
810 35713 16.922
811 32995 17.043
812 29673 15.550
813 24963 16.840
814 29660 16.703
815 30872 16.908
816 30302 14.569
817 25284 16.643
818 27894 16.271
819 31768 16.805
820 25373 15.392
821 24677 16.704
822 28041 16.650
823 30678 16.836
824 27160 14.837
825 25472 17.061
826 28543 16.780
827 32252 17.274
828 25463 15.830
829 26362 17.132
830 26724 16.692
831 29946 17.223
832 24771 15.249
833 24568 17.556
834 25678 17.151
835 31553 17.625
836 25057 15.916
837 27571 17.538
838 25444 17.025
839 31216 17.647
840 25046 15.254
841 28240 17.660
842 31175 17.391
843 34971 17.853
844 29360 16.216
845 32060 17.698
846 34923 17.373
847 33131 17.689
848 30899 15.093
849 30859 17.405
850 35275 17.185
851 33959 17.255
852 30840 15.839
853 22614 17.070
854 26489 16.873
855 34332 17.163
856 30448 15.099
857 26117 17.126
858 30217 16.948
859 32946 17.244
860 28208 15.796
861 26122 16.974
862 29156 16.826
863 31305 17.015
864 28250 14.821
865 24280 16.716
866 29298 16.861
867 31864 17.187
868 26102 15.810
869 25999 16.943
870 29189 16.741
871 32060 17.032
872 28661 14.728
873 25890 16.880
874 29496 16.718
875 30131 16.987
876 29703 15.209
877 26023 16.608
878 27811 16.299
879 31827 16.636
880 28453 14.639
881 26525 17.000
882 29490 16.934
883 31741 17.393
884 25111 15.878
885 28283 17.594
886 30908 17.468
887 27864 17.879
888 23395 15.156
889 24007 17.636
890 28552 17.371
891 31127 17.825
892 29050 15.765
893 31508 17.519
894 29101 17.256
895 31261 17.683
896 26031 15.316
897 24028 17.854
898 24268 17.568
899 28209 17.885
