8
0 8910 11.045
1 12942 13.934
2 15120 14.281
3 12620 14.604
4 15305 14.195
5 11070 15.096
6 12914 14.859
7 16035 15.564
8 10097 11.521
9 23309 15.704
10 19233 15.205
11 12970 15.769
12 16233 14.491
13 14403 16.253
14 14856 15.600
15 19041 16.665
16 10734 12.237
17 24937 16.858
18 20113 16.147
19 28215 16.876
20 16878 15.418
21 17287 16.983
22 16329 16.633
23 20339 17.359
24 11673 13.017
25 23095 17.073
26 22356 16.756
27 31637 17.135
28 23604 15.450
29 24623 16.840
30 24246 16.863
31 23209 16.983
32 15087 13.077
33 25067 16.985
34 29440 16.835
35 19992 16.859
36 19626 15.462
37 19598 17.007
38 20588 16.762
39 22573 16.899
40 16261 13.360
41 26140 16.880
42 26763 16.719
43 21187 17.007
44 19162 15.674
45 16262 16.897
46 21596 16.880
47 23998 17.093
48 16057 13.813
49 24656 17.092
50 25554 17.032
51 22930 17.170
52 22666 15.958
53 20453 17.007
54 25514 16.953
55 22950 17.010
56 17721 13.719
57 23394 17.040
58 24671 17.049
59 23865 17.170
60 23186 16.146
61 21657 17.113
62 26765 17.103
63 19664 17.180
64 15523 14.506
65 22749 17.283
66 25464 16.943
67 19972 17.306
68 22744 16.300
69 19955 17.226
70 22301 16.936
71 21110 17.223
72 19346 14.378
73 25826 17.264
74 26921 17.105
75 21496 17.174
76 24210 16.050
77 16921 17.039
78 20349 16.964
79 25209 17.356
80 20847 14.380
81 24235 17.167
82 26862 16.968
83 22514 17.056
84 25300 16.140
85 16055 16.998
86 21830 16.768
87 21617 17.032
88 16066 14.539
89 33553 17.228
90 26692 16.900
91 21491 16.848
92 22695 16.270
93 12688 17.009
94 25322 17.053
95 21752 17.158
96 21485 14.346
97 21652 16.792
98 19490 16.330
99 22817 16.901
100 19819 16.123
101 13380 16.821
102 20375 16.845
103 21661 17.066
104 19962 14.270
105 22806 17.031
106 23375 16.625
107 20529 16.869
108 25364 16.086
109 17285 16.861
110 20547 16.657
111 19815 17.104
112 20161 14.132
113 23905 17.138
114 23245 16.814
115 21671 17.051
116 22925 16.403
117 21509 17.305
118 20996 17.007
119 16131 17.338
120 19974 13.932
121 23075 16.863
122 22708 16.646
123 21157 17.131
124 20510 16.197
125 20466 17.192
126 18873 16.932
127 20606 17.257
128 19773 14.112
129 22575 17.229
130 26090 16.883
131 24165 17.189
132 22849 16.418
133 13218 17.173
134 19768 16.869
135 25112 17.266
136 20478 14.152
137 23123 17.247
138 23074 16.868
139 19095 17.190
140 22287 16.416
141 15760 17.467
142 16775 17.132
143 19190 17.459
144 17607 14.623
145 25658 17.655
146 27878 17.422
147 22216 17.533
148 21679 16.643
149 17930 17.571
150 22380 17.086
151 19303 17.454
152 18799 14.679
153 22284 17.446
154 23700 17.028
155 22863 17.534
156 23535 16.960
157 14029 17.633
158 17234 17.336
159 23994 17.784
160 18519 15.020
161 23457 17.850
162 20311 17.496
163 22149 17.770
164 25123 16.737
165 20923 17.522
166 22772 17.317
167 25195 17.416
168 22157 14.268
169 20048 16.621
170 28794 16.517
171 22430 16.751
172 24591 16.011
173 25540 16.708
174 25428 16.696
175 22004 16.443
176 20661 14.568
177 18984 16.463
178 20595 16.461
179 20679 16.636
180 28720 16.171
181 12362 16.724
182 18343 16.428
183 21689 16.868
184 21389 14.593
185 22152 16.753
186 23854 16.431
187 24604 16.798
188 20275 15.762
189 18120 16.520
190 21854 16.442
191 19562 16.430
192 22164 14.108
193 19730 16.053
194 19533 16.108
195 22552 16.447
196 21866 15.820
197 16480 16.530
198 20481 16.466
199 21839 16.683
200 17758 14.941
201 20204 16.818
202 26801 16.648
203 23147 16.862
204 20481 16.230
205 21230 16.912
206 26077 16.434
207 22698 16.643
208 22960 14.684
209 15167 16.291
210 19086 15.963
211 21644 16.443
212 22863 15.812
213 14466 16.451
214 15402 16.049
215 25640 16.618
216 21548 14.211
217 17451 16.066
218 18096 15.964
219 21223 16.316
220 21757 15.430
221 16868 16.215
222 20267 16.099
223 21219 16.566
224 21027 14.485
225 22762 16.379
226 22627 16.235
227 21302 16.265
228 23396 15.278
229 21227 16.127
230 20322 15.955
231 20574 16.104
232 20214 14.093
233 15862 16.113
234 18587 16.132
235 20676 16.289
236 16896 15.202
237 14023 16.359
238 17025 16.218
239 18597 16.572
240 20737 13.542
241 20249 16.072
242 19709 15.939
243 24735 16.607
244 16207 15.348
245 19268 16.346
246 21572 16.246
247 18206 16.451
248 19306 13.999
249 24134 16.713
250 22535 16.264
251 17849 16.620
252 19355 15.503
253 18267 16.780
254 17397 16.448
255 20687 16.811
256 17818 14.204
257 24598 16.911
258 20212 16.854
259 21428 17.018
260 19490 15.700
261 18738 17.069
262 20967 17.046
263 18604 17.019
264 20747 14.099
265 23416 16.761
266 25055 16.751
267 16928 16.844
268 17911 15.613
269 18443 16.990
270 20791 16.698
271 22698 17.058
272 18600 14.569
273 19384 17.122
274 19313 16.848
275 22989 17.333
276 22175 15.432
277 16130 16.741
278 18994 16.779
279 23700 17.192
280 20566 14.234
281 23172 17.101
282 23699 16.749
283 21989 17.042
284 17898 15.740
285 23985 17.109
286 25360 17.297
287 22041 17.400
288 16049 14.855
289 28033 17.237
290 26067 16.880
291 21234 17.144
292 24703 16.280
293 14425 17.083
294 15463 16.781
295 21046 17.164
296 20230 14.858
297 19874 17.343
298 19508 17.001
299 20253 17.420
300 18632 16.169
301 24636 17.327
302 22064 17.161
303 19035 17.174
304 20373 14.827
305 20428 17.266
306 24409 17.162
307 21885 17.315
308 18509 16.064
309 16524 17.247
310 16387 16.975
311 23609 17.477
312 16378 15.522
313 22382 17.699
314 25606 17.633
315 21170 17.656
316 23238 16.401
317 15543 17.441
318 18736 17.355
319 20034 17.578
320 21478 14.994
321 23767 17.460
322 22533 17.113
323 20183 17.388
324 18759 16.056
325 17648 17.337
326 21944 17.273
327 25466 17.684
328 21171 14.948
329 20458 17.360
330 21455 17.270
331 23239 17.340
332 18743 16.175
333 16278 17.230
334 18893 17.219
335 19736 17.511
336 20209 14.804
337 21467 17.517
338 22630 17.109
339 23416 17.509
340 20731 16.045
341 20892 17.430
342 23197 17.155
343 23481 17.364
344 18540 14.995
345 21032 17.359
346 26219 17.128
347 20096 17.406
348 22266 16.173
349 15662 17.245
350 17469 17.206
351 23004 17.625
352 21000 14.847
353 20322 17.464
354 20167 17.108
355 25085 17.413
356 16625 16.266
357 17144 17.490
358 20639 17.419
359 20657 17.623
360 21503 14.807
361 23677 17.419
362 23847 17.213
363 19411 17.525
364 19013 16.344
365 15731 17.479
366 19142 17.319
367 19519 17.777
368 15408 15.461
369 29070 17.954
370 31087 17.507
371 25480 17.584
372 23707 16.567
373 18019 17.492
374 17879 17.176
375 20077 17.526
376 20402 15.303
377 19084 17.578
378 19921 17.389
379 20173 17.764
380 18384 16.595
381 18123 17.739
382 20061 17.307
383 25920 17.736
384 21004 15.054
385 20637 17.324
386 23011 17.410
387 20832 17.482
388 21633 16.420
389 15752 17.399
390 17470 17.253
391 23446 17.656
392 22242 14.929
393 21051 17.402
394 23238 17.279
395 20563 17.661
396 21700 16.578
397 24596 17.637
398 24746 17.372
399 21611 17.528
400 18092 15.306
401 24821 17.514
402 23677 17.354
403 17055 17.605
404 21129 16.690
405 14379 17.587
406 17556 17.514
407 20250 17.747
408 23650 14.779
409 21617 17.305
410 23288 17.095
411 26508 17.331
412 18553 16.173
413 14523 17.197
414 19732 17.180
415 18106 17.356
416 22797 14.818
417 21246 17.495
418 20747 17.161
419 19875 17.522
420 18391 16.124
421 19701 17.405
422 19939 17.147
423 25602 17.605
424 17792 15.065
425 23579 17.647
426 23774 17.639
427 22519 17.606
428 21010 16.657
429 18648 17.532
430 24581 17.335
431 23550 17.465
432 24838 14.332
433 20322 16.609
434 21222 16.556
435 19515 16.761
436 17150 15.782
437 17196 16.962
438 20126 16.798
439 22280 17.111
440 21803 14.433
441 22315 17.048
442 24175 17.012
443 22590 16.996
444 21572 15.740
445 15876 16.753
446 16137 16.552
447 17502 16.932
448 18922 14.071
449 20213 16.955
450 21062 16.848
451 23393 17.196
452 17629 16.065
453 15204 17.313
454 17938 17.170
455 19802 17.606
456 17236 14.004
457 29297 17.094
458 27517 16.767
459 20874 16.865
460 24084 15.782
461 14838 16.790
462 18955 16.705
463 19763 17.134
464 20236 14.223
465 24783 17.473
466 24711 17.115
467 24204 17.274
468 18407 15.851
469 18798 17.166
470 18385 16.918
471 21106 17.270
472 20695 14.303
473 23246 17.158
474 24390 16.972
475 18238 17.129
476 18009 16.007
477 18963 17.344
478 25195 17.011
479 25989 17.333
480 18366 14.464
481 18933 17.001
482 22796 16.980
483 19533 17.398
484 20426 16.323
485 16817 17.349
486 16240 17.189
487 21695 17.680
488 20094 14.529
489 22385 17.565
490 24713 17.161
491 21318 17.594
492 22176 16.169
493 22159 17.459
494 21652 17.026
495 23894 17.515
496 21664 14.475
497 23198 17.272
498 23829 17.093
499 19586 17.332
500 20523 16.096
501 15884 17.205
502 17719 16.871
503 22819 17.373
504 23349 14.035
505 23218 16.797
506 27923 16.745
507 26736 16.958
508 20543 15.722
509 19266 16.745
510 19906 16.621
511 19978 16.867
512 20927 14.262
513 22340 17.104
514 21068 16.814
515 17394 17.091
516 18741 16.012
517 18142 17.237
518 18261 16.988
519 20566 17.417
520 20174 14.304
521 26280 17.155
522 26846 16.858
523 25112 17.245
524 18899 16.513
525 19435 17.594
526 24882 17.166
527 21836 17.292
528 20965 14.209
529 20125 16.695
530 20013 16.466
531 18191 16.891
532 20669 15.933
533 19224 16.735
534 18747 16.574
535 21439 17.001
536 18620 14.434
537 21571 16.916
538 24998 16.858
539 20389 17.004
540 26028 15.825
541 12761 16.734
542 15927 16.485
543 20029 17.124
544 21800 14.414
545 23642 17.096
546 21502 16.637
547 25238 17.249
548 17526 15.699
549 17424 16.874
550 18862 16.677
551 19689 17.052
552 21375 14.001
553 22882 16.850
554 22313 16.461
555 17752 16.746
556 16272 15.611
557 18669 17.153
558 19033 16.694
559 19415 17.100
560 17916 14.314
561 20958 17.225
562 20211 17.079
563 20423 17.588
564 19395 15.943
565 21550 17.461
566 22515 17.115
567 26313 17.410
568 20440 14.488
569 21666 17.269
570 20225 16.820
571 19746 17.356
572 19415 15.951
573 17910 17.385
574 19563 17.117
575 23211 17.356
576 16302 14.577
577 31779 17.237
578 24957 17.088
579 22592 17.246
580 22975 15.813
581 17116 16.688
582 22451 16.665
583 14807 16.832
584 20152 14.385
585 19959 16.957
586 17937 16.540
587 21237 17.114
588 15202 15.670
589 25356 16.966
590 24456 16.882
591 18438 17.052
592 20089 14.122
593 20289 16.874
594 18880 16.521
595 19484 17.019
596 14373 15.694
597 17225 17.025
598 15812 16.809
599 22403 17.349
600 20045 13.926
601 25368 17.021
602 26767 16.872
603 24653 16.955
604 19567 16.054
605 20320 16.957
606 18342 17.003
607 22223 16.954
608 19895 14.166
609 19901 16.929
610 21369 16.966
611 17719 17.084
612 20609 15.614
613 15753 16.847
614 17996 16.947
615 26442 17.021
616 15968 14.590
617 22448 17.302
618 23588 17.568
619 17663 17.488
620 17529 16.349
621 19088 17.444
622 23944 17.431
623 22390 17.495
624 19795 14.097
625 23610 16.910
626 23553 16.997
627 19692 17.159
628 19276 16.143
629 20900 17.223
630 20786 17.244
631 20059 17.277
632 15752 15.019
633 23521 17.631
634 25667 17.510
635 22682 17.557
636 21384 16.610
637 18092 17.505
638 21867 17.495
639 15112 17.603
