8
0 13170 10.708
1 18953 13.739
2 20858 13.866
3 19628 14.215
4 23172 14.034
5 12901 14.678
6 14526 14.604
7 18330 15.196
8 13884 11.746
9 27320 15.670
10 25968 15.001
11 23943 15.788
12 26455 14.422
13 18240 15.815
14 16392 15.306
15 25051 16.225
16 17467 12.063
17 32899 16.332
18 28005 15.511
19 25721 16.045
20 25084 14.629
21 20391 16.119
22 19696 15.776
23 28681 16.428
24 16999 12.539
25 31749 16.389
26 29318 15.939
27 23294 16.372
28 23806 15.011
29 20502 16.529
30 22224 15.957
31 25345 16.582
32 20613 13.060
33 28588 16.613
34 27568 16.232
35 25001 16.749
36 23516 15.270
37 20219 16.718
38 20633 16.374
39 26806 16.997
40 19321 13.680
41 32138 17.263
42 30013 16.818
43 26647 17.178
44 26532 15.783
45 17998 17.051
46 21428 16.932
47 34443 17.354
48 23166 13.516
49 29840 16.871
50 31004 16.847
51 23607 16.974
52 24629 15.753
53 22667 17.079
54 24229 16.778
55 27787 17.121
56 24885 13.930
57 28962 17.136
58 31353 16.978
59 31052 17.196
60 29138 15.766
61 21755 16.873
62 26136 16.790
63 26223 17.139
64 21481 14.172
65 25071 17.125
66 27714 17.025
67 30508 17.265
68 30236 15.885
69 20048 16.934
70 26600 16.889
71 25988 17.130
72 25972 13.836
73 30023 17.024
74 30752 16.877
75 27976 17.147
76 25073 15.996
77 18677 16.961
78 20303 16.895
79 28263 17.297
80 20246 14.478
81 28106 17.357
82 30501 17.451
83 25188 17.533
84 27793 16.317
85 20301 17.343
86 25189 17.235
87 23842 17.654
88 22815 14.681
89 25563 17.708
90 25293 17.675
91 24842 18.004
92 23266 16.677
93 17711 17.985
94 19709 17.765
95 29678 18.303
96 25737 14.484
97 29287 17.667
98 32550 17.646
99 31587 17.808
100 28427 16.942
101 18707 17.816
102 26139 17.615
103 26207 17.941
104 22361 14.788
105 29357 17.948
106 30686 17.602
107 27262 17.950
108 30186 17.072
109 15439 17.969
110 18871 17.954
111 22378 18.374
112 22700 15.253
113 28181 18.404
114 28684 17.939
115 27561 18.482
116 26236 17.274
117 26482 18.297
118 28237 17.972
119 29948 18.156
120 20594 15.528
121 22548 18.462
122 25653 18.265
123 35205 18.436
124 33835 17.453
125 17723 18.051
126 22170 18.165
127 24769 18.274
128 26699 15.296
129 26641 18.213
130 30621 18.200
131 27020 18.356
132 29018 17.332
133 19252 18.183
134 27271 17.876
135 26808 18.310
136 22263 15.293
137 36458 18.245
138 35394 17.799
139 24036 17.865
140 29217 16.993
141 16272 17.978
142 18427 17.663
143 23553 18.201
144 27250 14.965
145 28664 17.766
146 28937 17.441
147 28439 17.727
148 25540 16.663
149 18727 17.663
150 24358 17.400
151 27289 17.914
152 26337 15.033
153 26836 17.744
154 28646 17.351
155 24931 17.576
156 28178 16.810
157 19185 17.706
158 23545 17.295
159 26311 17.742
160 24631 15.040
161 27141 17.921
162 26728 17.332
163 26212 17.723
164 28897 16.805
165 20269 17.710
166 23283 17.279
167 28609 17.739
168 27894 14.526
169 26235 17.188
170 26707 16.893
171 29181 17.439
172 27104 16.498
173 15289 17.283
174 24448 16.985
175 26474 17.406
176 25213 14.943
177 25144 17.554
178 26134 17.179
179 26194 17.623
180 26530 16.652
181 17213 17.719
182 18371 17.275
183 26195 17.875
184 26075 14.949
185 28206 17.840
186 27334 17.267
187 31634 17.612
188 29066 16.457
189 22973 17.436
190 30409 17.063
191 27707 17.317
192 24922 14.673
193 23124 17.024
194 25767 17.015
195 23905 17.248
196 27163 16.441
197 23670 17.335
198 25563 16.949
199 28160 17.200
200 27182 14.677
201 23093 16.964
202 23827 16.621
203 27953 17.130
204 28285 16.146
205 19550 17.076
206 22800 16.589
207 24548 16.991
208 23529 14.792
209 23137 17.276
210 25215 16.876
211 28191 17.229
212 26146 16.234
213 17672 17.051
214 19251 16.689
215 23615 17.066
216 27088 14.338
217 23846 16.636
218 26043 16.586
219 24295 16.864
220 22595 15.907
221 17774 16.998
222 22815 16.647
223 25501 17.234
224 25673 14.609
225 26265 17.413
226 25276 16.916
227 30251 17.429
228 26383 16.204
229 20238 17.174
230 21326 16.850
231 26870 17.436
232 19911 15.270
233 23255 17.579
234 27992 17.120
235 27997 17.644
236 24116 16.349
237 15817 17.464
238 17517 17.187
239 23044 17.630
240 25595 14.532
241 26331 17.370
242 24530 16.940
243 23688 17.477
244 20501 16.260
245 20162 17.573
246 22017 16.956
247 27621 17.756
248 22264 15.011
249 25420 17.862
250 23500 17.392
251 25345 17.968
252 23938 16.723
253 21581 17.967
254 25147 17.601
255 28020 18.000
256 24924 15.129
257 26611 17.962
258 27090 17.609
259 29259 18.038
260 26347 16.875
261 19726 17.868
262 22934 17.495
263 28145 17.895
264 23673 14.822
265 27573 17.530
266 29429 17.362
267 25015 17.596
268 26735 16.634
269 21375 17.585
270 23677 17.247
271 27566 17.658
272 25600 15.074
273 25796 17.613
274 26382 17.235
275 26282 17.614
276 28318 16.587
277 19791 17.653
278 20631 17.372
279 25087 17.775
280 24712 15.138
281 27100 17.924
282 28628 17.513
283 26362 17.947
284 25388 16.629
285 21151 17.722
286 25015 17.339
287 26844 17.923
288 25758 14.890
289 26357 17.640
290 24650 17.214
291 27463 17.771
292 23858 16.525
293 19403 17.628
294 21078 17.303
295 26843 17.814
296 24557 15.119
297 26664 17.967
298 26448 17.573
299 28268 17.980
300 27187 16.753
301 23471 17.964
302 29536 17.579
303 28420 17.946
304 22649 15.365
305 22712 17.872
306 23870 17.358
307 26237 18.044
308 24518 16.848
309 18783 17.947
310 19608 17.624
311 24641 18.239
312 21801 15.352
313 24068 18.072
314 27460 17.768
315 29219 18.249
316 27211 17.407
317 21809 18.356
318 24821 18.069
319 26747 18.456
320 23396 15.857
321 25533 18.504
322 25975 18.124
323 25570 18.516
324 28138 17.297
325 19873 18.269
326 22096 17.947
327 24728 18.438
328 21506 15.988
329 24867 18.504
330 23968 17.914
331 26486 18.414
332 23674 17.087
333 22995 18.361
334 25297 17.800
335 29065 18.367
336 23103 15.721
337 25628 18.371
338 25636 17.845
339 27632 18.487
340 25272 17.384
341 20938 18.371
342 23417 17.970
343 24073 18.463
344 24028 16.013
345 24850 18.607
346 24247 18.145
347 26225 18.604
348 24255 17.346
349 21614 18.618
350 21870 18.134
351 27416 18.699
352 23588 16.044
353 26738 18.778
354 26600 18.378
355 29012 18.887
356 24357 17.739
357 19979 18.774
358 20885 18.422
359 25380 18.813
360 22471 16.292
361 24827 18.879
362 25881 18.671
363 28409 19.217
364 24258 17.843
365 21161 18.975
366 22465 18.765
367 26995 19.227
368 23165 16.545
369 27637 19.315
370 27401 18.899
371 29064 19.337
372 27428 18.091
373 20805 19.267
374 27527 19.088
375 26890 19.400
376 20928 17.028
377 25009 19.532
378 25828 19.214
379 26510 19.629
380 24835 18.500
381 19622 19.563
382 21248 19.159
383 24225 19.518
384 21562 17.221
385 24538 19.891
386 23213 19.423
387 28603 19.981
388 24121 18.629
389 23803 19.987
390 27398 19.705
391 29944 20.008
392 22290 17.533
393 23207 19.893
394 26178 19.894
395 27911 20.154
396 28097 18.544
397 21300 19.427
398 25621 19.400
399 28957 19.656
400 23753 17.255
401 28625 19.748
402 30790 19.365
403 28408 19.420
404 28249 18.357
405 23614 19.222
406 28351 18.988
407 28995 19.217
408 20920 16.994
409 24902 19.153
410 32839 18.938
411 30660 19.225
412 30193 18.354
413 22595 19.013
414 25359 18.670
415 28003 18.733
416 24170 17.115
417 21905 18.970
418 24164 18.708
419 25102 18.942
420 26021 18.138
421 18970 18.911
422 21598 18.650
423 27421 19.103
424 24222 17.091
425 24605 19.206
426 27378 18.870
427 30982 19.211
428 27418 18.774
429 22388 19.703
430 24830 19.447
431 27265 19.810
432 22678 17.458
433 19009 20.002
434 23338 19.590
435 28404 20.149
436 24096 19.238
437 17660 20.395
438 20473 20.421
439 16933 20.948
440 17496 19.079
441 20573 22.111
442 16418 21.497
443 17322 22.275
444 17774 20.743
445 18085 22.184
446 20088 22.519
447 18299 22.732
448 14712 20.125
449 18726 22.650
450 20521 22.259
451 19075 22.410
452 20499 21.368
453 23102 22.420
454 24574 21.885
455 26980 22.087
456 23795 19.143
457 34146 21.640
458 38632 21.120
459 31930 21.094
460 34680 20.165
461 26118 21.029
462 28632 20.490
463 31081 20.670
464 25529 18.639
465 27649 20.677
466 30608 20.250
467 28764 20.204
468 32241 19.455
469 24231 20.057
470 32791 20.240
471 27333 20.020
472 26977 18.154
473 27790 20.223
474 25267 19.427
475 31025 20.036
476 28240 19.117
477 22706 19.643
478 25534 19.372
479 27709 19.563
480 26970 17.951
481 24322 19.802
482 25939 19.518
483 30703 19.871
484 31500 19.258
485 25521 19.596
486 31067 19.516
487 28891 19.445
488 22676 18.759
489 20516 20.332
490 30240 19.429
491 30662 19.402
492 36889 18.973
493 20724 19.231
494 22146 19.141
495 26344 19.398
496 27935 17.874
497 21158 19.367
498 26187 19.151
499 31230 19.476
500 29189 18.701
501 25189 19.062
502 29320 18.927
503 30311 18.908
504 30501 17.502
505 21894 18.567
506 28602 18.547
507 31690 18.487
508 32245 18.075
509 21656 18.230
510 25210 18.196
511 24363 18.074
512 30027 17.003
513 17521 17.906
514 24708 18.113
515 25577 18.019
516 29443 17.684
517 18164 18.010
518 24877 17.865
519 26170 18.005
520 26376 17.221
521 23467 18.295
522 27362 17.832
523 27287 18.054
524 29674 17.413
525 19701 17.844
526 21685 17.461
527 25209 17.778
528 32581 16.585
529 16366 17.549
530 18747 17.367
531 23480 17.718
532 20757 16.747
533 19408 17.688
534 19728 17.152
535 25643 17.722
536 27387 16.825
537 19199 18.437
538 21950 17.920
539 26861 18.432
540 24173 16.949
541 22864 18.172
542 22873 17.486
543 25781 17.984
544 23831 16.759
545 19888 18.229
546 22069 17.706
547 32309 18.300
548 27846 16.755
549 21775 17.962
550 22682 17.458
551 27679 17.994
552 29913 16.019
553 20542 17.659
554 20767 17.258
555 29838 17.886
556 20971 16.481
557 23113 17.724
558 24676 17.542
559 26963 17.790
560 24103 16.577
561 14657 17.892
562 22868 17.616
563 31239 18.232
564 26436 16.542
565 23403 17.833
566 23562 17.367
567 28604 17.757
568 28746 16.290
569 20433 17.902
570 20551 17.414
571 25848 17.982
572 19610 16.477
573 24633 17.978
574 25210 17.565
575 27475 17.936
576 26553 16.311
577 25230 18.139
578 24837 17.543
579 25884 17.995
580 21373 16.518
581 23167 17.833
582 23840 17.487
583 28781 17.993
584 29133 16.135
585 21845 17.848
586 22373 17.321
587 27496 17.886
588 23428 16.009
589 22724 17.555
590 23068 17.175
591 29914 17.720
592 22682 15.959
593 23905 18.003
594 23915 18.124
595 27906 18.465
596 22615 16.681
597 20347 18.232
598 25643 17.674
599 26766 18.039
600 26567 15.496
601 24444 17.581
602 24686 17.081
603 29556 17.718
604 22169 16.225
605 23062 17.711
606 22419 17.128
607 27791 17.682
608 25778 15.766
609 23858 17.879
610 24253 17.437
611 32816 17.796
612 25921 16.566
613 26032 17.699
614 28790 17.419
615 24908 17.422
616 25196 15.788
617 19717 17.463
618 21768 17.085
619 27045 17.744
620 20663 16.262
621 20255 17.818
622 20299 17.292
623 25398 17.778
624 24769 15.516
625 21785 17.624
626 22508 17.298
627 27450 17.945
628 21713 16.458
629 25117 17.840
630 26099 17.622
631 28321 18.473
632 21957 16.379
633 19696 18.408
634 23613 18.115
635 30850 18.214
636 26818 16.695
637 26671 17.855
638 29605 17.586
639 28851 17.855
640 25979 16.296
641 21566 18.179
642 24373 17.913
643 27301 18.373
644 23821 17.147
645 23096 18.464
646 26957 18.169
647 26604 18.501
648 24247 16.603
649 25885 18.403
650 28487 17.942
651 28289 18.206
652 27800 16.913
653 22671 18.175
654 22947 17.670
655 27062 18.125
656 29330 16.211
657 23471 18.129
658 23636 17.612
659 26339 18.021
660 24159 16.321
661 23222 17.718
662 28514 17.323
663 31128 17.900
664 25246 16.090
665 26911 17.670
666 31003 17.351
667 33186 17.741
668 31391 16.225
669 24975 17.422
670 30816 17.247
671 32809 17.394
672 28618 15.896
673 15621 16.987
674 20591 16.870
675 26712 17.542
676 23234 16.277
677 19470 17.490
678 19713 17.288
679 24156 17.943
680 24821 16.609
681 22294 17.948
682 28297 17.406
683 26873 17.854
684 22606 16.504
685 25199 17.836
686 23186 17.331
687 25820 17.790
688 27848 16.420
689 18791 17.799
690 19605 17.435
691 25599 17.849
692 23416 16.367
693 22081 17.615
694 24577 17.170
695 24147 17.765
696 26823 16.345
697 17505 18.027
698 18880 17.457
699 24785 18.154
700 18759 16.512
701 25412 18.299
702 24669 17.500
703 33149 18.468
704 24024 16.477
705 27683 18.505
706 29440 17.691
707 28782 18.144
708 26060 16.640
709 22450 17.825
710 24611 17.556
711 25901 17.884
712 25648 16.498
713 16492 18.046
714 20498 17.778
715 24593 18.194
716 23272 16.484
717 27187 18.201
718 25333 17.599
719 30614 18.278
720 27477 16.427
721 21321 18.383
722 23168 17.733
723 29033 18.175
724 23407 16.358
725 29357 18.037
726 29826 17.582
727 26749 17.808
728 26830 15.965
729 24655 17.684
730 27302 17.477
731 25597 17.659
732 24045 15.773
733 19798 17.130
734 20839 17.006
735 25006 17.521
736 25860 15.874
737 20292 17.841
738 22217 17.510
739 25776 18.053
740 18645 16.503
741 29426 18.042
742 30291 17.424
743 30632 17.858
744 23557 15.866
745 20116 17.636
746 24500 17.490
747 30101 17.893
748 26370 16.579
749 21574 17.641
750 23361 17.371
751 25827 17.745
752 26911 15.824
753 21559 17.608
754 24734 17.327
755 26358 17.712
756 22662 16.354
757 21765 17.780
758 24804 17.306
759 28310 17.749
760 21609 16.328
761 28522 18.200
762 26351 17.692
763 26148 18.249
764 23607 17.059
765 18716 18.017
766 20331 17.915
767 20548 18.234
768 22760 16.512
769 22009 18.531
770 21802 18.045
771 25146 18.751
772 20533 17.283
773 21547 18.723
774 20686 18.191
775 24304 18.994
776 21969 17.070
777 23559 19.415
778 24514 18.836
779 30644 19.455
780 24124 17.407
781 23324 19.057
782 24259 18.731
783 25591 19.062
784 24388 17.100
785 24477 19.300
786 25849 18.941
787 23803 19.457
788 21246 17.828
789 22938 19.365
790 21877 18.870
791 27947 19.506
792 24259 17.031
793 25440 19.405
794 29800 19.133
795 31071 19.298
796 31015 17.908
797 37161 18.902
798 35528 18.557
799 31653 18.866
800 23379 16.671
801 23715 18.436
802 33947 17.831
803 35118 17.861
804 37630 16.524
805 21361 17.326
806 21780 17.350
807 22325 17.599
808 31904 16.143
809 19280 17.571
810 22517 17.338
811 25106 17.862
812 18645 16.181
813 25356 17.805
814 25850 17.481
815 21799 17.697
816 33222 15.376
817 22370 17.227
818 26502 16.885
819 29221 17.394
820 23181 15.624
821 23393 16.986
822 26356 16.846
823 24853 17.027
824 32613 15.028
825 20271 16.958
826 21394 16.387
827 23712 16.980
828 20459 15.402
829 22939 16.987
830 22068 16.563
831 31403 17.025
832 26251 14.808
833 21348 16.968
834 29359 16.745
835 28529 16.946
836 23856 15.604
837 23630 16.845
838 31152 16.317
839 28824 16.773
840 33934 14.117
841 21699 16.175
842 20349 15.620
843 23621 16.188
844 18980 15.066
845 18894 16.247
846 17786 16.018
847 24295 16.464
848 29694 13.981
849 23864 16.527
850 26279 16.136
851 28793 16.511
852 25235 15.189
853 21690 16.558
854 24141 16.052
855 25777 16.432
856 26180 13.900
857 23911 16.458
858 31105 16.136
859 26271 16.554
860 23698 15.112
861 22321 16.578
862 22303 15.750
863 20765 16.300
864 31900 13.401
865 27360 16.158
866 23414 15.468
867 25284 16.371
868 21895 14.740
869 23391 16.227
870 25091 15.719
871 31187 16.462
872 28691 13.062
873 25017 15.739
874 23752 15.397
875 25136 15.999
876 23035 14.524
877 15487 15.836
878 20415 15.567
879 26522 16.458
880 26865 12.982
881 30214 16.348
882 25379 15.561
883 22600 16.004
884 23061 14.480
885 20995 15.919
886 24017 15.455
887 24290 16.069
888 23965 12.864
889 24998 16.039
890 31305 15.549
891 28912 16.170
892 27315 14.547
893 21553 15.963
894 20629 15.352
895 25952 16.106
896 24247 13.104
897 23724 16.205
898 21678 15.692
899 24087 16.303
