3
0 39655 16.57
1 18619 16.50
2 26329 16.24
3 39791 16.45
4 22612 16.80
5 30455 16.51
6 41205 16.30
7 20834 16.60
8 31006 16.32
9 42204 16.27
10 24522 16.50
11 32305 16.36
12 42925 16.28
13 24704 16.60
14 32870 16.40
15 44722 16.15
16 26436 16.16
17 33885 16.10
18 46108 16.05
19 23317 16.41
20 35781 16.12
21 46757 16.06
22 26363 16.39
23 35108 16.24
24 50233 16.01
25 23890 16.42
26 35003 16.22
27 50150 15.94
28 30397 16.21
29 38381 16.13
30 51042 15.92
31 26807 16.27
32 38425 16.01
33 51104 15.88
34 28146 16.26
35 36395 16.17
36 52209 15.87
37 24712 16.24
38 31340 16.14
39 51805 15.85
40 32944 16.04
41 38735 15.97
42 52310 15.81
43 29750 16.20
44 40016 16.00
45 51838 15.77
46 28984 16.13
47 37983 16.07
48 53453 15.85
49 26938 16.27
50 36925 16.02
51 52633 15.82
52 32219 16.14
53 39087 16.04
54 52280 15.80
55 28572 16.11
56 38521 15.90
57 52037 15.78
58 26811 16.08
59 35732 16.00
60 52978 15.84
61 28726 16.25
62 36818 16.16
63 52150 15.80
64 31879 16.08
65 38530 15.99
66 51631 15.80
67 23919 16.13
68 37542 15.95
69 51311 15.79
70 33502 16.00
71 39162 15.93
72 52964 15.86
73 27302 16.31
74 36665 16.15
75 51745 15.85
76 31395 16.18
77 37854 16.06
78 51527 15.81
79 28335 16.20
80 41018 15.97
81 51717 15.84
82 26198 16.16
83 37250 16.08
84 51825 15.86
85 28972 16.29
86 37043 16.14
87 51673 15.84
88 32076 16.02
89 39317 16.00
90 51602 15.87
91 27224 16.21
92 37876 15.99
93 51759 15.86
94 30037 16.15
95 35568 16.08
96 52638 15.87
97 28235 16.25
98 39477 16.08
99 52209 15.89
100 32969 16.04
101 40447 15.98
102 52328 15.87
103 26408 16.16
104 41317 15.87
105 52474 15.86
106 29307 16.15
107 37161 16.06
108 52418 15.84
109 28980 16.17
110 39723 15.95
111 52406 15.81
112 30113 16.03
113 40314 15.94
114 52268 15.82
115 29911 16.16
116 39310 15.98
117 51785 15.77
118 29099 16.07
119 38425 16.03
120 53121 15.86
121 25542 16.20
122 36044 16.08
123 52515 15.86
124 31392 16.14
125 41273 16.01
126 51928 15.82
127 29471 16.18
128 42589 16.25
129 50839 16.21
130 31933 16.46
131 41703 16.39
132 51424 16.16
133 28009 16.47
134 38894 16.33
135 50264 16.06
136 31550 16.22
137 38787 16.11
138 50427 16.03
139 28916 16.40
140 38300 16.28
141 49968 16.01
142 29888 16.42
143 42154 16.19
144 50142 16.17
145 27903 16.60
146 39004 16.41
147 49547 16.15
148 34466 16.29
149 41810 16.23
150 49033 16.14
151 27839 16.43
152 40318 16.20
153 48399 16.10
154 30126 16.38
155 37357 16.28
156 49211 16.17
157 28188 16.51
158 38852 16.28
159 48904 16.15
160 30515 16.35
161 38061 16.32
162 48887 16.14
163 29381 16.41
164 36226 16.29
165 48570 16.10
166 27316 16.36
167 36235 16.29
168 49574 16.15
169 28198 16.45
170 35633 16.32
171 50033 16.11
172 33702 16.37
173 38243 16.33
174 49995 16.12
175 30468 16.47
176 40704 16.24
177 49845 16.12
178 35983 16.27
179 41413 16.26
180 50548 16.10
181 28358 16.52
182 39116 16.27
183 50081 16.13
184 30275 16.21
185 37367 16.19
186 50206 16.07
187 30051 16.40
188 39500 16.18
189 50374 16.07
190 29196 16.47
191 38558 16.34
192 51671 16.10
193 28806 16.45
194 35872 16.38
195 50868 16.05
196 30825 16.30
197 38699 16.25
198 51076 16.08
199 26003 16.49
200 40027 16.21
201 50705 16.05
202 31510 16.34
203 38656 16.23
204 51121 16.07
205 28114 16.40
206 38963 16.26
207 50083 15.99
208 34119 16.24
209 39204 16.20
210 48966 16.08
211 28183 16.45
212 36666 16.29
213 49325 16.04
214 29048 16.39
215 37608 16.26
216 50175 16.12
217 27224 16.45
218 35891 16.23
219 49566 16.03
220 25651 16.30
221 33805 16.20
222 49356 16.01
223 25169 16.40
224 36804 16.17
225 48773 16.05
226 27678 16.30
227 33037 16.25
228 49735 16.16
229 25447 16.55
230 32816 16.42
231 48975 16.16
232 32173 16.34
233 36907 16.32
234 48302 16.14
235 26609 16.44
236 34797 16.31
237 48118 16.07
238 30089 16.31
239 36047 16.26
240 47722 16.09
241 26998 16.45
242 33166 16.32
243 47401 16.01
244 26200 16.27
245 34247 16.24
246 46450 16.00
247 27017 16.31
248 35940 16.18
249 46316 16.13
250 26955 16.48
251 32104 16.44
252 46463 16.12
253 24743 16.50
254 33139 16.35
255 45766 16.10
256 31448 16.53
257 35800 16.52
258 45394 16.44
259 23587 16.80
260 34218 16.61
261 45344 16.35
262 24826 16.68
263 31942 16.65
264 46455 16.29
265 25692 16.71
266 34652 16.50
267 45849 16.25
268 26558 16.55
269 33131 16.54
270 45673 16.22
271 25258 16.54
272 33500 16.39
273 45762 16.22
274 26305 16.58
275 32703 16.50
276 47837 16.34
277 22607 16.68
278 31216 16.60
279 47232 16.29
280 29008 16.51
281 34393 16.52
282 47445 16.29
283 25316 16.66
284 35801 16.49
285 47467 16.24
286 29258 16.37
287 34635 16.33
288 47609 16.14
289 26760 16.62
290 33523 16.47
291 47446 16.11
292 25509 16.40
293 32332 16.33
294 47271 16.11
295 23216 16.45
296 33306 16.28
297 47474 16.14
298 25328 16.50
299 33117 16.33
300 47786 16.08
301 24433 16.48
302 34126 16.33
303 47880 16.07
304 28527 16.26
305 34321 16.21
306 48030 16.05
307 26208 16.51
308 33618 16.38
309 47410 16.07
310 25918 16.38
311 33017 16.28
312 48064 16.12
313 24537 16.53
314 31300 16.42
315 47430 16.06
316 28169 16.39
317 33610 16.30
318 47169 16.09
319 23819 16.38
320 32888 16.20
321 47416 16.08
322 22659 16.39
323 28969 16.29
324 48345 16.03
325 25556 16.43
326 34728 16.23
327 48356 16.07
328 26133 16.25
329 29486 16.30
330 47412 16.00
331 26438 16.46
332 32877 16.27
333 47079 15.99
334 27545 16.31
335 32527 16.27
336 48333 16.08
337 21728 16.43
338 29866 16.38
339 47004 16.09
340 25897 16.43
341 30689 16.38
342 46614 16.06
343 23034 16.39
344 32020 16.19
345 46075 16.04
346 26330 16.31
347 31156 16.33
348 46481 16.06
349 24444 16.45
350 28352 16.35
351 45864 16.05
352 28840 16.21
353 33579 16.16
354 46174 16.06
355 19725 16.40
356 31359 16.21
357 45465 16.01
358 23440 16.39
359 27522 16.33
360 46007 16.04
361 21492 16.43
362 28065 16.40
363 45613 15.97
364 26713 16.27
365 32003 16.19
366 45380 15.99
367 20480 16.35
368 30639 16.16
369 45124 15.98
370 19957 16.29
371 26778 16.20
372 46144 15.93
373 21954 16.27
374 27113 16.18
375 45713 15.87
376 25402 16.10
377 31321 16.04
378 45330 15.95
379 23234 16.33
380 29405 16.17
381 45112 15.94
382 22242 16.23
383 27327 16.19
384 45301 16.17
385 17019 16.35
386 27041 16.28
387 44385 16.27
388 24134 16.60
389 28052 16.56
390 43902 16.23
391 17374 16.59
392 27044 16.34
393 43815 16.15
394 21141 16.45
395 25339 16.38
396 43970 16.10
397 22005 16.46
398 26592 16.40
399 43616 16.08
400 25403 16.30
401 30074 16.25
402 43158 16.01
403 23302 16.38
404 30023 16.22
405 42933 16.10
406 20199 16.43
407 25655 16.40
408 43959 16.12
409 18233 16.50
410 23985 16.43
411 43349 16.09
412 24549 16.41
413 28465 16.32
414 42716 16.12
415 22507 16.53
416 29886 16.25
417 42416 16.04
418 19288 16.42
419 25791 16.36
420 43154 16.08
421 19688 16.47
422 24361 16.36
423 43159 15.98
424 24372 16.33
425 28993 16.26
426 43310 16.10
427 18988 16.46
428 26742 16.31
429 43849 16.03
430 21768 16.28
431 26194 16.26
432 44368 16.08
433 16049 16.43
434 27972 16.29
435 43890 16.04
436 21511 16.35
437 27661 16.32
438 44188 16.05
439 20814 16.40
440 31071 16.18
441 44206 16.07
442 24085 16.35
443 28363 16.32
444 45735 16.08
445 19553 16.39
446 27582 16.40
447 45375 16.08
448 25230 16.31
449 30465 16.25
450 45225 16.06
451 20150 16.39
452 27835 16.22
453 45556 16.02
454 22637 16.23
455 30057 16.18
456 46421 15.99
457 20809 16.47
458 28466 16.34
459 46133 15.99
460 22957 16.23
461 29139 16.22
462 46124 15.97
463 22680 16.40
464 32197 16.17
465 46329 15.97
466 23064 16.31
467 27941 16.31
468 47222 16.00
469 20238 16.34
470 26807 16.28
471 47008 15.95
472 24649 16.13
473 30796 16.11
474 46747 15.95
475 23301 16.34
476 31640 16.19
477 46459 15.92
478 22874 16.21
479 29014 16.16
480 47112 15.94
481 23056 16.35
482 28991 16.24
483 46837 15.95
484 24372 16.22
485 29680 16.19
486 46097 15.97
487 22768 16.42
488 32400 16.13
489 46061 15.97
490 24550 16.24
491 30809 16.20
492 46211 15.91
493 21900 16.37
494 30960 16.12
495 45881 16.03
496 24742 16.29
497 30091 16.20
498 45282 15.97
499 22699 16.50
500 58099 16.27
501 39926 16.15
502 18961 16.45
503 27242 16.14
504 40932 16.44
505 21866 16.80
506 29440 16.57
507 42042 16.27
508 24571 16.45
509 31183 16.34
510 42708 16.28
511 22208 16.74
512 31887 16.45
513 43967 16.23
514 24323 16.54
515 32082 16.40
516 46078 16.08
517 23154 16.50
518 32989 16.31
519 46198 16.02
520 29814 16.24
521 35766 16.16
522 47269 15.99
523 25748 16.43
524 41197 15.95
525 50261 16.04
526 29055 16.31
527 37813 16.16
528 50687 15.93
529 28732 16.35
530 39436 16.02
531 51433 15.91
532 32080 16.15
533 37887 16.05
534 51132 15.90
535 29580 16.30
536 39345 16.05
537 52433 15.88
538 23906 16.22
539 36486 16.10
540 51879 15.87
541 25501 16.24
542 35820 16.07
543 52015 15.81
544 33028 16.09
545 38770 16.00
546 52225 15.82
547 28726 16.26
548 43093 15.81
549 53031 15.86
550 28836 16.10
551 35316 16.01
552 52473 15.77
553 30036 16.20
554 38179 16.04
555 52340 15.76
556 31270 15.97
557 39235 15.89
558 52253 15.75
559 28444 16.10
560 40603 15.87
561 52995 15.82
562 27289 16.22
563 36292 16.05
564 52026 15.81
565 25718 16.17
566 36402 16.05
567 52006 15.82
568 30803 16.04
569 38252 16.03
570 51832 15.86
571 27387 16.31
572 42158 15.88
573 52350 15.84
574 29034 16.21
575 36647 16.12
576 51923 15.89
577 27109 16.25
578 35674 16.01
579 51729 15.81
580 32375 16.08
581 40130 15.96
582 51566 15.83
583 28428 16.22
584 38652 15.98
585 51549 15.88
586 27530 16.21
587 36498 16.12
588 51746 15.85
589 30731 16.27
590 39994 16.08
591 51556 15.87
592 28688 16.11
593 38024 16.07
594 51664 15.83
595 24649 16.20
596 43545 15.86
597 52484 15.90
598 29624 16.20
599 38206 16.12
600 52339 15.88
601 27655 16.30
602 38685 16.18
603 52373 15.85
604 34552 15.94
605 41630 15.89
606 52402 15.80
607 29373 16.14
608 40084 16.00
609 52430 15.80
610 31977 15.99
611 39352 15.93
612 52775 15.80
613 30609 16.17
614 38047 16.11
615 51826 15.80
616 30460 16.04
617 39674 15.91
618 51824 15.80
619 29078 16.15
620 43846 15.84
621 53270 15.86
622 29404 16.15
623 36438 16.05
624 52261 15.82
625 29774 16.14
626 41597 16.01
627 51816 15.79
628 35776 16.32
629 43241 16.24
630 50618 16.19
631 32172 16.52
632 42364 16.26
633 50953 16.08
634 29860 16.46
635 39908 16.29
636 50563 16.03
637 28036 16.41
638 38724 16.18
639 50218 16.01
640 28594 16.25
641 39520 16.16
642 50247 16.03
643 33237 16.28
644 45859 16.07
645 49884 16.15
646 32615 16.45
647 39191 16.40
648 49556 16.14
649 30058 16.49
650 38765 16.34
651 48915 16.11
652 33451 16.29
653 39852 16.21
654 48408 16.09
655 28038 16.47
656 41508 16.22
657 48979 16.17
658 32082 16.36
659 40415 16.25
660 49126 16.13
661 28321 16.47
662 37510 16.39
663 48576 16.10
664 26934 16.39
665 35969 16.25
666 48481 16.08
667 28464 16.42
668 40583 16.14
669 49230 16.11
670 26622 16.39
671 34605 16.35
672 50246 16.14
673 25583 16.44
674 34719 16.32
675 49925 16.15
676 32920 16.26
677 39918 16.23
678 50005 16.12
679 29038 16.45
680 40362 16.22
681 50636 16.07
682 31807 16.33
683 39990 16.29
684 50537 16.06
685 26604 16.40
686 35107 16.29
687 50303 16.07
688 30821 16.25
689 38465 16.17
690 50302 16.09
691 32103 16.41
692 41688 16.11
693 51275 16.09
694 26931 16.41
695 38115 16.31
696 50867 16.05
697 29481 16.43
698 40364 16.24
699 50679 16.07
700 33834 16.25
701 37854 16.19
702 50581 16.01
703 27846 16.29
704 40350 16.14
705 50491 16.02
706 31159 16.34
707 37479 16.26
708 49721 16.10
709 25313 16.49
710 35478 16.38
711 49103 16.11
712 29306 16.31
713 36641 16.23
714 49113 16.00
715 30141 16.32
716 41508 16.04
717 49963 16.08
718 29370 16.25
719 36168 16.27
720 49366 16.04
721 25850 16.30
722 35800 16.18
723 49144 16.04
724 31339 16.19
725 37431 16.17
726 49049 16.02
727 24090 16.35
728 40447 16.16
729 49106 16.16
730 28542 16.41
731 32030 16.39
732 48649 16.10
733 27320 16.53
734 35052 16.40
735 48282 16.12
736 26277 16.38
737 34952 16.36
738 47818 16.09
739 23717 16.43
740 36122 16.13
741 47563 16.08
742 23198 16.35
743 32065 16.26
744 47441 16.01
745 26647 16.35
746 33664 16.28
747 46093 16.03
748 28948 16.30
749 35670 16.27
750 46062 16.12
751 22640 16.46
752 34237 16.25
753 45888 16.07
754 27017 16.40
755 33157 16.37
756 44976 16.44
757 23375 16.85
758 31234 16.75
759 45309 16.43
760 28508 16.65
761 34177 16.53
762 45407 16.33
763 24804 16.76
764 36178 16.34
765 46170 16.34
766 28788 16.59
767 35035 16.54
768 45975 16.17
769 25383 16.60
770 33349 16.49
771 45693 16.23
772 26688 16.45
773 34817 16.38
774 46054 16.23
775 23897 16.58
776 37664 16.33
777 47617 16.33
778 25030 16.59
779 33303 16.61
780 47070 16.31
781 21796 16.67
782 29548 16.55
783 47459 16.28
784 28045 16.59
785 33562 16.53
786 47256 16.19
787 23735 16.61
788 37139 16.21
789 47485 16.15
790 27368 16.52
791 33886 16.43
792 47694 16.14
793 24241 16.46
794 30819 16.46
795 47332 16.09
796 27870 16.31
797 35122 16.26
798 47245 16.16
799 26199 16.42
800 36630 16.21
801 47971 16.09
802 26442 16.36
803 32330 16.32
804 48420 16.11
805 23330 16.50
806 36118 16.27
807 47690 16.07
808 28386 16.37
809 34500 16.32
810 47126 16.07
811 24344 16.41
812 37524 16.07
813 47567 16.08
814 23514 16.43
815 33089 16.33
816 46916 16.12
817 24448 16.56
818 31234 16.45
819 47334 16.06
820 25819 16.26
821 32131 16.27
822 47535 16.03
823 22595 16.34
824 31296 16.20
825 48193 16.05
826 28570 16.24
827 32231 16.24
828 48173 16.01
829 24686 16.44
830 31913 16.28
831 47176 16.04
832 26819 16.29
833 31417 16.28
834 47269 16.00
835 23326 16.40
836 35664 16.10
837 48147 16.04
838 26045 16.37
839 30839 16.42
840 46412 16.06
841 21396 16.41
842 28409 16.33
843 46456 16.01
844 27183 16.27
845 32179 16.20
846 45965 16.02
847 23606 16.48
848 31447 16.34
849 46109 16.04
850 23641 16.39
851 31388 16.33
852 45776 16.02
853 22404 16.46
854 29256 16.38
855 46062 16.05
856 27139 16.27
857 29895 16.27
858 45699 16.02
859 19707 16.34
860 33026 16.07
861 45897 15.99
862 22840 16.39
863 27978 16.33
864 45606 15.95
865 22828 16.32
866 31925 16.17
867 45390 15.99
868 27240 16.21
869 32887 16.11
870 45263 15.95
871 22220 16.23
872 31596 16.02
873 45940 15.94
874 22229 16.21
875 26997 16.14
876 45478 15.94
877 23583 16.24
878 29157 16.21
879 45169 15.94
880 24161 16.21
881 29095 16.18
882 44940 15.90
883 21548 16.29
884 34913 16.19
885 45452 16.07
886 22081 16.40
887 28041 16.31
888 44458 16.30
889 18149 16.71
890 26369 16.51
891 44074 16.22
892 22419 16.38
893 27118 16.37
894 43605 16.11
895 18557 16.46
896 25098 16.33
897 43925 16.12
898 22391 16.58
899 28400 16.39
