8
0 10564 3.040
1 13840 2.947
2 14927 2.939
3 9838 2.928
4 16971 2.927
5 11958 2.895
6 10341 2.912
7 16324 2.901
8 12560 2.993
9 25959 2.901
10 21085 2.906
11 18358 2.891
12 20114 2.897
13 19361 2.861
14 14958 2.861
15 20003 2.831
16 14472 2.901
17 32308 2.833
18 25586 2.845
19 21152 2.832
20 21757 2.852
21 22633 2.840
22 17111 2.841
23 24183 2.824
24 16740 2.836
25 37780 2.777
26 30000 2.779
27 22102 2.770
28 22738 2.783
29 26043 2.759
30 22449 2.752
31 25206 2.741
32 18038 2.783
33 35817 2.735
34 29647 2.731
35 25751 2.722
36 23751 2.724
37 24237 2.711
38 22300 2.714
39 27383 2.709
40 18693 2.765
41 35329 2.725
42 29921 2.741
43 21425 2.728
44 23282 2.739
45 24982 2.705
46 22422 2.696
47 30604 2.682
48 20825 2.714
49 42179 2.653
50 36022 2.652
51 23573 2.658
52 26418 2.675
53 22615 2.662
54 24648 2.666
55 27097 2.673
56 21673 2.745
57 36919 2.688
58 35792 2.694
59 21681 2.684
60 29393 2.675
61 26199 2.659
62 23472 2.672
63 28591 2.662
64 22358 2.711
65 36110 2.668
66 35332 2.667
67 23945 2.659
68 26826 2.681
69 22909 2.673
70 26593 2.674
71 26888 2.674
72 22876 2.715
73 35074 2.667
74 34832 2.679
75 23909 2.686
76 27961 2.689
77 22365 2.689
78 26029 2.688
79 26850 2.688
80 24014 2.739
81 33122 2.706
82 32621 2.722
83 26119 2.724
84 29681 2.720
85 23090 2.707
86 23988 2.707
87 26797 2.702
88 24811 2.754
89 33094 2.706
90 33444 2.709
91 20683 2.702
92 29082 2.690
93 19017 2.673
94 22278 2.682
95 20920 2.692
96 23537 2.734
97 34793 2.681
98 31293 2.690
99 23330 2.684
100 29620 2.679
101 19506 2.675
102 20715 2.681
103 27308 2.673
104 23791 2.722
105 33193 2.671
106 32544 2.666
107 27116 2.658
108 32220 2.653
109 20067 2.644
110 26926 2.645
111 26773 2.647
112 24858 2.699
113 33175 2.647
114 31434 2.660
115 18461 2.660
116 29105 2.679
117 20645 2.672
118 23156 2.679
119 23349 2.678
120 24805 2.737
121 32292 2.701
122 30567 2.712
123 18331 2.708
124 28222 2.709
125 20337 2.705
126 18272 2.704
127 21239 2.695
128 25013 2.761
129 35635 2.723
130 30283 2.742
131 20753 2.737
132 28224 2.728
133 21752 2.726
134 19465 2.738
135 21755 2.736
136 24549 2.786
137 36042 2.733
138 32516 2.731
139 22879 2.718
140 27045 2.733
141 20486 2.723
142 18562 2.724
143 23737 2.741
144 24426 2.800
145 32177 2.743
146 31646 2.747
147 20164 2.751
148 29718 2.770
149 20625 2.767
150 19563 2.778
151 24413 2.772
152 24968 2.843
153 36248 2.803
154 32708 2.815
155 18572 2.806
156 29764 2.795
157 23222 2.789
158 24946 2.785
159 24232 2.789
160 24734 2.863
161 34425 2.824
162 30569 2.828
163 21185 2.838
164 28610 2.852
165 21416 2.835
166 18913 2.837
167 23647 2.821
168 25464 2.871
169 34265 2.813
170 30946 2.812
171 23014 2.810
172 28591 2.808
173 17913 2.808
174 19509 2.816
175 21929 2.808
176 24802 2.866
177 32788 2.814
178 31364 2.813
179 19560 2.816
180 30066 2.803
181 19556 2.792
182 20421 2.798
183 26821 2.776
184 25448 2.824
185 33386 2.769
186 28825 2.783
187 24802 2.796
188 27072 2.809
189 19711 2.790
190 19604 2.794
191 23202 2.784
192 25507 2.832
193 31147 2.779
194 29343 2.787
195 23956 2.784
196 26925 2.784
197 19498 2.755
198 24472 2.757
199 23427 2.764
200 25470 2.828
201 28975 2.788
202 29024 2.785
203 24189 2.792
204 28615 2.798
205 19013 2.784
206 19598 2.775
207 24762 2.774
208 26066 2.829
209 29811 2.778
210 27419 2.784
211 23049 2.800
212 26425 2.809
213 18731 2.798
214 19986 2.796
215 26659 2.794
216 27105 2.847
217 30243 2.799
218 29913 2.796
219 25000 2.789
220 27482 2.785
221 21057 2.764
222 22301 2.774
223 25503 2.764
224 27288 2.825
225 27233 2.780
226 27682 2.785
227 21576 2.781
228 30956 2.768
229 18820 2.766
230 18068 2.774
231 24308 2.771
232 27112 2.831
233 28924 2.780
234 27758 2.767
235 22038 2.767
236 24058 2.782
237 21617 2.775
238 21549 2.793
239 24197 2.797
240 27408 2.865
241 29561 2.827
242 26587 2.834
243 22882 2.827
244 23214 2.856
245 20195 2.828
246 20365 2.826
247 24111 2.825
248 27662 2.880
249 28041 2.810
250 27342 2.809
251 21122 2.794
252 24850 2.796
253 20296 2.773
254 19829 2.779
255 22713 2.776
256 27470 2.857
257 29599 2.813
258 26015 2.832
259 21099 2.816
260 23405 2.821
261 22578 2.798
262 20171 2.792
263 24759 2.783
264 27827 2.835
265 32141 2.784
266 28772 2.793
267 20150 2.789
268 24513 2.814
269 22051 2.785
270 19747 2.793
271 24197 2.781
272 26229 2.859
273 34249 2.776
274 30124 2.758
275 20325 2.743
276 27978 2.723
277 20749 2.695
278 20693 2.711
279 23275 2.712
280 26235 2.783
281 31778 2.722
282 27182 2.738
283 21708 2.724
284 23530 2.738
285 21152 2.713
286 24038 2.717
287 25361 2.710
288 25966 2.768
289 30796 2.706
290 25306 2.716
291 22416 2.716
292 23038 2.734
293 21909 2.717
294 18801 2.729
295 23594 2.712
296 24961 2.782
297 29015 2.725
298 26315 2.727
299 23823 2.721
300 24995 2.719
301 21288 2.694
302 21273 2.694
303 21265 2.686
304 24827 2.760
305 30504 2.699
306 26995 2.709
307 19746 2.697
308 23078 2.714
309 22903 2.695
310 20799 2.707
311 24324 2.710
312 24031 2.777
313 32171 2.716
314 26449 2.705
315 21750 2.698
316 22254 2.708
317 22089 2.690
318 18804 2.706
319 25155 2.703
320 24019 2.774
321 32364 2.729
322 27323 2.742
323 25798 2.722
324 24121 2.737
325 24871 2.706
326 23590 2.700
327 22832 2.699
328 24138 2.780
329 33370 2.731
330 26754 2.741
331 23269 2.733
332 23099 2.748
333 22962 2.731
334 19974 2.730
335 24138 2.710
336 24982 2.756
337 34992 2.707
338 29016 2.710
339 23689 2.697
340 25001 2.705
341 22385 2.678
342 20343 2.680
343 24445 2.666
344 24847 2.756
345 31704 2.711
346 28843 2.710
347 23762 2.699
348 25606 2.718
349 22007 2.702
350 20374 2.713
351 24575 2.701
352 24423 2.775
353 30692 2.700
354 28046 2.703
355 20836 2.699
356 23859 2.727
357 22086 2.713
358 19798 2.727
359 25108 2.724
360 25073 2.789
361 34466 2.729
362 30936 2.725
363 20255 2.720
364 24980 2.758
365 22351 2.743
366 22636 2.750
367 24368 2.754
368 25129 2.840
369 33193 2.779
370 29016 2.778
371 22870 2.774
372 26210 2.783
373 22166 2.751
374 20023 2.756
375 23333 2.749
376 24935 2.826
377 32359 2.763
378 29381 2.774
379 20934 2.769
380 24135 2.804
381 21074 2.792
382 20581 2.796
383 22710 2.798
384 25495 2.876
385 33507 2.804
386 29705 2.822
387 18623 2.827
388 24182 2.848
389 22802 2.823
390 21975 2.829
391 25462 2.827
392 25310 2.917
393 33357 2.845
394 29024 2.844
395 22242 2.824
396 25378 2.843
397 23349 2.827
398 20254 2.840
399 25534 2.833
400 24631 2.928
401 32566 2.857
402 29046 2.859
403 22185 2.854
404 24192 2.877
405 21702 2.862
406 20052 2.868
407 21180 2.874
408 24782 2.939
409 31823 2.858
410 28127 2.857
411 18678 2.852
412 23447 2.892
413 22286 2.866
414 22708 2.867
415 24216 2.841
416 24603 2.911
417 33696 2.862
418 27632 2.869
419 21648 2.855
420 24642 2.861
421 22211 2.837
422 19193 2.843
423 22387 2.827
424 24749 2.900
425 33971 2.823
426 30040 2.815
427 21868 2.795
428 24287 2.810
429 23715 2.787
430 22416 2.788
431 24599 2.780
432 24649 2.853
433 33907 2.789
434 30748 2.789
435 16101 2.789
436 23969 2.812
437 21388 2.801
438 19238 2.801
439 23869 2.794
440 23695 2.871
441 34293 2.818
442 29438 2.808
443 20722 2.790
444 26659 2.784
445 23557 2.764
446 17972 2.770
447 22717 2.752
448 24479 2.833
449 34197 2.773
450 29387 2.769
451 22260 2.759
452 24149 2.787
453 23777 2.754
454 23746 2.754
455 21989 2.743
456 24377 2.798
457 33802 2.735
458 28471 2.729
459 18613 2.727
460 23465 2.737
461 22321 2.710
462 19541 2.719
463 24753 2.719
464 24517 2.799
465 33432 2.738
466 28521 2.737
467 18690 2.729
468 25067 2.741
469 23765 2.717
470 19248 2.705
471 23285 2.693
472 24563 2.752
473 35669 2.702
474 31073 2.701
475 20263 2.690
476 24103 2.719
477 23137 2.704
478 21305 2.702
479 25537 2.695
480 24988 2.756
481 34301 2.719
482 30888 2.715
483 16569 2.698
484 25895 2.714
485 22289 2.702
486 20112 2.716
487 20575 2.716
488 24627 2.783
489 35715 2.726
490 30686 2.723
491 18077 2.717
492 26505 2.722
493 22143 2.711
494 23083 2.714
495 24299 2.698
496 24936 2.777
497 35792 2.719
498 28650 2.725
499 26385 2.714
500 25391 2.743
501 21144 2.730
502 20549 2.734
503 22479 2.734
504 25460 2.817
505 34254 2.754
506 28426 2.749
507 21007 2.749
508 24290 2.774
509 20630 2.765
510 18420 2.775
511 23320 2.774
512 24344 2.878
513 30940 2.821
514 28292 2.826
515 19410 2.824
516 24092 2.840
517 21405 2.822
518 19137 2.820
519 22518 2.824
520 25017 2.896
521 36429 2.847
522 31264 2.845
523 21495 2.834
524 26297 2.858
525 20773 2.846
526 17975 2.848
527 25202 2.846
528 25400 2.896
529 35076 2.850
530 31047 2.848
531 22057 2.842
532 24983 2.875
533 24408 2.863
534 22530 2.862
535 21826 2.861
536 25154 2.937
537 34534 2.888
538 31210 2.879
539 22829 2.883
540 25437 2.901
541 22208 2.884
542 23289 2.886
543 21357 2.870
544 25016 2.937
545 34314 2.876
546 30036 2.858
547 19986 2.850
548 25103 2.867
549 22699 2.845
550 19974 2.841
551 24847 2.838
552 26095 2.888
553 34063 2.829
554 30895 2.833
555 21226 2.825
556 25596 2.837
557 22497 2.819
558 20854 2.823
559 23203 2.822
560 24533 2.902
561 32446 2.848
562 30025 2.852
563 17611 2.855
564 26742 2.876
565 20928 2.860
566 19016 2.868
567 22988 2.857
568 25066 2.928
569 35750 2.865
570 30380 2.869
571 17122 2.858
572 24376 2.872
573 23260 2.848
574 18781 2.848
575 20287 2.849
576 24698 2.917
577 35720 2.852
578 29903 2.855
579 19771 2.850
580 24672 2.859
581 22201 2.838
582 22256 2.841
583 21568 2.849
584 24780 2.927
585 38351 2.865
586 28232 2.866
587 18886 2.863
588 24850 2.871
589 22232 2.842
590 18913 2.839
591 23461 2.828
592 25127 2.897
593 35361 2.830
594 30096 2.831
595 17093 2.823
596 24833 2.834
597 22744 2.806
598 20512 2.807
599 25756 2.803
600 25549 2.871
601 36927 2.807
602 31804 2.803
603 20744 2.793
604 26143 2.820
605 20311 2.796
606 20075 2.794
607 23702 2.789
608 25968 2.858
609 35320 2.781
610 30120 2.775
611 23050 2.764
612 28003 2.772
613 22520 2.745
614 19589 2.762
615 22792 2.753
616 26412 2.829
617 34478 2.762
618 31108 2.755
619 18503 2.753
620 26608 2.766
621 22438 2.744
622 23970 2.745
623 21144 2.738
624 26591 2.814
625 35900 2.743
626 28223 2.745
627 21237 2.735
628 24646 2.742
629 24837 2.715
630 21718 2.716
631 23848 2.705
632 26372 2.788
633 34521 2.708
634 29727 2.717
635 21040 2.702
636 26647 2.716
637 21548 2.689
638 21554 2.685
639 24177 2.661
640 26123 2.741
641 32655 2.668
642 28018 2.682
643 18670 2.662
644 24934 2.675
645 19526 2.657
646 20666 2.663
647 20452 2.661
648 26683 2.744
649 34608 2.684
650 28627 2.707
651 22065 2.693
652 24901 2.716
653 20654 2.685
654 18900 2.694
655 24785 2.680
656 24954 2.759
657 33886 2.688
658 28288 2.697
659 20369 2.694
660 26893 2.703
661 21930 2.681
662 17592 2.695
663 23339 2.684
664 24906 2.785
665 32491 2.706
666 29351 2.701
667 15835 2.694
668 23587 2.714
669 22363 2.680
670 23666 2.691
671 22172 2.677
672 25113 2.755
673 34481 2.681
674 28648 2.693
675 19423 2.685
676 23845 2.710
677 21980 2.690
678 16872 2.703
679 26405 2.693
680 24925 2.768
681 33704 2.696
682 28098 2.708
683 21073 2.695
684 24960 2.712
685 21951 2.684
686 20818 2.691
687 21358 2.684
688 25202 2.772
689 35600 2.687
690 29063 2.704
691 22134 2.692
692 23333 2.733
693 21529 2.713
694 21739 2.730
695 22419 2.725
696 25029 2.804
697 32721 2.736
698 27357 2.746
699 21162 2.734
700 22863 2.763
701 21263 2.737
702 21005 2.757
703 22616 2.747
704 24207 2.848
705 33986 2.770
706 28750 2.771
707 18435 2.762
708 23883 2.776
709 23345 2.739
710 22339 2.744
711 23306 2.736
712 24247 2.836
713 34395 2.760
714 26982 2.779
715 20077 2.760
716 23992 2.766
717 20829 2.747
718 18974 2.753
719 22864 2.749
720 26002 2.829
721 35322 2.757
722 29426 2.766
723 21232 2.753
724 23841 2.776
725 21052 2.748
726 19497 2.760
727 24091 2.748
728 25114 2.829
729 36710 2.751
730 30777 2.745
731 19828 2.735
732 26003 2.751
733 22080 2.723
734 18662 2.733
735 24226 2.713
736 24943 2.804
737 36723 2.729
738 30331 2.735
739 20092 2.721
740 25250 2.739
741 19968 2.717
742 19708 2.725
743 23827 2.710
744 25181 2.805
745 36402 2.728
746 30699 2.738
747 19015 2.737
748 24164 2.754
749 22937 2.735
750 22174 2.726
751 21965 2.717
752 25024 2.805
753 35625 2.722
754 30736 2.739
755 20353 2.726
756 25944 2.730
757 21644 2.705
758 21456 2.716
759 25059 2.693
760 24844 2.778
761 33555 2.700
762 28038 2.715
763 21337 2.698
764 25255 2.717
765 19473 2.695
766 18910 2.699
767 21391 2.686
768 25505 2.765
769 36725 2.667
770 30761 2.680
771 17989 2.676
772 24813 2.708
773 20989 2.681
774 20910 2.700
775 23858 2.674
776 25224 2.773
777 35616 2.685
778 29039 2.703
779 23086 2.693
780 24840 2.711
781 22217 2.676
782 20324 2.687
783 22061 2.678
784 24926 2.777
785 33067 2.699
786 27715 2.712
787 22029 2.708
788 24454 2.732
789 22348 2.700
790 20883 2.698
791 23439 2.685
792 25221 2.772
793 34174 2.692
794 30728 2.700
795 16774 2.699
796 25023 2.726
797 23380 2.695
798 25375 2.701
799 21909 2.702
800 25118 2.782
801 35835 2.696
802 30046 2.716
803 22553 2.708
804 26202 2.733
805 22097 2.706
806 17869 2.719
807 25645 2.704
808 24836 2.798
809 33524 2.720
810 28496 2.736
811 19312 2.732
812 23573 2.764
813 21337 2.740
814 19024 2.760
815 25390 2.743
816 24894 2.829
817 34230 2.744
818 29221 2.752
819 22774 2.734
820 24972 2.753
821 21062 2.737
822 20890 2.742
823 20232 2.730
824 24556 2.829
825 33339 2.759
826 28409 2.769
827 20459 2.759
828 27007 2.773
829 22683 2.750
830 21208 2.760
831 23667 2.752
832 24086 2.850
833 32880 2.778
834 27596 2.797
835 21553 2.778
836 22892 2.805
837 22152 2.782
838 24075 2.794
839 24837 2.780
840 25203 2.853
841 31624 2.793
842 26507 2.805
843 23982 2.791
844 22739 2.810
845 21875 2.781
846 21221 2.791
847 18469 2.784
848 24805 2.859
849 32453 2.797
850 25803 2.800
851 20440 2.789
852 23905 2.807
853 23882 2.784
854 21142 2.799
855 22620 2.785
856 24778 2.859
857 34925 2.791
858 28972 2.791
859 24420 2.777
860 24116 2.798
861 21985 2.775
862 22778 2.784
863 22094 2.778
864 26005 2.843
865 34953 2.774
866 32657 2.768
867 20417 2.757
868 25690 2.771
869 22806 2.732
870 20766 2.737
871 25145 2.726
872 24042 2.819
873 33935 2.742
874 30101 2.757
875 19609 2.747
876 27061 2.760
877 22223 2.741
878 22372 2.742
879 25129 2.741
880 25788 2.818
881 34459 2.754
882 30022 2.757
883 25000 2.749
884 26201 2.759
885 23487 2.731
886 24047 2.725
887 22766 2.713
888 27380 2.779
889 32379 2.697
890 27596 2.706
891 24154 2.693
892 24657 2.712
893 21892 2.675
894 21552 2.678
895 25359 2.664
896 25734 2.742
897 29471 2.680
898 28424 2.689
899 23218 2.669
