8
0 16208 11.654
1 18791 14.921
2 20954 15.098
3 14460 15.468
4 23063 14.892
5 15089 16.016
6 15978 15.709
7 21683 16.463
8 19374 12.348
9 34351 16.826
10 29824 16.028
11 26209 16.736
12 27860 15.156
13 25146 16.816
14 23195 16.178
15 28432 16.912
16 22279 12.402
17 40489 17.082
18 35368 16.289
19 27526 16.890
20 30768 15.213
21 27112 16.965
22 27419 16.452
23 31110 17.025
24 25445 12.481
25 43799 17.089
26 40111 16.373
27 32766 16.739
28 33798 15.243
29 24702 16.515
30 28182 15.996
31 30148 16.654
32 26804 12.510
33 41595 16.801
34 39054 16.236
35 27914 16.512
36 32928 15.030
37 24733 16.322
38 22754 15.796
39 33366 16.662
40 27344 12.496
41 39175 16.455
42 38189 16.053
43 30118 16.466
44 31164 14.833
45 23438 16.179
46 27529 15.945
47 28529 16.375
48 28526 12.570
49 39091 16.565
50 40601 16.197
51 21023 16.310
52 30208 14.829
53 26880 16.416
54 25806 15.811
55 30260 16.422
56 27794 12.594
57 39229 16.475
58 35681 15.863
59 26288 16.169
60 32364 14.828
61 26396 16.341
62 24715 15.852
63 27987 16.299
64 27687 12.597
65 39060 16.553
66 36483 15.855
67 22844 16.172
68 28726 14.691
69 26791 16.406
70 29347 15.793
71 30021 16.323
72 28460 12.550
73 37027 16.303
74 34449 15.790
75 25237 16.215
76 29168 14.788
77 25957 16.366
78 26586 15.723
79 27743 16.281
80 27724 12.623
81 39359 16.484
82 34319 15.738
83 27016 16.205
84 30394 14.831
85 26592 16.330
86 25310 15.796
87 29823 16.312
88 27678 12.596
89 37397 16.359
90 35624 15.741
91 26061 16.180
92 30523 14.752
93 25953 16.378
94 26208 15.798
95 25048 16.320
96 28080 12.512
97 39770 16.579
98 35105 15.724
99 26916 16.155
100 30501 14.715
101 26806 16.349
102 25285 15.681
103 27033 16.286
104 28096 12.510
105 38099 16.327
106 35546 15.678
107 28502 16.222
108 30967 14.669
109 28061 16.176
110 27837 15.442
111 27318 16.051
112 28221 12.534
113 36347 15.994
114 34783 15.620
115 27825 15.903
116 29211 14.578
117 24806 15.822
118 26382 15.391
119 29020 16.080
120 28153 12.505
121 37814 16.173
122 35940 15.659
123 22377 15.829
124 29584 14.492
125 23726 15.915
126 26061 15.455
127 29039 16.049
128 27455 12.762
129 34235 16.377
130 33363 15.843
131 29737 16.211
132 30298 14.818
133 24500 16.120
134 23805 15.715
135 30758 16.400
136 27272 12.825
137 35416 16.445
138 34034 15.843
139 25178 16.036
140 27859 14.766
141 24228 16.067
142 25946 15.842
143 30643 16.261
144 27900 13.019
145 34602 16.498
146 33359 15.999
147 27376 16.171
148 28371 14.937
149 22938 16.242
150 25251 15.893
151 25327 16.326
152 27161 13.085
153 34004 16.571
154 31931 16.024
155 26702 16.555
156 28523 14.912
157 25222 16.412
158 27534 15.960
159 27764 16.517
160 28071 13.290
161 34408 16.617
162 31298 16.044
163 26699 16.444
164 25865 15.007
165 24334 16.430
166 25589 16.008
167 28999 16.545
168 28411 13.305
169 34932 16.631
170 34031 16.214
171 24636 16.483
172 29592 15.223
173 25469 16.585
174 24789 16.085
175 30028 16.733
176 28514 13.260
177 36459 16.759
178 38576 16.484
179 26054 16.736
180 30612 15.122
181 25482 16.659
182 26559 16.044
183 31618 16.651
184 28909 13.214
185 35387 16.543
186 32280 15.973
187 30180 16.577
188 27865 14.996
189 27554 16.530
190 25626 16.041
191 30423 16.556
192 29313 13.223
193 35370 16.537
194 33935 16.117
195 29506 16.498
196 28178 14.977
197 25694 16.468
198 28589 15.968
199 24118 16.372
200 27990 13.010
201 36362 16.504
202 34389 15.917
203 25059 16.323
204 31639 15.052
205 26200 16.483
206 24860 15.840
207 25090 16.438
208 27670 13.054
209 36630 16.757
210 32091 16.008
211 27965 16.559
212 27538 15.007
213 27040 16.506
214 25246 15.980
215 28659 16.498
216 27723 13.006
217 35861 16.511
218 35280 16.028
219 24529 16.374
220 27815 14.917
221 26147 16.468
222 25864 15.852
223 25375 16.421
224 27083 12.989
225 35984 16.752
226 33615 16.096
227 22768 16.572
228 30503 15.119
229 25430 16.746
230 23312 16.058
231 29395 16.853
232 27599 13.262
233 37634 17.084
234 36425 16.519
235 25476 16.729
236 27323 15.062
237 26597 16.840
238 26363 16.040
239 25237 16.662
240 26854 13.166
241 37345 17.023
242 31899 16.102
243 24739 16.567
244 26756 15.127
245 26586 16.707
246 24978 16.174
247 31136 16.849
248 26524 13.352
249 35420 16.980
250 32888 16.414
251 22081 16.698
252 27308 15.241
253 26483 16.967
254 27169 16.507
255 28365 16.968
256 26796 13.620
257 34894 17.374
258 32140 16.689
259 26646 17.301
260 28351 15.770
261 26698 17.237
262 24686 16.671
263 30557 17.389
264 27748 13.668
265 37467 17.459
266 34444 16.791
267 27694 17.170
268 27845 15.693
269 26211 17.119
270 26549 16.775
271 27972 17.104
272 27281 13.709
273 35778 17.129
274 35143 16.830
275 23695 17.035
276 31736 15.632
277 26318 17.043
278 26380 16.686
279 30319 17.296
280 29398 13.963
281 36260 17.337
282 33879 16.751
283 26515 17.201
284 27703 15.720
285 25815 17.187
286 29837 16.629
287 26801 17.036
288 28278 13.506
289 38506 17.178
290 34483 16.608
291 26748 17.039
292 29016 15.680
293 25334 17.021
294 23603 16.513
295 25527 16.966
296 28201 13.590
297 38345 17.255
298 34555 16.626
299 29332 16.986
300 31418 15.676
301 25574 16.998
302 27036 16.616
303 25256 16.954
304 28738 13.497
305 38583 17.211
306 36653 16.628
307 30176 17.055
308 29094 15.519
309 26804 17.048
310 26182 16.468
311 28043 16.911
312 28561 13.521
313 35842 17.047
314 34264 16.584
315 27924 16.825
316 28030 15.551
317 23763 16.808
318 24393 16.460
319 26439 16.889
320 28307 13.514
321 35415 17.048
322 34193 16.642
323 24910 17.007
324 29305 15.563
325 27043 17.039
326 28330 16.364
327 23864 16.907
328 28743 13.442
329 40293 17.359
330 34419 16.559
331 30449 17.068
332 28361 15.568
333 23798 16.884
334 23751 16.383
335 25378 16.879
336 28752 13.460
337 37671 17.092
338 34198 16.537
339 26333 17.062
340 27046 15.627
341 24527 16.978
342 22714 16.423
343 27674 17.034
344 27658 13.552
345 36318 17.094
346 33627 16.535
347 26177 17.031
348 28807 15.681
349 26017 17.190
350 23820 16.644
351 28934 17.130
352 28574 13.735
353 34593 17.208
354 33875 16.799
355 20298 17.052
356 27379 15.692
357 26221 17.265
358 23414 16.681
359 25754 17.323
360 28514 13.745
361 39598 17.592
362 35118 17.014
363 27544 17.371
364 27396 15.728
365 27192 17.286
366 28211 16.782
367 25701 17.327
368 28013 13.771
369 38103 17.378
370 33436 16.749
371 24932 17.119
372 30171 15.753
373 26962 17.182
374 22911 16.517
375 28949 17.149
376 28234 13.744
377 38597 17.321
378 36179 16.872
379 26759 17.162
380 27568 15.706
381 25704 17.269
382 24729 16.721
383 26230 17.168
384 28202 13.715
385 37679 17.485
386 34782 17.169
387 24342 17.471
388 26838 16.052
389 22420 17.592
390 25647 17.179
391 23224 17.705
392 27464 13.863
393 39575 17.858
394 34174 17.139
395 22930 17.575
396 29122 16.125
397 27441 17.739
398 24942 17.135
399 27925 17.707
400 26830 13.918
401 39139 17.785
402 35197 17.272
403 27602 17.550
404 28934 16.089
405 24285 17.550
406 24344 17.149
407 25542 17.735
408 27678 13.901
409 40977 17.978
410 34705 17.311
411 20884 17.607
412 27084 16.131
413 25755 17.848
414 26191 17.159
415 32171 17.968
416 26774 13.935
417 37663 17.768
418 33749 17.285
419 25519 17.683
420 29192 16.237
421 26015 17.797
422 21802 17.144
423 29819 17.837
424 27626 13.995
425 40298 17.962
426 37468 17.553
427 24896 17.787
428 29414 16.340
429 27435 17.813
430 26878 17.189
431 24829 17.711
432 28389 13.926
433 40331 17.943
434 37738 17.469
435 22550 17.741
436 29591 16.277
437 24685 17.883
438 24170 17.161
439 30105 17.884
440 28411 13.939
441 40992 17.988
442 38527 17.470
443 27399 17.761
444 33006 16.207
445 26749 17.573
446 23308 17.154
447 29256 17.700
448 29052 13.912
449 39846 17.761
450 36569 17.264
451 24399 17.572
452 29162 16.031
453 29269 17.669
454 29298 17.032
455 30629 17.559
456 29593 13.858
457 36767 17.446
458 34822 17.048
459 24651 17.265
460 29422 16.015
461 24756 17.387
462 26911 17.070
463 28848 17.430
464 29826 13.894
465 36855 17.494
466 34784 17.066
467 23430 17.328
468 30147 15.842
469 25858 17.294
470 24179 16.813
471 26102 17.328
472 29542 13.736
473 39153 17.325
474 37099 16.997
475 26802 17.237
476 27905 15.754
477 26084 17.172
478 24720 16.602
479 25802 17.214
480 29657 13.716
481 39080 17.418
482 34480 16.758
483 21261 17.042
484 27993 15.689
485 26296 17.297
486 23482 16.689
487 30280 17.407
488 28915 13.699
489 36452 17.360
490 33489 16.733
491 29702 17.173
492 28642 15.665
493 24799 17.143
494 26921 16.614
495 28761 17.205
496 28288 13.720
497 36468 17.333
498 32491 16.793
499 26326 17.138
500 26534 15.800
501 25713 17.178
502 23545 16.723
503 28579 17.254
504 28343 13.838
505 36012 17.381
506 34102 17.099
507 23100 17.201
508 27987 15.963
509 22110 17.363
510 24112 16.954
511 27784 17.426
512 27093 13.943
513 35065 17.783
514 33601 17.315
515 21230 17.670
516 28203 16.099
517 26299 17.870
518 25698 17.306
519 27578 17.726
520 27593 13.953
521 38341 17.853
522 34061 17.130
523 21886 17.625
524 25799 16.055
525 28836 17.873
526 25629 17.204
527 31206 17.753
528 28196 13.802
529 39060 17.794
530 32914 17.101
531 28648 17.512
532 27885 16.063
533 25042 17.437
534 24033 17.075
535 27988 17.635
536 27389 13.889
537 36438 17.676
538 34344 17.299
539 23415 17.560
540 28349 16.086
541 25072 17.671
542 26210 17.141
543 27014 17.789
544 27625 13.943
545 36836 17.771
546 34587 17.280
547 26858 17.667
548 26953 16.123
549 25460 17.630
550 22513 17.093
551 25876 17.643
552 28281 13.904
553 40575 17.985
554 36158 17.488
555 28743 17.773
556 28665 16.331
557 26253 17.737
558 25876 17.294
559 27915 17.710
