3
0 30370 16.91
1 15073 16.78
2 20443 16.50
3 30091 16.21
4 18371 16.40
5 22898 16.39
6 29809 16.26
7 15740 16.56
8 22870 16.22
9 29873 16.15
10 17256 16.40
11 22945 16.27
12 30706 16.13
13 14836 16.42
14 21268 16.33
15 30574 16.10
16 18164 16.26
17 22356 16.18
18 30448 16.03
19 15857 16.36
20 22878 16.22
21 30436 16.11
22 17476 16.34
23 21039 16.35
24 31905 16.16
25 13849 16.38
26 20217 16.36
27 31496 16.09
28 18622 16.28
29 22575 16.23
30 30832 16.05
31 15281 16.36
32 20195 16.17
33 30876 15.97
34 16562 16.25
35 19534 16.18
36 30645 15.99
37 14684 16.25
38 17518 16.17
39 30029 16.00
40 16174 16.21
41 19404 16.21
42 29864 16.10
43 13585 16.42
44 19923 16.29
45 30069 16.03
46 15116 16.26
47 18530 16.23
48 30961 16.13
49 14322 16.46
50 21699 16.29
51 31482 16.07
52 17803 16.30
53 21201 16.27
54 31523 16.09
55 16990 16.35
56 23840 16.14
57 31720 16.02
58 17779 16.33
59 22868 16.19
60 32093 16.13
61 15220 16.43
62 20508 16.39
63 31748 16.09
64 17078 16.32
65 20663 16.29
66 31710 16.06
67 16368 16.42
68 21810 16.25
69 31545 16.07
70 17839 16.30
71 22520 16.24
72 32153 16.13
73 15205 16.56
74 21502 16.36
75 31477 16.14
76 18149 16.37
77 24243 16.26
78 32553 16.09
79 17986 16.47
80 26386 16.18
81 33197 16.11
82 17697 16.42
83 22558 16.34
84 33698 16.11
85 18646 16.51
86 23996 16.34
87 33519 16.05
88 21572 16.20
89 25503 16.21
90 32781 16.11
91 16692 16.52
92 21900 16.35
93 32024 16.12
94 16306 16.54
95 20779 16.45
96 32151 16.21
97 17128 16.67
98 20439 16.51
99 31698 16.21
100 18367 16.49
101 22071 16.43
102 31727 16.22
103 16551 16.61
104 23514 16.28
105 32895 16.16
106 16369 16.47
107 22074 16.41
108 33950 16.12
109 16944 16.45
110 24351 16.25
111 33969 16.11
112 18602 16.25
113 22033 16.25
114 34041 16.06
115 15401 16.34
116 21577 16.25
117 34009 16.02
118 17065 16.39
119 21611 16.34
120 34048 16.24
121 14473 16.62
122 19395 16.47
123 33797 16.19
124 16414 16.44
125 19759 16.36
126 33823 16.15
127 12647 16.46
128 21971 16.52
129 34174 16.57
130 13941 16.84
131 18013 16.75
132 34129 16.46
133 13776 16.79
134 18446 16.71
135 34045 16.44
136 16868 16.58
137 20562 16.54
138 33824 16.29
139 14682 16.68
140 19371 16.63
141 33171 16.31
142 12418 16.58
143 18537 16.56
144 33276 16.35
145 11961 16.70
146 17311 16.56
147 33423 16.30
148 17335 16.58
149 21633 16.52
150 33357 16.28
151 14226 16.57
152 21442 16.35
153 33867 16.19
154 16191 16.45
155 20238 16.42
156 34106 16.19
157 16030 16.63
158 22668 16.46
159 34128 16.25
160 18143 16.48
161 21853 16.41
162 34063 16.20
163 15713 16.50
164 20971 16.40
165 33919 16.21
166 15997 16.50
167 20854 16.41
168 34865 16.23
169 15475 16.58
170 20829 16.55
171 34304 16.28
172 16626 16.52
173 19984 16.49
174 33933 16.26
175 14086 16.57
176 22798 16.33
177 33863 16.17
178 18813 16.42
179 22232 16.39
180 34451 16.19
181 16600 16.52
182 22018 16.41
183 34255 16.15
184 19434 16.33
185 22854 16.29
186 34387 16.17
187 18886 16.51
188 25193 16.32
189 34116 16.13
190 16403 16.44
191 21963 16.41
192 35078 16.19
193 18376 16.54
194 22911 16.44
195 34846 16.12
196 19889 16.40
197 25306 16.33
198 34385 16.22
199 18416 16.58
200 26544 16.32
201 34744 16.21
202 18248 16.47
203 23811 16.45
204 35411 16.22
205 17471 16.56
206 24610 16.38
207 35238 16.14
208 21997 16.37
209 27187 16.31
210 35440 16.16
211 19108 16.54
212 24680 16.34
213 35482 16.13
214 20247 16.44
215 25600 16.30
216 36761 16.15
217 20399 16.51
218 27756 16.30
219 37053 16.13
220 21984 16.43
221 26937 16.27
222 37018 16.09
223 20687 16.50
224 29695 16.12
225 36835 16.02
226 21993 16.36
227 27597 16.24
228 38541 16.15
229 19267 16.53
230 26677 16.32
231 38189 16.09
232 21567 16.25
233 26772 16.17
234 38048 16.01
235 17601 16.43
236 26769 16.19
237 38313 16.02
238 22016 16.26
239 27490 16.15
240 38955 16.02
241 18864 16.42
242 25143 16.27
243 39084 15.97
244 20026 16.27
245 26230 16.23
246 39195 15.96
247 20293 16.27
248 28603 16.13
249 39405 16.07
250 20307 16.39
251 25026 16.31
252 40044 15.99
253 19469 16.34
254 25298 16.29
255 39743 16.01
256 24506 16.34
257 28056 16.30
258 39691 16.29
259 17396 16.59
260 24710 16.39
261 40070 16.23
262 19467 16.51
263 26249 16.43
264 41337 16.17
265 19442 16.49
266 26071 16.31
267 41119 16.06
268 18463 16.32
269 24580 16.25
270 40702 15.99
271 19223 16.25
272 28223 16.12
273 40746 16.02
274 19736 16.28
275 24877 16.20
276 41555 16.14
277 18262 16.41
278 26450 16.37
279 41218 16.08
280 22598 16.26
281 26930 16.24
282 41073 16.03
283 18780 16.32
284 26947 16.19
285 40490 16.00
286 25010 16.32
287 30195 16.25
288 41033 16.13
289 19995 16.43
290 26390 16.37
291 40141 16.05
292 19674 16.37
293 25721 16.32
294 39606 16.03
295 20235 16.37
296 27951 16.27
297 39569 16.10
298 20076 16.36
299 27076 16.31
300 39674 16.02
301 20793 16.40
302 26699 16.28
303 38976 16.00
304 24695 16.11
305 28261 16.07
306 38470 15.99
307 17721 16.30
308 25674 16.25
309 37835 15.95
310 19541 16.21
311 25411 16.16
312 38330 16.13
313 19217 16.46
314 23467 16.38
315 37910 16.04
316 21410 16.31
317 26044 16.26
318 37609 16.07
319 19579 16.42
320 26140 16.22
321 38041 16.02
322 19525 16.34
323 24812 16.26
324 37702 16.05
325 17859 16.32
326 28353 16.22
327 37534 16.11
328 21347 16.34
329 25782 16.25
330 37377 16.06
331 17011 16.37
332 25085 16.28
333 37163 16.09
334 18979 16.28
335 24106 16.23
336 38757 16.17
337 18309 16.56
338 24465 16.42
339 38490 16.13
340 18745 16.32
341 24201 16.29
342 38346 16.05
343 18812 16.34
344 26175 16.13
345 38235 15.95
346 19841 16.18
347 25092 16.13
348 38509 15.94
349 19710 16.29
350 24272 16.22
351 38104 15.89
352 21362 16.09
353 25264 16.05
354 38189 15.93
355 18324 16.28
356 27010 16.14
357 37865 16.00
358 18591 16.23
359 25047 16.23
360 39063 16.08
361 16794 16.35
362 22564 16.25
363 39013 16.02
364 21912 16.23
365 26058 16.20
366 39149 16.01
367 17978 16.38
368 25375 16.18
369 38904 15.93
370 17743 16.23
371 24771 16.18
372 39283 15.93
373 18187 16.26
374 24093 16.15
375 38966 15.90
376 23033 16.22
377 27910 16.14
378 38706 16.01
379 19806 16.41
380 24994 16.24
381 38341 15.99
382 19744 16.28
383 23974 16.27
384 39646 16.07
385 15354 16.22
386 24020 16.10
387 39130 16.10
388 20251 16.34
389 25643 16.29
390 38834 16.05
391 18799 16.43
392 26536 16.23
393 39229 15.99
394 20692 16.28
395 25456 16.22
396 39415 16.01
397 16863 16.29
398 23426 16.25
399 38762 15.94
400 20813 16.15
401 26385 16.13
402 38389 16.03
403 20156 16.29
404 27025 16.19
405 38166 16.06
406 18985 16.33
407 23043 16.31
408 38678 16.11
409 17319 16.47
410 24086 16.35
411 38095 16.07
412 19589 16.30
413 23796 16.25
414 38542 16.04
415 15897 16.37
416 23529 16.21
417 38180 16.04
418 16780 16.31
419 21940 16.24
420 38301 15.97
421 16588 16.30
422 22142 16.27
423 38336 16.01
424 20165 16.27
425 25557 16.24
426 38193 16.08
427 17544 16.42
428 24837 16.31
429 37781 16.07
430 17910 16.32
431 24575 16.31
432 38466 16.09
433 15956 16.45
434 23591 16.29
435 38189 16.08
436 17104 16.30
437 20988 16.29
438 37775 16.03
439 14955 16.35
440 23474 16.18
441 37370 16.03
442 17628 16.34
443 22046 16.33
444 37555 16.18
445 14864 16.49
446 19248 16.36
447 37367 16.06
448 18834 16.34
449 22654 16.31
450 37107 16.10
451 17464 16.44
452 22895 16.33
453 37061 16.01
454 20178 16.29
455 23911 16.26
456 37291 16.08
457 14062 16.40
458 18682 16.34
459 37132 16.05
460 17119 16.42
461 21804 16.37
462 37210 16.08
463 16058 16.46
464 23525 16.29
465 37541 16.09
466 16935 16.41
467 20846 16.36
468 37913 16.03
469 14129 16.31
470 18604 16.27
471 37526 16.03
472 20074 16.16
473 23089 16.12
474 37742 15.94
475 16436 16.38
476 20542 16.30
477 37565 15.96
478 17432 16.32
479 22110 16.29
480 38143 16.02
481 15860 16.41
482 20553 16.37
483 37989 16.05
484 19605 16.31
485 23531 16.28
486 37745 16.03
487 14118 16.34
488 23147 16.20
489 37633 16.04
490 14891 16.37
491 18375 16.33
492 37950 15.98
493 14570 16.41
494 22547 16.26
495 38094 16.05
496 17301 16.28
497 22831 16.33
498 38265 16.01
499 18133 16.41
500 23238 16.35
501 37851 16.06
502 17624 16.41
503 20826 16.34
504 39012 16.14
505 15083 16.50
506 19058 16.49
507 37838 16.20
508 15713 16.50
509 19077 16.49
510 37022 16.19
511 16843 16.63
512 23603 16.67
513 36529 16.63
514 14749 16.97
515 19804 16.95
516 36929 16.50
517 14438 16.88
518 19204 16.78
519 37318 16.43
520 18930 16.56
521 22027 16.55
522 37560 16.32
523 15227 16.78
524 20494 16.69
525 37587 16.30
526 13127 16.62
527 19724 16.63
528 38085 16.29
529 16470 16.78
530 19962 16.74
531 37603 16.26
532 18896 16.50
533 23171 16.48
534 37646 16.23
535 15837 16.60
536 24298 16.42
537 37539 16.24
538 17561 16.61
539 21886 16.57
540 37495 16.17
541 15691 16.61
542 23101 16.40
543 37435 16.21
544 18819 16.47
545 20926 16.50
546 37524 16.15
547 15570 16.56
548 21626 16.49
549 37939 16.14
550 16159 16.50
551 22299 16.46
552 39252 16.18
553 16364 16.57
554 21306 16.54
555 38980 16.19
556 15410 16.44
557 20726 16.48
558 38678 16.17
559 16664 16.56
560 23930 16.38
561 37786 16.16
562 17918 16.44
563 21524 16.39
564 38564 16.12
565 12274 16.44
566 18542 16.37
567 38355 16.09
568 19513 16.30
569 22858 16.28
570 37967 16.07
571 13952 16.42
572 22493 16.30
573 37450 16.06
574 14946 16.39
575 19016 16.37
576 38279 16.06
577 15029 16.42
578 19385 16.35
579 38073 15.99
580 15845 16.31
581 19807 16.26
582 38187 16.04
583 12639 16.35
584 19378 16.25
585 37941 16.01
586 15058 16.33
587 18432 16.30
588 38215 15.98
589 14362 16.35
590 19136 16.28
591 37852 16.00
592 18206 16.20
593 21165 16.17
594 38544 16.04
595 12430 16.37
596 18079 16.32
597 38669 16.05
598 16417 16.35
599 21324 16.34
600 39366 15.92
601 14969 16.31
602 20446 16.21
603 39083 15.94
604 16889 16.25
605 20664 16.25
606 39358 15.92
607 15882 16.31
608 23001 16.17
609 39440 15.96
610 15735 16.25
611 21896 16.19
612 40622 16.03
613 13951 16.35
614 20269 16.34
615 40603 16.03
616 19775 16.24
617 23813 16.22
618 40890 15.96
619 16765 16.25
620 24405 16.17
621 40898 15.95
622 20984 16.24
623 24266 16.21
624 41934 16.00
625 16116 16.36
626 21690 16.30
627 41766 16.01
628 20350 16.27
629 26255 16.28
630 41592 15.99
631 18630 16.28
632 26303 16.15
633 41979 15.96
634 17838 16.25
635 24781 16.24
636 42696 15.94
637 19576 16.29
638 24946 16.18
639 42417 15.89
640 25086 16.32
641 28953 16.36
642 42456 16.32
643 18045 16.64
644 24895 16.51
645 42601 16.28
646 19150 16.57
647 22809 16.49
648 43125 16.28
649 17098 16.60
650 26443 16.37
651 42400 16.14
652 19096 16.42
653 24639 16.37
654 42348 16.14
655 18431 16.46
656 26892 16.26
657 42508 16.14
658 17711 16.44
659 24571 16.34
660 42966 16.11
661 18626 16.50
662 23861 16.40
663 42328 16.06
664 21829 16.33
665 25089 16.31
666 42022 16.06
667 15942 16.41
668 25219 16.30
669 41825 16.05
670 21927 16.26
671 24831 16.24
672 42364 16.05
673 15454 16.40
674 21329 16.30
675 42182 16.06
676 19726 16.28
677 23620 16.23
678 42212 16.01
679 16792 16.31
680 26612 16.22
681 42124 16.00
682 16847 16.30
683 22555 16.23
684 42751 16.03
685 19052 16.37
686 23917 16.30
687 42184 16.01
688 21619 16.22
689 25894 16.18
690 42480 15.98
691 18424 16.46
692 24429 16.35
693 41979 16.01
694 19674 16.35
695 24268 16.33
696 42159 16.06
697 14503 16.37
698 19582 16.30
699 41605 16.06
700 20251 16.22
701 23460 16.18
702 41343 15.94
703 17782 16.39
704 23723 16.25
705 40810 16.02
706 15910 16.31
707 20525 16.20
708 41208 16.01
709 16626 16.31
710 23947 16.15
711 41008 16.01
712 17767 16.22
713 22938 16.19
714 40966 16.02
715 16400 16.25
716 22825 16.16
717 41263 15.99
718 15968 16.29
719 20768 16.22
720 42188 16.15
721 15935 16.45
722 22214 16.34
723 42086 16.10
724 18939 16.32
725 23192 16.26
726 42122 16.04
727 16768 16.37
728 25002 16.19
729 42197 16.04
730 18236 16.28
731 23099 16.29
732 42284 16.03
733 16059 16.33
734 21820 16.29
735 42179 16.02
736 21416 16.24
737 25531 16.20
738 42204 16.06
739 17793 16.34
740 23867 16.19
741 42155 16.06
742 17602 16.36
743 21426 16.27
744 42598 16.06
745 15502 16.33
746 21345 16.27
747 42222 16.03
748 19987 16.30
749 24386 16.33
750 41915 16.05
751 15711 16.33
752 24099 16.17
753 42298 15.97
754 19286 16.28
755 24146 16.24
756 42799 16.01
757 18105 16.29
758 25237 16.26
759 42309 16.02
760 22823 16.25
761 27957 16.17
762 42065 16.02
763 17945 16.34
764 23532 16.23
765 42147 16.02
766 15756 16.34
767 21005 16.28
768 42871 16.05
769 15569 16.22
770 22172 16.13
771 42441 16.09
772 18668 16.39
773 22689 16.32
774 42548 16.07
775 16842 16.40
776 24079 16.23
777 42533 16.04
778 20142 16.31
779 26015 16.35
780 42283 16.08
781 18320 16.50
782 22554 16.42
783 41997 16.09
784 22825 16.29
785 25681 16.23
786 41538 16.04
787 18800 16.36
788 26337 16.20
789 41750 16.06
790 17431 16.35
791 23635 16.30
792 42614 16.11
793 16297 16.39
794 22983 16.34
795 42577 16.07
796 19384 16.30
797 26230 16.27
798 42730 16.02
799 17424 16.28
800 23638 16.14
801 42657 15.98
802 20988 16.27
803 24422 16.23
804 42640 16.01
805 18086 16.42
806 23836 16.26
807 41865 15.98
808 20832 16.24
809 25852 16.18
810 41178 16.03
811 18258 16.33
812 24113 16.23
813 41469 15.97
814 17910 16.25
815 23606 16.18
816 42276 15.99
817 16348 16.33
818 24954 16.20
819 41884 15.93
820 19784 16.21
821 24076 16.17
822 41737 15.96
823 17782 16.28
824 28346 16.11
825 41283 15.94
826 21315 16.25
827 25224 16.19
828 42111 16.05
829 18050 16.44
830 24714 16.33
831 41054 16.03
832 21561 16.18
833 26017 16.14
834 40911 15.99
835 18280 16.36
836 24324 16.21
837 40769 15.98
838 22182 16.22
839 26349 16.16
840 40858 15.88
841 18103 16.27
842 23354 16.20
843 40319 15.90
844 20196 16.18
845 26040 16.14
846 39358 15.91
847 15971 16.28
848 24842 16.11
849 39884 16.01
850 20038 16.39
851 23705 16.33
852 40310 16.03
853 18301 16.38
854 24155 16.26
855 40071 15.99
856 23208 16.17
857 25967 16.15
858 39938 16.02
859 18241 16.45
860 23284 16.27
861 40086 16.00
862 18372 16.29
863 23172 16.20
864 41919 16.05
865 17834 16.35
866 24862 16.33
867 41122 16.02
868 22039 16.24
869 26597 16.17
870 41523 16.00
871 19009 16.32
872 26440 16.19
873 40001 16.02
874 19966 16.35
875 25363 16.27
876 41402 16.04
877 16333 16.38
878 26225 16.25
879 41771 16.11
880 21820 16.30
881 27211 16.30
882 41942 16.02
883 21376 16.45
884 30027 16.18
885 42553 15.97
886 21708 16.26
887 27963 16.18
888 44106 16.04
889 23115 16.45
890 29172 16.33
891 43597 16.00
892 20946 16.31
893 30035 16.24
894 43800 16.02
895 23665 16.34
896 33367 16.29
897 42826 16.33
898 23799 16.64
899 29995 16.53
